<?xml version="1.0" encoding="UTF-8"?>
<coverage generated="1781110123469" clover="3.2.0">
  <project timestamp="1781110123470" name="All files">
    <metrics statements="650" coveredstatements="616" conditionals="403" coveredconditionals="282" methods="134" coveredmethods="112" elements="1187" coveredelements="1010" complexity="0" loc="650" ncloc="650" packages="2" files="11" classes="11"/>
    <package name="Carbon Footprint Awareness">
      <metrics statements="32" coveredstatements="30" conditionals="18" coveredconditionals="14" methods="3" coveredmethods="3"/>
      <file name="server.js" path="C:\Users\mohds\Desktop\Carbon Footprint Awareness\server.js">
        <metrics statements="32" coveredstatements="30" conditionals="18" coveredconditionals="14" methods="3" coveredmethods="3"/>
        <line num="1" count="1" type="stmt"/>
        <line num="2" count="1" type="stmt"/>
        <line num="3" count="1" type="stmt"/>
        <line num="4" count="1" type="stmt"/>
        <line num="5" count="1" type="stmt"/>
        <line num="6" count="1" type="stmt"/>
        <line num="8" count="1" type="stmt"/>
        <line num="11" count="1" type="stmt"/>
        <line num="16" count="1" type="stmt"/>
        <line num="21" count="1" type="stmt"/>
        <line num="25" count="1" type="stmt"/>
        <line num="26" count="1" type="stmt"/>
        <line num="27" count="1" type="stmt"/>
        <line num="30" count="1" type="stmt"/>
        <line num="31" count="1" type="stmt"/>
        <line num="33" count="1" type="stmt"/>
        <line num="34" count="1" type="stmt"/>
        <line num="38" count="1" type="cond" truecount="1" falsecount="1"/>
        <line num="40" count="1" type="stmt"/>
        <line num="41" count="1" type="stmt"/>
        <line num="42" count="1" type="stmt"/>
        <line num="45" count="1" type="stmt"/>
        <line num="46" count="1" type="cond" truecount="1" falsecount="1"/>
        <line num="47" count="1" type="cond" truecount="9" falsecount="1"/>
        <line num="49" count="1" type="stmt"/>
        <line num="51" count="1" type="stmt"/>
        <line num="56" count="0" type="stmt"/>
        <line num="58" count="1" type="stmt"/>
        <line num="62" count="1" type="cond" truecount="2" falsecount="0"/>
        <line num="63" count="1" type="cond" truecount="1" falsecount="1"/>
        <line num="64" count="0" type="stmt"/>
        <line num="66" count="1" type="stmt"/>
      </file>
    </package>
    <package name="Carbon Footprint Awareness.js">
      <metrics statements="618" coveredstatements="586" conditionals="385" coveredconditionals="268" methods="131" coveredmethods="109"/>
      <file name="actions.js" path="C:\Users\mohds\Desktop\Carbon Footprint Awareness\js\actions.js">
        <metrics statements="46" coveredstatements="46" conditionals="38" coveredconditionals="29" methods="8" coveredmethods="8"/>
        <line num="12" count="1" type="stmt"/>
        <line num="31" count="4" type="stmt"/>
        <line num="32" count="4" type="cond" truecount="1" falsecount="1"/>
        <line num="34" count="4" type="stmt"/>
        <line num="36" count="4" type="cond" truecount="2" falsecount="0"/>
        <line num="38" count="12" type="stmt"/>
        <line num="40" count="4" type="stmt"/>
        <line num="42" count="4" type="stmt"/>
        <line num="43" count="39" type="stmt"/>
        <line num="44" count="39" type="cond" truecount="2" falsecount="0"/>
        <line num="46" count="39" type="stmt"/>
        <line num="47" count="39" type="cond" truecount="2" falsecount="0"/>
        <line num="48" count="39" type="stmt"/>
        <line num="49" count="39" type="stmt"/>
        <line num="67" count="39" type="stmt"/>
        <line num="68" count="39" type="stmt"/>
        <line num="72" count="4" type="stmt"/>
        <line num="73" count="4" type="stmt"/>
        <line num="74" count="48" type="cond" truecount="2" falsecount="0"/>
        <line num="77" count="4" type="stmt"/>
        <line num="78" count="4" type="cond" truecount="1" falsecount="1"/>
        <line num="81" count="1" type="stmt"/>
        <line num="83" count="1" type="stmt"/>
        <line num="84" count="2" type="stmt"/>
        <line num="85" count="2" type="stmt"/>
        <line num="87" count="1" type="stmt"/>
        <line num="88" count="1" type="stmt"/>
        <line num="90" count="1" type="stmt"/>
        <line num="93" count="1" type="stmt"/>
        <line num="94" count="2" type="stmt"/>
        <line num="95" count="2" type="cond" truecount="1" falsecount="1"/>
        <line num="97" count="2" type="stmt"/>
        <line num="98" count="2" type="stmt"/>
        <line num="100" count="2" type="cond" truecount="2" falsecount="0"/>
        <line num="101" count="1" type="stmt"/>
        <line num="102" count="1" type="cond" truecount="1" falsecount="1"/>
        <line num="104" count="1" type="stmt"/>
        <line num="107" count="2" type="cond" truecount="1" falsecount="1"/>
        <line num="108" count="2" type="cond" truecount="1" falsecount="1"/>
        <line num="111" count="2" type="stmt"/>
        <line num="112" count="2" type="stmt"/>
        <line num="113" count="2" type="cond" truecount="4" falsecount="1"/>
        <line num="114" count="2" type="stmt"/>
        <line num="116" count="2" type="stmt"/>
        <line num="119" count="1" type="cond" truecount="3" falsecount="1"/>
        <line num="120" count="1" type="stmt"/>
      </file>
      <file name="analytics.js" path="C:\Users\mohds\Desktop\Carbon Footprint Awareness\js\analytics.js">
        <metrics statements="4" coveredstatements="4" conditionals="2" coveredconditionals="2" methods="1" coveredmethods="1"/>
        <line num="3" count="1" type="cond" truecount="2" falsecount="0"/>
        <line num="4" count="2" type="stmt"/>
        <line num="5" count="1" type="stmt"/>
        <line num="6" count="1" type="stmt"/>
      </file>
      <file name="app.js" path="C:\Users\mohds\Desktop\Carbon Footprint Awareness\js\app.js">
        <metrics statements="129" coveredstatements="124" conditionals="61" coveredconditionals="33" methods="27" coveredmethods="22"/>
        <line num="9" count="1" type="stmt"/>
        <line num="10" count="2" type="cond" truecount="1" falsecount="1"/>
        <line num="12" count="2" type="stmt"/>
        <line num="13" count="2" type="stmt"/>
        <line num="15" count="2" type="cond" truecount="2" falsecount="0"/>
        <line num="16" count="1" type="stmt"/>
        <line num="19" count="2" type="stmt"/>
        <line num="22" count="2" type="stmt"/>
        <line num="23" count="2" type="stmt"/>
        <line num="25" count="11" type="stmt"/>
        <line num="26" count="0" type="cond" truecount="0" falsecount="2"/>
        <line num="27" count="0" type="stmt"/>
        <line num="32" count="2" type="stmt"/>
        <line num="33" count="2" type="cond" truecount="2" falsecount="0"/>
        <line num="34" count="1" type="stmt"/>
        <line num="35" count="1" type="cond" truecount="1" falsecount="1"/>
        <line num="38" count="2" type="stmt"/>
        <line num="45" count="1" type="stmt"/>
        <line num="46" count="1" type="stmt"/>
        <line num="47" count="1" type="stmt"/>
        <line num="52" count="1" type="stmt"/>
        <line num="55" count="1" type="stmt"/>
        <line num="59" count="1" type="stmt"/>
        <line num="60" count="1" type="stmt"/>
        <line num="61" count="1" type="stmt"/>
        <line num="62" count="1" type="stmt"/>
        <line num="65" count="1" type="stmt"/>
        <line num="66" count="1" type="stmt"/>
        <line num="67" count="1" type="stmt"/>
        <line num="68" count="1" type="stmt"/>
        <line num="74" count="1" type="stmt"/>
        <line num="75" count="2" type="stmt"/>
        <line num="76" count="2" type="stmt"/>
        <line num="80" count="3" type="stmt"/>
        <line num="81" count="1" type="stmt"/>
        <line num="82" count="1" type="cond" truecount="1" falsecount="1"/>
        <line num="85" count="1" type="stmt"/>
        <line num="86" count="1" type="cond" truecount="1" falsecount="1"/>
        <line num="87" count="1" type="stmt"/>
        <line num="88" count="1" type="stmt"/>
        <line num="91" count="1" type="stmt"/>
        <line num="92" count="1" type="stmt"/>
        <line num="95" count="1" type="cond" truecount="1" falsecount="3"/>
        <line num="96" count="1" type="cond" truecount="1" falsecount="3"/>
        <line num="97" count="1" type="cond" truecount="1" falsecount="3"/>
        <line num="100" count="1" type="stmt"/>
        <line num="101" count="1" type="stmt"/>
        <line num="106" count="1" type="stmt"/>
        <line num="107" count="3" type="stmt"/>
        <line num="108" count="1" type="stmt"/>
        <line num="109" count="1" type="stmt"/>
        <line num="110" count="1" type="stmt"/>
        <line num="115" count="1" type="stmt"/>
        <line num="116" count="1" type="cond" truecount="2" falsecount="2"/>
        <line num="117" count="0" type="stmt"/>
        <line num="122" count="1" type="stmt"/>
        <line num="123" count="1" type="stmt"/>
        <line num="124" count="1" type="cond" truecount="1" falsecount="1"/>
        <line num="125" count="1" type="stmt"/>
        <line num="130" count="1" type="cond" truecount="0" falsecount="1"/>
        <line num="131" count="1" type="stmt"/>
        <line num="132" count="1" type="stmt"/>
        <line num="133" count="1" type="stmt"/>
        <line num="135" count="1" type="stmt"/>
        <line num="136" count="0" type="stmt"/>
        <line num="141" count="1" type="stmt"/>
        <line num="142" count="2" type="stmt"/>
        <line num="143" count="2" type="cond" truecount="2" falsecount="0"/>
        <line num="144" count="1" type="stmt"/>
        <line num="145" count="1" type="stmt"/>
        <line num="147" count="1" type="stmt"/>
        <line num="148" count="1" type="stmt"/>
        <line num="154" count="3" type="stmt"/>
        <line num="157" count="3" type="stmt"/>
        <line num="158" count="3" type="stmt"/>
        <line num="159" count="3" type="cond" truecount="1" falsecount="1"/>
        <line num="161" count="3" type="stmt"/>
        <line num="162" count="3" type="cond" truecount="1" falsecount="1"/>
        <line num="163" count="3" type="cond" truecount="1" falsecount="1"/>
        <line num="164" count="0" type="stmt"/>
        <line num="165" count="3" type="stmt"/>
        <line num="168" count="3" type="stmt"/>
        <line num="169" count="3" type="stmt"/>
        <line num="170" count="3" type="stmt"/>
        <line num="171" count="3" type="stmt"/>
        <line num="174" count="3" type="cond" truecount="1" falsecount="1"/>
        <line num="175" count="3" type="stmt"/>
        <line num="179" count="3" type="stmt"/>
        <line num="180" count="3" type="stmt"/>
        <line num="181" count="3" type="stmt"/>
        <line num="182" count="3" type="stmt"/>
        <line num="183" count="3" type="stmt"/>
        <line num="184" count="3" type="stmt"/>
        <line num="187" count="3" type="cond" truecount="4" falsecount="0"/>
        <line num="188" count="1" type="stmt"/>
        <line num="189" count="1" type="stmt"/>
        <line num="190" count="1" type="stmt"/>
        <line num="191" count="1" type="stmt"/>
        <line num="197" count="3" type="stmt"/>
        <line num="198" count="3" type="stmt"/>
        <line num="199" count="3" type="stmt"/>
        <line num="201" count="3" type="stmt"/>
        <line num="204" count="3" type="stmt"/>
        <line num="205" count="3" type="stmt"/>
        <line num="206" count="3" type="stmt"/>
        <line num="207" count="3" type="stmt"/>
        <line num="208" count="3" type="stmt"/>
        <line num="209" count="3" type="stmt"/>
        <line num="212" count="3" type="stmt"/>
        <line num="213" count="3" type="stmt"/>
        <line num="214" count="3" type="stmt"/>
        <line num="216" count="3" type="stmt"/>
        <line num="217" count="3" type="cond" truecount="3" falsecount="1"/>
        <line num="218" count="3" type="cond" truecount="1" falsecount="1"/>
        <line num="220" count="3" type="stmt"/>
        <line num="221" count="3" type="stmt"/>
        <line num="222" count="3" type="stmt"/>
        <line num="227" count="1" type="cond" truecount="1" falsecount="1"/>
        <line num="229" count="1" type="stmt"/>
        <line num="230" count="1" type="stmt"/>
        <line num="231" count="2" type="stmt"/>
        <line num="232" count="2" type="stmt"/>
        <line num="234" count="2" type="stmt"/>
        <line num="236" count="1" type="stmt"/>
        <line num="264" count="2" type="stmt"/>
        <line num="265" count="2" type="stmt"/>
        <line num="266" count="2" type="cond" truecount="1" falsecount="1"/>
        <line num="269" count="1" type="cond" truecount="3" falsecount="1"/>
        <line num="270" count="1" type="stmt"/>
      </file>
      <file name="assistant.js" path="C:\Users\mohds\Desktop\Carbon Footprint Awareness\js\assistant.js">
        <metrics statements="98" coveredstatements="90" conditionals="84" coveredconditionals="66" methods="15" coveredmethods="11"/>
        <line num="12" count="1" type="stmt"/>
        <line num="13" count="1" type="stmt"/>
        <line num="14" count="1" type="cond" truecount="1" falsecount="1"/>
        <line num="15" count="1" type="stmt"/>
        <line num="16" count="1" type="stmt"/>
        <line num="17" count="1" type="stmt"/>
        <line num="24" count="11" type="stmt"/>
        <line num="25" count="11" type="stmt"/>
        <line num="28" count="11" type="cond" truecount="5" falsecount="0"/>
        <line num="29" count="5" type="cond" truecount="2" falsecount="0"/>
        <line num="32" count="4" type="stmt"/>
        <line num="33" count="4" type="stmt"/>
        <line num="34" count="4" type="cond" truecount="2" falsecount="0"/>
        <line num="35" count="4" type="cond" truecount="2" falsecount="0"/>
        <line num="36" count="4" type="cond" truecount="2" falsecount="0"/>
        <line num="38" count="4" type="stmt"/>
        <line num="40" count="4" type="cond" truecount="2" falsecount="0"/>
        <line num="41" count="3" type="cond" truecount="2" falsecount="0"/>
        <line num="42" count="2" type="cond" truecount="2" falsecount="0"/>
        <line num="43" count="1" type="stmt"/>
        <line num="45" count="4" type="stmt"/>
        <line num="49" count="6" type="cond" truecount="8" falsecount="0"/>
        <line num="50" count="1" type="cond" truecount="3" falsecount="1"/>
        <line num="51" count="0" type="stmt"/>
        <line num="55" count="5" type="cond" truecount="6" falsecount="0"/>
        <line num="56" count="1" type="stmt"/>
        <line num="60" count="4" type="cond" truecount="7" falsecount="0"/>
        <line num="61" count="1" type="stmt"/>
        <line num="65" count="3" type="cond" truecount="3" falsecount="1"/>
        <line num="66" count="0" type="stmt"/>
        <line num="70" count="3" type="stmt"/>
        <line num="71" count="3" type="cond" truecount="3" falsecount="1"/>
        <line num="72" count="0" type="stmt"/>
        <line num="74" count="3" type="stmt"/>
        <line num="78" count="4" type="stmt"/>
        <line num="79" count="4" type="stmt"/>
        <line num="80" count="4" type="cond" truecount="1" falsecount="1"/>
        <line num="83" count="4" type="stmt"/>
        <line num="84" count="4" type="stmt"/>
        <line num="87" count="4" type="stmt"/>
        <line num="90" count="4" type="stmt"/>
        <line num="91" count="2" type="stmt"/>
        <line num="92" count="2" type="stmt"/>
        <line num="101" count="1" type="cond" truecount="1" falsecount="1"/>
        <line num="103" count="1" type="stmt"/>
        <line num="104" count="1" type="stmt"/>
        <line num="105" count="1" type="stmt"/>
        <line num="108" count="1" type="stmt"/>
        <line num="109" count="1" type="stmt"/>
        <line num="110" count="1" type="stmt"/>
        <line num="115" count="1" type="stmt"/>
        <line num="116" count="1" type="stmt"/>
        <line num="117" count="1" type="stmt"/>
        <line num="118" count="1" type="stmt"/>
        <line num="119" count="1" type="stmt"/>
        <line num="121" count="1" type="stmt"/>
        <line num="122" count="1" type="stmt"/>
        <line num="126" count="7" type="stmt"/>
        <line num="127" count="7" type="stmt"/>
        <line num="129" count="7" type="stmt"/>
        <line num="130" count="7" type="cond" truecount="2" falsecount="0"/>
        <line num="132" count="7" type="stmt"/>
        <line num="137" count="7" type="stmt"/>
        <line num="138" count="7" type="stmt"/>
        <line num="142" count="6" type="stmt"/>
        <line num="143" count="6" type="stmt"/>
        <line num="145" count="6" type="stmt"/>
        <line num="146" count="6" type="stmt"/>
        <line num="147" count="6" type="stmt"/>
        <line num="149" count="6" type="stmt"/>
        <line num="155" count="6" type="stmt"/>
        <line num="157" count="6" type="stmt"/>
        <line num="158" count="6" type="stmt"/>
        <line num="159" count="6" type="stmt"/>
        <line num="163" count="3" type="stmt"/>
        <line num="164" count="3" type="cond" truecount="1" falsecount="1"/>
        <line num="168" count="1" type="stmt"/>
        <line num="170" count="1" type="stmt"/>
        <line num="174" count="0" type="cond" truecount="0" falsecount="2"/>
        <line num="178" count="0" type="stmt"/>
        <line num="182" count="0" type="cond" truecount="0" falsecount="4"/>
        <line num="186" count="0" type="cond" truecount="0" falsecount="2"/>
        <line num="191" count="1" type="stmt"/>
        <line num="192" count="2" type="stmt"/>
        <line num="193" count="2" type="stmt"/>
        <line num="195" count="2" type="cond" truecount="2" falsecount="0"/>
        <line num="196" count="1" type="stmt"/>
        <line num="197" count="1" type="stmt"/>
        <line num="198" count="1" type="stmt"/>
        <line num="201" count="1" type="stmt"/>
        <line num="202" count="1" type="stmt"/>
        <line num="204" count="1" type="cond" truecount="1" falsecount="1"/>
        <line num="205" count="0" type="stmt"/>
        <line num="207" count="1" type="stmt"/>
        <line num="208" count="1" type="stmt"/>
        <line num="210" count="1" type="stmt"/>
        <line num="214" count="1" type="cond" truecount="3" falsecount="1"/>
        <line num="215" count="1" type="stmt"/>
      </file>
      <file name="calculator.js" path="C:\Users\mohds\Desktop\Carbon Footprint Awareness\js\calculator.js">
        <metrics statements="71" coveredstatements="70" conditionals="40" coveredconditionals="22" methods="12" coveredmethods="11"/>
        <line num="13" count="1" type="stmt"/>
        <line num="14" count="1" type="stmt"/>
        <line num="15" count="1" type="stmt"/>
        <line num="16" count="14" type="stmt"/>
        <line num="18" count="1" type="cond" truecount="1" falsecount="1"/>
        <line num="19" count="1" type="stmt"/>
        <line num="21" count="1" type="stmt"/>
        <line num="25" count="1" type="stmt"/>
        <line num="29" count="4" type="stmt"/>
        <line num="32" count="4" type="stmt"/>
        <line num="33" count="4" type="stmt"/>
        <line num="34" count="4" type="stmt"/>
        <line num="35" count="4" type="stmt"/>
        <line num="37" count="4" type="cond" truecount="1" falsecount="1"/>
        <line num="42" count="4" type="stmt"/>
        <line num="45" count="4" type="stmt"/>
        <line num="46" count="4" type="stmt"/>
        <line num="47" count="4" type="stmt"/>
        <line num="49" count="4" type="cond" truecount="1" falsecount="1"/>
        <line num="53" count="4" type="stmt"/>
        <line num="56" count="4" type="stmt"/>
        <line num="57" count="4" type="stmt"/>
        <line num="58" count="4" type="stmt"/>
        <line num="59" count="4" type="stmt"/>
        <line num="61" count="4" type="cond" truecount="1" falsecount="1"/>
        <line num="62" count="4" type="cond" truecount="3" falsecount="3"/>
        <line num="64" count="4" type="stmt"/>
        <line num="67" count="4" type="stmt"/>
        <line num="68" count="4" type="stmt"/>
        <line num="69" count="4" type="stmt"/>
        <line num="71" count="4" type="cond" truecount="1" falsecount="1"/>
        <line num="75" count="4" type="stmt"/>
        <line num="77" count="4" type="stmt"/>
        <line num="82" count="5" type="stmt"/>
        <line num="84" count="1" type="stmt"/>
        <line num="87" count="1" type="stmt"/>
        <line num="88" count="1" type="stmt"/>
        <line num="89" count="1" type="stmt"/>
        <line num="90" count="1" type="stmt"/>
        <line num="94" count="1" type="stmt"/>
        <line num="96" count="1" type="stmt"/>
        <line num="97" count="1" type="stmt"/>
        <line num="98" count="1" type="stmt"/>
        <line num="101" count="1" type="stmt"/>
        <line num="108" count="1" type="stmt"/>
        <line num="109" count="1" type="stmt"/>
        <line num="112" count="1" type="stmt"/>
        <line num="114" count="1" type="stmt"/>
        <line num="115" count="1" type="cond" truecount="1" falsecount="1"/>
        <line num="116" count="1" type="cond" truecount="1" falsecount="1"/>
        <line num="117" count="1" type="stmt"/>
        <line num="118" count="1" type="stmt"/>
        <line num="121" count="1" type="stmt"/>
        <line num="127" count="1" type="stmt"/>
        <line num="130" count="1" type="stmt"/>
        <line num="132" count="1" type="stmt"/>
        <line num="135" count="5" type="stmt"/>
        <line num="136" count="1" type="stmt"/>
        <line num="137" count="1" type="stmt"/>
        <line num="138" count="1" type="stmt"/>
        <line num="140" count="1" type="stmt"/>
        <line num="144" count="1" type="stmt"/>
        <line num="146" count="1" type="stmt"/>
        <line num="147" count="1" type="cond" truecount="1" falsecount="1"/>
        <line num="149" count="1" type="stmt"/>
        <line num="168" count="0" type="stmt"/>
        <line num="178" count="1" type="stmt"/>
        <line num="179" count="1" type="stmt"/>
        <line num="180" count="1" type="stmt"/>
        <line num="184" count="1" type="cond" truecount="3" falsecount="1"/>
        <line num="185" count="1" type="stmt"/>
      </file>
      <file name="data.js" path="C:\Users\mohds\Desktop\Carbon Footprint Awareness\js\data.js">
        <metrics statements="23" coveredstatements="23" conditionals="17" coveredconditionals="11" methods="4" coveredmethods="4"/>
        <line num="13" count="1" type="stmt"/>
        <line num="39" count="1" type="stmt"/>
        <line num="56" count="1" type="stmt"/>
        <line num="60" count="2" type="stmt"/>
        <line num="61" count="2" type="stmt"/>
        <line num="69" count="3" type="stmt"/>
        <line num="70" count="3" type="stmt"/>
        <line num="71" count="3" type="stmt"/>
        <line num="72" count="3" type="cond" truecount="2" falsecount="0"/>
        <line num="73" count="2" type="stmt"/>
        <line num="74" count="1" type="stmt"/>
        <line num="75" count="1" type="cond" truecount="1" falsecount="1"/>
        <line num="76" count="1" type="cond" truecount="1" falsecount="1"/>
        <line num="77" count="1" type="cond" truecount="1" falsecount="1"/>
        <line num="82" count="3" type="stmt"/>
        <line num="87" count="4" type="cond" truecount="1" falsecount="1"/>
        <line num="88" count="4" type="stmt"/>
        <line num="89" count="4" type="stmt"/>
        <line num="90" count="4" type="stmt"/>
        <line num="95" count="3" type="stmt"/>
        <line num="96" count="3" type="cond" truecount="1" falsecount="1"/>
        <line num="100" count="1" type="cond" truecount="3" falsecount="1"/>
        <line num="101" count="1" type="stmt"/>
      </file>
      <file name="events.js" path="C:\Users\mohds\Desktop\Carbon Footprint Awareness\js\events.js">
        <metrics statements="46" coveredstatements="46" conditionals="28" coveredconditionals="17" methods="16" coveredmethods="16"/>
        <line num="9" count="1" type="stmt"/>
        <line num="11" count="1" type="stmt"/>
        <line num="12" count="1" type="stmt"/>
        <line num="14" count="1" type="stmt"/>
        <line num="15" count="1" type="cond" truecount="1" falsecount="1"/>
        <line num="20" count="1" type="stmt"/>
        <line num="21" count="1" type="stmt"/>
        <line num="22" count="1" type="stmt"/>
        <line num="23" count="1" type="cond" truecount="1" falsecount="1"/>
        <line num="28" count="1" type="stmt"/>
        <line num="29" count="1" type="cond" truecount="1" falsecount="1"/>
        <line num="30" count="1" type="stmt"/>
        <line num="34" count="1" type="stmt"/>
        <line num="35" count="1" type="cond" truecount="1" falsecount="1"/>
        <line num="36" count="1" type="stmt"/>
        <line num="40" count="1" type="stmt"/>
        <line num="41" count="1" type="stmt"/>
        <line num="42" count="1" type="stmt"/>
        <line num="43" count="1" type="cond" truecount="1" falsecount="1"/>
        <line num="48" count="1" type="stmt"/>
        <line num="49" count="1" type="stmt"/>
        <line num="50" count="1" type="stmt"/>
        <line num="51" count="1" type="cond" truecount="1" falsecount="1"/>
        <line num="56" count="1" type="stmt"/>
        <line num="57" count="1" type="stmt"/>
        <line num="58" count="1" type="stmt"/>
        <line num="59" count="1" type="cond" truecount="1" falsecount="1"/>
        <line num="64" count="1" type="stmt"/>
        <line num="65" count="1" type="stmt"/>
        <line num="66" count="1" type="stmt"/>
        <line num="67" count="1" type="cond" truecount="1" falsecount="1"/>
        <line num="72" count="1" type="stmt"/>
        <line num="73" count="11" type="stmt"/>
        <line num="74" count="11" type="cond" truecount="2" falsecount="0"/>
        <line num="75" count="1" type="cond" truecount="1" falsecount="1"/>
        <line num="76" count="1" type="stmt"/>
        <line num="82" count="1" type="stmt"/>
        <line num="83" count="11" type="stmt"/>
        <line num="84" count="11" type="cond" truecount="2" falsecount="0"/>
        <line num="85" count="1" type="cond" truecount="1" falsecount="1"/>
        <line num="86" count="1" type="stmt"/>
        <line num="92" count="1" type="stmt"/>
        <line num="93" count="11" type="stmt"/>
        <line num="94" count="11" type="cond" truecount="2" falsecount="0"/>
        <line num="95" count="1" type="cond" truecount="1" falsecount="1"/>
        <line num="96" count="1" type="stmt"/>
      </file>
      <file name="firebase-init.js" path="C:\Users\mohds\Desktop\Carbon Footprint Awareness\js\firebase-init.js">
        <metrics statements="12" coveredstatements="5" conditionals="2" coveredconditionals="1" methods="8" coveredmethods="1"/>
        <line num="2" count="1" type="stmt"/>
        <line num="12" count="1" type="stmt"/>
        <line num="14" count="1" type="stmt"/>
        <line num="15" count="0" type="stmt"/>
        <line num="16" count="0" type="stmt"/>
        <line num="17" count="0" type="stmt"/>
        <line num="19" count="0" type="stmt"/>
        <line num="20" count="0" type="stmt"/>
        <line num="22" count="0" type="stmt"/>
        <line num="23" count="0" type="stmt"/>
        <line num="31" count="1" type="cond" truecount="1" falsecount="1"/>
        <line num="32" count="1" type="stmt"/>
      </file>
      <file name="insights.js" path="C:\Users\mohds\Desktop\Carbon Footprint Awareness\js\insights.js">
        <metrics statements="67" coveredstatements="64" conditionals="46" coveredconditionals="30" methods="10" coveredmethods="10"/>
        <line num="12" count="1" type="stmt"/>
        <line num="20" count="1" type="stmt"/>
        <line num="23" count="1" type="stmt"/>
        <line num="24" count="1" type="stmt"/>
        <line num="25" count="1" type="stmt"/>
        <line num="26" count="1" type="stmt"/>
        <line num="30" count="3" type="stmt"/>
        <line num="31" count="3" type="cond" truecount="4" falsecount="0"/>
        <line num="34" count="1" type="stmt"/>
        <line num="35" count="1" type="stmt"/>
        <line num="36" count="1" type="stmt"/>
        <line num="37" count="1" type="cond" truecount="2" falsecount="0"/>
        <line num="40" count="1" type="cond" truecount="1" falsecount="1"/>
        <line num="41" count="0" type="stmt"/>
        <line num="42" count="0" type="stmt"/>
        <line num="45" count="1" type="stmt"/>
        <line num="46" count="1" type="stmt"/>
        <line num="47" count="1" type="stmt"/>
        <line num="48" count="1" type="stmt"/>
        <line num="49" count="1" type="stmt"/>
        <line num="50" count="1" type="stmt"/>
        <line num="53" count="1" type="stmt"/>
        <line num="77" count="2" type="cond" truecount="1" falsecount="1"/>
        <line num="85" count="2" type="stmt"/>
        <line num="86" count="2" type="stmt"/>
        <line num="87" count="2" type="stmt"/>
        <line num="88" count="2" type="stmt"/>
        <line num="92" count="2" type="stmt"/>
        <line num="93" count="2" type="cond" truecount="1" falsecount="1"/>
        <line num="95" count="2" type="cond" truecount="1" falsecount="1"/>
        <line num="97" count="2" type="stmt"/>
        <line num="98" count="2" type="stmt"/>
        <line num="101" count="2" type="cond" truecount="1" falsecount="1"/>
        <line num="102" count="2" type="stmt"/>
        <line num="104" count="2" type="cond" truecount="1" falsecount="1"/>
        <line num="105" count="2" type="stmt"/>
        <line num="107" count="2" type="cond" truecount="1" falsecount="1"/>
        <line num="108" count="2" type="stmt"/>
        <line num="111" count="2" type="cond" truecount="1" falsecount="1"/>
        <line num="112" count="0" type="stmt"/>
        <line num="115" count="2" type="stmt"/>
        <line num="119" count="2" type="stmt"/>
        <line num="120" count="2" type="stmt"/>
        <line num="121" count="2" type="cond" truecount="3" falsecount="1"/>
        <line num="123" count="2" type="stmt"/>
        <line num="124" count="2" type="stmt"/>
        <line num="126" count="2" type="stmt"/>
        <line num="127" count="10" type="stmt"/>
        <line num="135" count="10" type="cond" truecount="2" falsecount="0"/>
        <line num="138" count="2" type="stmt"/>
        <line num="139" count="2" type="stmt"/>
        <line num="142" count="1" type="stmt"/>
        <line num="143" count="2" type="stmt"/>
        <line num="144" count="2" type="cond" truecount="1" falsecount="1"/>
        <line num="145" count="2" type="cond" truecount="1" falsecount="1"/>
        <line num="146" count="2" type="stmt"/>
        <line num="149" count="1" type="stmt"/>
        <line num="151" count="2" type="stmt"/>
        <line num="152" count="2" type="stmt"/>
        <line num="153" count="2" type="cond" truecount="1" falsecount="1"/>
        <line num="154" count="2" type="cond" truecount="1" falsecount="1"/>
        <line num="157" count="2" type="stmt"/>
        <line num="158" count="2" type="stmt"/>
        <line num="159" count="2" type="cond" truecount="1" falsecount="1"/>
        <line num="160" count="2" type="cond" truecount="1" falsecount="1"/>
        <line num="163" count="1" type="cond" truecount="3" falsecount="1"/>
        <line num="164" count="1" type="stmt"/>
      </file>
      <file name="tracker.js" path="C:\Users\mohds\Desktop\Carbon Footprint Awareness\js\tracker.js">
        <metrics statements="122" coveredstatements="114" conditionals="67" coveredconditionals="57" methods="30" coveredmethods="25"/>
        <line num="12" count="1" type="stmt"/>
        <line num="14" count="1" type="stmt"/>
        <line num="15" count="1" type="stmt"/>
        <line num="16" count="1" type="cond" truecount="1" falsecount="1"/>
        <line num="19" count="1" type="stmt"/>
        <line num="20" count="1" type="cond" truecount="1" falsecount="1"/>
        <line num="21" count="1" type="stmt"/>
        <line num="22" count="1" type="stmt"/>
        <line num="23" count="1" type="stmt"/>
        <line num="29" count="9" type="stmt"/>
        <line num="30" count="9" type="cond" truecount="2" falsecount="0"/>
        <line num="31" count="9" type="cond" truecount="2" falsecount="0"/>
        <line num="32" count="9" type="cond" truecount="2" falsecount="0"/>
        <line num="33" count="9" type="cond" truecount="2" falsecount="0"/>
        <line num="35" count="9" type="cond" truecount="2" falsecount="0"/>
        <line num="36" count="1" type="stmt"/>
        <line num="37" count="1" type="stmt"/>
        <line num="40" count="8" type="stmt"/>
        <line num="41" count="8" type="cond" truecount="4" falsecount="0"/>
        <line num="42" count="1" type="stmt"/>
        <line num="43" count="1" type="stmt"/>
        <line num="47" count="7" type="stmt"/>
        <line num="48" count="7" type="cond" truecount="2" falsecount="0"/>
        <line num="49" count="1" type="stmt"/>
        <line num="50" count="1" type="stmt"/>
        <line num="52" count="6" type="stmt"/>
        <line num="53" count="6" type="stmt"/>
        <line num="57" count="7" type="stmt"/>
        <line num="60" count="7" type="stmt"/>
        <line num="63" count="7" type="stmt"/>
        <line num="65" count="7" type="stmt"/>
        <line num="68" count="7" type="stmt"/>
        <line num="69" count="7" type="stmt"/>
        <line num="72" count="7" type="stmt"/>
        <line num="73" count="7" type="stmt"/>
        <line num="74" count="7" type="stmt"/>
        <line num="75" count="7" type="stmt"/>
        <line num="78" count="7" type="stmt"/>
        <line num="82" count="2" type="cond" truecount="2" falsecount="0"/>
        <line num="83" count="1" type="stmt"/>
        <line num="84" count="1" type="stmt"/>
        <line num="85" count="1" type="stmt"/>
        <line num="86" count="1" type="stmt"/>
        <line num="87" count="1" type="stmt"/>
        <line num="88" count="1" type="stmt"/>
        <line num="93" count="11" type="stmt"/>
        <line num="94" count="11" type="cond" truecount="2" falsecount="0"/>
        <line num="96" count="5" type="cond" truecount="2" falsecount="0"/>
        <line num="97" count="2" type="stmt"/>
        <line num="98" count="2" type="stmt"/>
        <line num="101" count="3" type="stmt"/>
        <line num="102" count="3" type="stmt"/>
        <line num="103" count="3" type="stmt"/>
        <line num="117" count="3" type="stmt"/>
        <line num="120" count="1" type="stmt"/>
        <line num="122" count="10" type="stmt"/>
        <line num="123" count="10" type="stmt"/>
        <line num="124" count="10" type="cond" truecount="3" falsecount="1"/>
        <line num="126" count="10" type="cond" truecount="2" falsecount="0"/>
        <line num="127" count="2" type="cond" truecount="1" falsecount="1"/>
        <line num="128" count="2" type="stmt"/>
        <line num="130" count="0" type="stmt"/>
        <line num="132" count="2" type="stmt"/>
        <line num="133" count="2" type="stmt"/>
        <line num="136" count="8" type="cond" truecount="1" falsecount="1"/>
        <line num="137" count="8" type="stmt"/>
        <line num="139" count="0" type="stmt"/>
        <line num="141" count="8" type="stmt"/>
        <line num="144" count="8" type="stmt"/>
        <line num="146" count="8" type="stmt"/>
        <line num="147" count="8" type="stmt"/>
        <line num="148" count="8" type="stmt"/>
        <line num="151" count="8" type="cond" truecount="2" falsecount="0"/>
        <line num="153" count="8" type="stmt"/>
        <line num="158" count="8" type="stmt"/>
        <line num="159" count="8" type="stmt"/>
        <line num="160" count="8" type="stmt"/>
        <line num="173" count="0" type="stmt"/>
        <line num="175" count="0" type="stmt"/>
        <line num="176" count="0" type="stmt"/>
        <line num="177" count="0" type="stmt"/>
        <line num="187" count="9" type="stmt"/>
        <line num="188" count="9" type="stmt"/>
        <line num="190" count="9" type="stmt"/>
        <line num="191" count="9" type="stmt"/>
        <line num="193" count="9" type="stmt"/>
        <line num="194" count="9" type="stmt"/>
        <line num="196" count="9" type="cond" truecount="2" falsecount="0"/>
        <line num="197" count="9" type="cond" truecount="2" falsecount="0"/>
        <line num="199" count="9" type="cond" truecount="2" falsecount="0"/>
        <line num="200" count="7" type="stmt"/>
        <line num="201" count="2" type="cond" truecount="2" falsecount="0"/>
        <line num="203" count="1" type="cond" truecount="4" falsecount="1"/>
        <line num="205" count="1" type="stmt"/>
        <line num="206" count="0" type="cond" truecount="0" falsecount="2"/>
        <line num="210" count="0" type="stmt"/>
        <line num="213" count="9" type="stmt"/>
        <line num="215" count="9" type="stmt"/>
        <line num="216" count="9" type="stmt"/>
        <line num="219" count="1" type="stmt"/>
        <line num="220" count="1" type="stmt"/>
        <line num="221" count="7" type="stmt"/>
        <line num="222" count="7" type="stmt"/>
        <line num="223" count="7" type="stmt"/>
        <line num="224" count="7" type="stmt"/>
        <line num="225" count="7" type="stmt"/>
        <line num="229" count="7" type="stmt"/>
        <line num="230" count="42" type="cond" truecount="4" falsecount="0"/>
        <line num="231" count="1" type="stmt"/>
        <line num="232" count="1" type="stmt"/>
        <line num="235" count="7" type="stmt"/>
        <line num="239" count="7" type="stmt"/>
        <line num="240" count="7" type="cond" truecount="1" falsecount="1"/>
        <line num="242" count="7" type="stmt"/>
        <line num="243" count="7" type="stmt"/>
        <line num="244" count="42" type="stmt"/>
        <line num="245" count="42" type="stmt"/>
        <line num="252" count="7" type="stmt"/>
        <line num="256" count="1" type="stmt"/>
        <line num="257" count="1" type="stmt"/>
        <line num="261" count="1" type="cond" truecount="3" falsecount="1"/>
        <line num="262" count="1" type="stmt"/>
      </file>
    </package>
  </project>
</coverage>
