{"C:\\Users\\mohds\\Desktop\\Carbon Footprint Awareness\\server.js": {"path":"C:\\Users\\mohds\\Desktop\\Carbon Footprint Awareness\\server.js","statementMap":{"0":{"start":{"line":1,"column":0},"end":{"line":1,"column":27}},"1":{"start":{"line":2,"column":16},"end":{"line":2,"column":34}},"2":{"start":{"line":3,"column":24},"end":{"line":3,"column":48}},"3":{"start":{"line":4,"column":13},"end":{"line":4,"column":28}},"4":{"start":{"line":5,"column":15},"end":{"line":5,"column":32}},"5":{"start":{"line":6,"column":18},"end":{"line":6,"column":47}},"6":{"start":{"line":8,"column":12},"end":{"line":8,"column":21}},"7":{"start":{"line":11,"column":0},"end":{"line":13,"column":4}},"8":{"start":{"line":16,"column":19},"end":{"line":20,"column":2}},"9":{"start":{"line":21,"column":0},"end":{"line":21,"column":29}},"10":{"start":{"line":25,"column":0},"end":{"line":25,"column":59}},"11":{"start":{"line":26,"column":0},"end":{"line":26,"column":61}},"12":{"start":{"line":27,"column":0},"end":{"line":27,"column":41}},"13":{"start":{"line":30,"column":0},"end":{"line":32,"column":3}},"14":{"start":{"line":31,"column":2},"end":{"line":31,"column":51}},"15":{"start":{"line":33,"column":0},"end":{"line":35,"column":3}},"16":{"start":{"line":34,"column":2},"end":{"line":34,"column":52}},"17":{"start":{"line":38,"column":11},"end":{"line":38,"column":110}},"18":{"start":{"line":40,"column":0},"end":{"line":60,"column":3}},"19":{"start":{"line":41,"column":2},"end":{"line":59,"column":3}},"20":{"start":{"line":42,"column":33},"end":{"line":42,"column":41}},"21":{"start":{"line":45,"column":17},"end":{"line":45,"column":149}},"22":{"start":{"line":46,"column":4},"end":{"line":48,"column":5}},"23":{"start":{"line":47,"column":6},"end":{"line":47,"column":217}},"24":{"start":{"line":49,"column":4},"end":{"line":49,"column":39}},"25":{"start":{"line":51,"column":21},"end":{"line":54,"column":6}},"26":{"start":{"line":56,"column":4},"end":{"line":56,"column":39}},"27":{"start":{"line":58,"column":4},"end":{"line":58,"column":67}},"28":{"start":{"line":62,"column":13},"end":{"line":62,"column":37}},"29":{"start":{"line":63,"column":0},"end":{"line":65,"column":1}},"30":{"start":{"line":64,"column":2},"end":{"line":64,"column":19}},"31":{"start":{"line":66,"column":0},"end":{"line":66,"column":21}}},"fnMap":{"0":{"name":"(anonymous_0)","decl":{"start":{"line":30,"column":13},"end":{"line":30,"column":14}},"loc":{"start":{"line":30,"column":27},"end":{"line":32,"column":1}},"line":30},"1":{"name":"(anonymous_1)","decl":{"start":{"line":33,"column":24},"end":{"line":33,"column":25}},"loc":{"start":{"line":33,"column":38},"end":{"line":35,"column":1}},"line":33},"2":{"name":"(anonymous_2)","decl":{"start":{"line":40,"column":22},"end":{"line":40,"column":23}},"loc":{"start":{"line":40,"column":42},"end":{"line":60,"column":1}},"line":40}},"branchMap":{"0":{"loc":{"start":{"line":38,"column":27},"end":{"line":38,"column":109}},"type":"cond-expr","locations":[{"start":{"line":38,"column":56},"end":{"line":38,"column":58}},{"start":{"line":38,"column":61},"end":{"line":38,"column":109}}],"line":38},"1":{"loc":{"start":{"line":46,"column":4},"end":{"line":48,"column":5}},"type":"if","locations":[{"start":{"line":46,"column":4},"end":{"line":48,"column":5}},{"start":{},"end":{}}],"line":46},"2":{"loc":{"start":{"line":47,"column":49},"end":{"line":47,"column":67}},"type":"binary-expr","locations":[{"start":{"line":47,"column":49},"end":{"line":47,"column":62}},{"start":{"line":47,"column":66},"end":{"line":47,"column":67}}],"line":47},"3":{"loc":{"start":{"line":47,"column":91},"end":{"line":47,"column":113}},"type":"binary-expr","locations":[{"start":{"line":47,"column":91},"end":{"line":47,"column":108}},{"start":{"line":47,"column":112},"end":{"line":47,"column":113}}],"line":47},"4":{"loc":{"start":{"line":47,"column":124},"end":{"line":47,"column":141}},"type":"binary-expr","locations":[{"start":{"line":47,"column":124},"end":{"line":47,"column":136}},{"start":{"line":47,"column":140},"end":{"line":47,"column":141}}],"line":47},"5":{"loc":{"start":{"line":47,"column":154},"end":{"line":47,"column":173}},"type":"binary-expr","locations":[{"start":{"line":47,"column":154},"end":{"line":47,"column":168}},{"start":{"line":47,"column":172},"end":{"line":47,"column":173}}],"line":47},"6":{"loc":{"start":{"line":47,"column":188},"end":{"line":47,"column":209}},"type":"binary-expr","locations":[{"start":{"line":47,"column":188},"end":{"line":47,"column":204}},{"start":{"line":47,"column":208},"end":{"line":47,"column":209}}],"line":47},"7":{"loc":{"start":{"line":62,"column":13},"end":{"line":62,"column":37}},"type":"binary-expr","locations":[{"start":{"line":62,"column":13},"end":{"line":62,"column":29}},{"start":{"line":62,"column":33},"end":{"line":62,"column":37}}],"line":62},"8":{"loc":{"start":{"line":63,"column":0},"end":{"line":65,"column":1}},"type":"if","locations":[{"start":{"line":63,"column":0},"end":{"line":65,"column":1}},{"start":{},"end":{}}],"line":63}},"s":{"0":1,"1":1,"2":1,"3":1,"4":1,"5":1,"6":1,"7":1,"8":1,"9":1,"10":1,"11":1,"12":1,"13":1,"14":1,"15":1,"16":1,"17":1,"18":1,"19":1,"20":1,"21":1,"22":1,"23":1,"24":1,"25":1,"26":0,"27":1,"28":1,"29":1,"30":0,"31":1},"f":{"0":1,"1":1,"2":1},"b":{"0":[0,1],"1":[1,0],"2":[1,0],"3":[1,1],"4":[1,1],"5":[1,1],"6":[1,1],"7":[1,1],"8":[0,1]},"_coverageSchema":"1a1c01bbd47fc00a2c39e90264f33305004495a9","hash":"2477599786c698d2386d9f5b86c27bc3c3960fac"}
,"C:\\Users\\mohds\\Desktop\\Carbon Footprint Awareness\\js\\actions.js": {"path":"C:\\Users\\mohds\\Desktop\\Carbon Footprint Awareness\\js\\actions.js","statementMap":{"0":{"start":{"line":12,"column":20},"end":{"line":28,"column":1}},"1":{"start":{"line":31,"column":15},"end":{"line":31,"column":53}},"2":{"start":{"line":32,"column":2},"end":{"line":32,"column":20}},"3":{"start":{"line":32,"column":13},"end":{"line":32,"column":20}},"4":{"start":{"line":34,"column":2},"end":{"line":34,"column":24}},"5":{"start":{"line":36,"column":19},"end":{"line":38,"column":52}},"6":{"start":{"line":38,"column":30},"end":{"line":38,"column":51}},"7":{"start":{"line":40,"column":19},"end":{"line":40,"column":20}},"8":{"start":{"line":42,"column":2},"end":{"line":69,"column":5}},"9":{"start":{"line":43,"column":24},"end":{"line":43,"column":69}},"10":{"start":{"line":44,"column":4},"end":{"line":44,"column":49}},"11":{"start":{"line":44,"column":21},"end":{"line":44,"column":49}},"12":{"start":{"line":46,"column":17},"end":{"line":46,"column":46}},"13":{"start":{"line":47,"column":4},"end":{"line":47,"column":69}},"14":{"start":{"line":48,"column":4},"end":{"line":48,"column":42}},"15":{"start":{"line":49,"column":17},"end":{"line":66,"column":5}},"16":{"start":{"line":67,"column":4},"end":{"line":67,"column":28}},"17":{"start":{"line":68,"column":4},"end":{"line":68,"column":27}},"18":{"start":{"line":72,"column":20},"end":{"line":72,"column":21}},"19":{"start":{"line":73,"column":2},"end":{"line":75,"column":5}},"20":{"start":{"line":74,"column":4},"end":{"line":74,"column":74}},"21":{"start":{"line":74,"column":50},"end":{"line":74,"column":74}},"22":{"start":{"line":77,"column":23},"end":{"line":77,"column":60}},"23":{"start":{"line":78,"column":2},"end":{"line":78,"column":80}},"24":{"start":{"line":78,"column":20},"end":{"line":78,"column":80}},"25":{"start":{"line":81,"column":0},"end":{"line":91,"column":1}},"26":{"start":{"line":83,"column":2},"end":{"line":86,"column":5}},"27":{"start":{"line":84,"column":4},"end":{"line":84,"column":33}},"28":{"start":{"line":85,"column":4},"end":{"line":85,"column":45}},"29":{"start":{"line":87,"column":2},"end":{"line":87,"column":30}},"30":{"start":{"line":88,"column":2},"end":{"line":88,"column":44}},"31":{"start":{"line":90,"column":2},"end":{"line":90,"column":21}},"32":{"start":{"line":93,"column":0},"end":{"line":117,"column":1}},"33":{"start":{"line":94,"column":17},"end":{"line":94,"column":51}},"34":{"start":{"line":94,"column":39},"end":{"line":94,"column":50}},"35":{"start":{"line":95,"column":2},"end":{"line":95,"column":22}},"36":{"start":{"line":95,"column":15},"end":{"line":95,"column":22}},"37":{"start":{"line":97,"column":16},"end":{"line":97,"column":53}},"38":{"start":{"line":98,"column":25},"end":{"line":98,"column":37}},"39":{"start":{"line":100,"column":2},"end":{"line":105,"column":3}},"40":{"start":{"line":101,"column":4},"end":{"line":101,"column":39}},"41":{"start":{"line":102,"column":4},"end":{"line":102,"column":101}},"42":{"start":{"line":102,"column":41},"end":{"line":102,"column":101}},"43":{"start":{"line":104,"column":4},"end":{"line":104,"column":47}},"44":{"start":{"line":107,"column":2},"end":{"line":107,"column":59}},"45":{"start":{"line":107,"column":39},"end":{"line":107,"column":59}},"46":{"start":{"line":108,"column":2},"end":{"line":108,"column":55}},"47":{"start":{"line":108,"column":41},"end":{"line":108,"column":55}},"48":{"start":{"line":111,"column":20},"end":{"line":111,"column":64}},"49":{"start":{"line":112,"column":12},"end":{"line":112,"column":17}},"50":{"start":{"line":113,"column":2},"end":{"line":115,"column":3}},"51":{"start":{"line":114,"column":4},"end":{"line":114,"column":35}},"52":{"start":{"line":116,"column":2},"end":{"line":116,"column":21}},"53":{"start":{"line":119,"column":0},"end":{"line":124,"column":1}},"54":{"start":{"line":120,"column":2},"end":{"line":123,"column":4}}},"fnMap":{"0":{"name":"renderActions","decl":{"start":{"line":30,"column":9},"end":{"line":30,"column":22}},"loc":{"start":{"line":30,"column":39},"end":{"line":79,"column":1}},"line":30},"1":{"name":"(anonymous_1)","decl":{"start":{"line":38,"column":25},"end":{"line":38,"column":26}},"loc":{"start":{"line":38,"column":30},"end":{"line":38,"column":51}},"line":38},"2":{"name":"(anonymous_2)","decl":{"start":{"line":42,"column":19},"end":{"line":42,"column":20}},"loc":{"start":{"line":42,"column":29},"end":{"line":69,"column":3}},"line":42},"3":{"name":"(anonymous_3)","decl":{"start":{"line":73,"column":22},"end":{"line":73,"column":23}},"loc":{"start":{"line":73,"column":27},"end":{"line":75,"column":3}},"line":73},"4":{"name":"(anonymous_4)","decl":{"start":{"line":81,"column":23},"end":{"line":81,"column":24}},"loc":{"start":{"line":81,"column":42},"end":{"line":91,"column":1}},"line":81},"5":{"name":"(anonymous_5)","decl":{"start":{"line":83,"column":51},"end":{"line":83,"column":52}},"loc":{"start":{"line":83,"column":56},"end":{"line":86,"column":3}},"line":83},"6":{"name":"(anonymous_6)","decl":{"start":{"line":93,"column":22},"end":{"line":93,"column":23}},"loc":{"start":{"line":93,"column":44},"end":{"line":117,"column":1}},"line":93},"7":{"name":"(anonymous_7)","decl":{"start":{"line":94,"column":34},"end":{"line":94,"column":35}},"loc":{"start":{"line":94,"column":39},"end":{"line":94,"column":50}},"line":94}},"branchMap":{"0":{"loc":{"start":{"line":30,"column":23},"end":{"line":30,"column":37}},"type":"default-arg","locations":[{"start":{"line":30,"column":32},"end":{"line":30,"column":37}}],"line":30},"1":{"loc":{"start":{"line":32,"column":2},"end":{"line":32,"column":20}},"type":"if","locations":[{"start":{"line":32,"column":2},"end":{"line":32,"column":20}},{"start":{},"end":{}}],"line":32},"2":{"loc":{"start":{"line":36,"column":19},"end":{"line":38,"column":52}},"type":"cond-expr","locations":[{"start":{"line":37,"column":6},"end":{"line":37,"column":17}},{"start":{"line":38,"column":6},"end":{"line":38,"column":52}}],"line":36},"3":{"loc":{"start":{"line":44,"column":4},"end":{"line":44,"column":49}},"type":"if","locations":[{"start":{"line":44,"column":4},"end":{"line":44,"column":49}},{"start":{},"end":{}}],"line":44},"4":{"loc":{"start":{"line":47,"column":36},"end":{"line":47,"column":66}},"type":"cond-expr","locations":[{"start":{"line":47,"column":50},"end":{"line":47,"column":61}},{"start":{"line":47,"column":64},"end":{"line":47,"column":66}}],"line":47},"5":{"loc":{"start":{"line":60,"column":36},"end":{"line":60,"column":73}},"type":"cond-expr","locations":[{"start":{"line":60,"column":50},"end":{"line":60,"column":68}},{"start":{"line":60,"column":71},"end":{"line":60,"column":73}}],"line":60},"6":{"loc":{"start":{"line":62,"column":30},"end":{"line":62,"column":105}},"type":"cond-expr","locations":[{"start":{"line":62,"column":44},"end":{"line":62,"column":75}},{"start":{"line":62,"column":78},"end":{"line":62,"column":105}}],"line":62},"7":{"loc":{"start":{"line":63,"column":12},"end":{"line":63,"column":52}},"type":"cond-expr","locations":[{"start":{"line":63,"column":26},"end":{"line":63,"column":39}},{"start":{"line":63,"column":42},"end":{"line":63,"column":52}}],"line":63},"8":{"loc":{"start":{"line":74,"column":4},"end":{"line":74,"column":74}},"type":"if","locations":[{"start":{"line":74,"column":4},"end":{"line":74,"column":74}},{"start":{},"end":{}}],"line":74},"9":{"loc":{"start":{"line":78,"column":2},"end":{"line":78,"column":80}},"type":"if","locations":[{"start":{"line":78,"column":2},"end":{"line":78,"column":80}},{"start":{},"end":{}}],"line":78},"10":{"loc":{"start":{"line":95,"column":2},"end":{"line":95,"column":22}},"type":"if","locations":[{"start":{"line":95,"column":2},"end":{"line":95,"column":22}},{"start":{},"end":{}}],"line":95},"11":{"loc":{"start":{"line":100,"column":2},"end":{"line":105,"column":3}},"type":"if","locations":[{"start":{"line":100,"column":2},"end":{"line":105,"column":3}},{"start":{"line":103,"column":9},"end":{"line":105,"column":3}}],"line":100},"12":{"loc":{"start":{"line":102,"column":4},"end":{"line":102,"column":101}},"type":"if","locations":[{"start":{"line":102,"column":4},"end":{"line":102,"column":101}},{"start":{},"end":{}}],"line":102},"13":{"loc":{"start":{"line":107,"column":2},"end":{"line":107,"column":59}},"type":"if","locations":[{"start":{"line":107,"column":2},"end":{"line":107,"column":59}},{"start":{},"end":{}}],"line":107},"14":{"loc":{"start":{"line":108,"column":2},"end":{"line":108,"column":55}},"type":"if","locations":[{"start":{"line":108,"column":2},"end":{"line":108,"column":55}},{"start":{},"end":{}}],"line":108},"15":{"loc":{"start":{"line":113,"column":2},"end":{"line":115,"column":3}},"type":"if","locations":[{"start":{"line":113,"column":2},"end":{"line":115,"column":3}},{"start":{},"end":{}}],"line":113},"16":{"loc":{"start":{"line":113,"column":6},"end":{"line":113,"column":64}},"type":"binary-expr","locations":[{"start":{"line":113,"column":6},"end":{"line":113,"column":15}},{"start":{"line":113,"column":19},"end":{"line":113,"column":36}},{"start":{"line":113,"column":40},"end":{"line":113,"column":64}}],"line":113},"17":{"loc":{"start":{"line":119,"column":0},"end":{"line":124,"column":1}},"type":"if","locations":[{"start":{"line":119,"column":0},"end":{"line":124,"column":1}},{"start":{},"end":{}}],"line":119},"18":{"loc":{"start":{"line":119,"column":4},"end":{"line":119,"column":51}},"type":"binary-expr","locations":[{"start":{"line":119,"column":4},"end":{"line":119,"column":33}},{"start":{"line":119,"column":37},"end":{"line":119,"column":51}}],"line":119}},"s":{"0":1,"1":4,"2":4,"3":0,"4":4,"5":4,"6":12,"7":4,"8":4,"9":39,"10":39,"11":1,"12":39,"13":39,"14":39,"15":39,"16":39,"17":39,"18":4,"19":4,"20":48,"21":1,"22":4,"23":4,"24":4,"25":1,"26":1,"27":2,"28":2,"29":1,"30":1,"31":1,"32":1,"33":2,"34":2,"35":2,"36":0,"37":2,"38":2,"39":2,"40":1,"41":1,"42":1,"43":1,"44":2,"45":2,"46":2,"47":2,"48":2,"49":2,"50":2,"51":2,"52":2,"53":1,"54":1},"f":{"0":4,"1":12,"2":39,"3":48,"4":1,"5":2,"6":2,"7":2},"b":{"0":[0],"1":[0,4],"2":[3,1],"3":[1,38],"4":[1,38],"5":[1,38],"6":[1,38],"7":[1,38],"8":[1,47],"9":[4,0],"10":[0,2],"11":[1,1],"12":[1,0],"13":[2,0],"14":[2,0],"15":[2,0],"16":[2,2,2],"17":[1,0],"18":[1,1]},"_coverageSchema":"1a1c01bbd47fc00a2c39e90264f33305004495a9","hash":"84f75c41d4ee12686e350142dcd72e5dcf6e2d5a"}
,"C:\\Users\\mohds\\Desktop\\Carbon Footprint Awareness\\js\\analytics.js": {"path":"C:\\Users\\mohds\\Desktop\\Carbon Footprint Awareness\\js\\analytics.js","statementMap":{"0":{"start":{"line":3,"column":0},"end":{"line":3,"column":42}},"1":{"start":{"line":4,"column":16},"end":{"line":4,"column":42}},"2":{"start":{"line":5,"column":0},"end":{"line":5,"column":23}},"3":{"start":{"line":6,"column":0},"end":{"line":6,"column":31}}},"fnMap":{"0":{"name":"gtag","decl":{"start":{"line":4,"column":9},"end":{"line":4,"column":13}},"loc":{"start":{"line":4,"column":15},"end":{"line":4,"column":43}},"line":4}},"branchMap":{"0":{"loc":{"start":{"line":3,"column":19},"end":{"line":3,"column":41}},"type":"binary-expr","locations":[{"start":{"line":3,"column":19},"end":{"line":3,"column":35}},{"start":{"line":3,"column":39},"end":{"line":3,"column":41}}],"line":3}},"s":{"0":1,"1":2,"2":1,"3":1},"f":{"0":2},"b":{"0":[1,1]},"_coverageSchema":"1a1c01bbd47fc00a2c39e90264f33305004495a9","hash":"1d2d162dcfe516b4122cbdd00a9a7572b32b92f5"}
,"C:\\Users\\mohds\\Desktop\\Carbon Footprint Awareness\\js\\app.js": {"path":"C:\\Users\\mohds\\Desktop\\Carbon Footprint Awareness\\js\\app.js","statementMap":{"0":{"start":{"line":9,"column":0},"end":{"line":39,"column":2}},"1":{"start":{"line":10,"column":2},"end":{"line":10,"column":23}},"2":{"start":{"line":10,"column":16},"end":{"line":10,"column":23}},"3":{"start":{"line":12,"column":16},"end":{"line":12,"column":26}},"4":{"start":{"line":13,"column":14},"end":{"line":13,"column":43}},"5":{"start":{"line":15,"column":2},"end":{"line":17,"column":3}},"6":{"start":{"line":16,"column":4},"end":{"line":16,"column":60}},"7":{"start":{"line":19,"column":14},"end":{"line":19,"column":67}},"8":{"start":{"line":22,"column":2},"end":{"line":22,"column":83}},"9":{"start":{"line":22,"column":70},"end":{"line":22,"column":81}},"10":{"start":{"line":23,"column":2},"end":{"line":30,"column":5}},"11":{"start":{"line":25,"column":4},"end":{"line":29,"column":7}},"12":{"start":{"line":26,"column":6},"end":{"line":28,"column":7}},"13":{"start":{"line":27,"column":8},"end":{"line":27,"column":38}},"14":{"start":{"line":32,"column":20},"end":{"line":32,"column":39}},"15":{"start":{"line":33,"column":2},"end":{"line":36,"column":3}},"16":{"start":{"line":34,"column":18},"end":{"line":34,"column":49}},"17":{"start":{"line":35,"column":4},"end":{"line":35,"column":46}},"18":{"start":{"line":35,"column":15},"end":{"line":35,"column":46}},"19":{"start":{"line":38,"column":2},"end":{"line":38,"column":42}},"20":{"start":{"line":45,"column":0},"end":{"line":48,"column":3}},"21":{"start":{"line":46,"column":2},"end":{"line":46,"column":12}},"22":{"start":{"line":47,"column":2},"end":{"line":47,"column":20}},"23":{"start":{"line":52,"column":2},"end":{"line":52,"column":22}},"24":{"start":{"line":55,"column":2},"end":{"line":55,"column":16}},"25":{"start":{"line":59,"column":19},"end":{"line":59,"column":57}},"26":{"start":{"line":60,"column":16},"end":{"line":60,"column":50}},"27":{"start":{"line":61,"column":20},"end":{"line":61,"column":56}},"28":{"start":{"line":62,"column":28},"end":{"line":62,"column":64}},"29":{"start":{"line":65,"column":2},"end":{"line":69,"column":5}},"30":{"start":{"line":66,"column":23},"end":{"line":66,"column":73}},"31":{"start":{"line":67,"column":4},"end":{"line":67,"column":57}},"32":{"start":{"line":68,"column":4},"end":{"line":68,"column":47}},"33":{"start":{"line":74,"column":4},"end":{"line":77,"column":7}},"34":{"start":{"line":75,"column":6},"end":{"line":75,"column":35}},"35":{"start":{"line":76,"column":6},"end":{"line":76,"column":44}},"36":{"start":{"line":80,"column":4},"end":{"line":80,"column":56}},"37":{"start":{"line":80,"column":26},"end":{"line":80,"column":54}},"38":{"start":{"line":81,"column":23},"end":{"line":81,"column":81}},"39":{"start":{"line":82,"column":4},"end":{"line":82,"column":55}},"40":{"start":{"line":82,"column":20},"end":{"line":82,"column":55}},"41":{"start":{"line":85,"column":23},"end":{"line":85,"column":64}},"42":{"start":{"line":86,"column":4},"end":{"line":102,"column":5}},"43":{"start":{"line":87,"column":6},"end":{"line":87,"column":41}},"44":{"start":{"line":88,"column":6},"end":{"line":88,"column":48}},"45":{"start":{"line":91,"column":6},"end":{"line":91,"column":49}},"46":{"start":{"line":92,"column":6},"end":{"line":92,"column":55}},"47":{"start":{"line":95,"column":6},"end":{"line":95,"column":126}},"48":{"start":{"line":95,"column":32},"end":{"line":95,"column":126}},"49":{"start":{"line":95,"column":51},"end":{"line":95,"column":117}},"50":{"start":{"line":95,"column":96},"end":{"line":95,"column":117}},"51":{"start":{"line":96,"column":6},"end":{"line":96,"column":116}},"52":{"start":{"line":96,"column":32},"end":{"line":96,"column":116}},"53":{"start":{"line":96,"column":51},"end":{"line":96,"column":107}},"54":{"start":{"line":96,"column":91},"end":{"line":96,"column":107}},"55":{"start":{"line":97,"column":6},"end":{"line":97,"column":119}},"56":{"start":{"line":97,"column":33},"end":{"line":97,"column":119}},"57":{"start":{"line":97,"column":52},"end":{"line":97,"column":110}},"58":{"start":{"line":97,"column":93},"end":{"line":97,"column":110}},"59":{"start":{"line":100,"column":6},"end":{"line":100,"column":50}},"60":{"start":{"line":101,"column":6},"end":{"line":101,"column":28}},"61":{"start":{"line":106,"column":2},"end":{"line":112,"column":5}},"62":{"start":{"line":107,"column":4},"end":{"line":111,"column":7}},"63":{"start":{"line":108,"column":6},"end":{"line":108,"column":25}},"64":{"start":{"line":109,"column":21},"end":{"line":109,"column":51}},"65":{"start":{"line":110,"column":6},"end":{"line":110,"column":29}},"66":{"start":{"line":115,"column":22},"end":{"line":115,"column":59}},"67":{"start":{"line":116,"column":2},"end":{"line":118,"column":3}},"68":{"start":{"line":117,"column":4},"end":{"line":117,"column":32}},"69":{"start":{"line":122,"column":0},"end":{"line":127,"column":2}},"70":{"start":{"line":123,"column":21},"end":{"line":123,"column":79}},"71":{"start":{"line":124,"column":2},"end":{"line":126,"column":3}},"72":{"start":{"line":125,"column":4},"end":{"line":125,"column":23}},"73":{"start":{"line":130,"column":0},"end":{"line":138,"column":2}},"74":{"start":{"line":131,"column":16},"end":{"line":131,"column":48}},"75":{"start":{"line":132,"column":2},"end":{"line":132,"column":45}},"76":{"start":{"line":133,"column":2},"end":{"line":133,"column":41}},"77":{"start":{"line":135,"column":2},"end":{"line":137,"column":11}},"78":{"start":{"line":136,"column":4},"end":{"line":136,"column":35}},"79":{"start":{"line":141,"column":0},"end":{"line":150,"column":2}},"80":{"start":{"line":142,"column":17},"end":{"line":142,"column":58}},"81":{"start":{"line":143,"column":2},"end":{"line":149,"column":3}},"82":{"start":{"line":144,"column":4},"end":{"line":144,"column":36}},"83":{"start":{"line":145,"column":4},"end":{"line":145,"column":42}},"84":{"start":{"line":147,"column":4},"end":{"line":147,"column":39}},"85":{"start":{"line":148,"column":4},"end":{"line":148,"column":47}},"86":{"start":{"line":154,"column":12},"end":{"line":154,"column":30}},"87":{"start":{"line":157,"column":2},"end":{"line":157,"column":76}},"88":{"start":{"line":158,"column":22},"end":{"line":158,"column":60}},"89":{"start":{"line":159,"column":2},"end":{"line":159,"column":53}},"90":{"start":{"line":159,"column":19},"end":{"line":159,"column":53}},"91":{"start":{"line":161,"column":20},"end":{"line":161,"column":22}},"92":{"start":{"line":162,"column":2},"end":{"line":164,"column":60}},"93":{"start":{"line":162,"column":19},"end":{"line":162,"column":72}},"94":{"start":{"line":163,"column":7},"end":{"line":164,"column":60}},"95":{"start":{"line":163,"column":24},"end":{"line":163,"column":75}},"96":{"start":{"line":164,"column":7},"end":{"line":164,"column":60}},"97":{"start":{"line":165,"column":2},"end":{"line":165,"column":66}},"98":{"start":{"line":168,"column":2},"end":{"line":168,"column":90}},"99":{"start":{"line":169,"column":2},"end":{"line":169,"column":80}},"100":{"start":{"line":170,"column":2},"end":{"line":170,"column":84}},"101":{"start":{"line":171,"column":2},"end":{"line":171,"column":88}},"102":{"start":{"line":174,"column":2},"end":{"line":176,"column":3}},"103":{"start":{"line":175,"column":4},"end":{"line":175,"column":165}},"104":{"start":{"line":179,"column":17},"end":{"line":179,"column":50}},"105":{"start":{"line":180,"column":19},"end":{"line":180,"column":54}},"106":{"start":{"line":181,"column":14},"end":{"line":181,"column":49}},"107":{"start":{"line":182,"column":2},"end":{"line":182,"column":33}},"108":{"start":{"line":183,"column":2},"end":{"line":183,"column":48}},"109":{"start":{"line":184,"column":2},"end":{"line":184,"column":53}},"110":{"start":{"line":187,"column":2},"end":{"line":192,"column":3}},"111":{"start":{"line":188,"column":4},"end":{"line":188,"column":65}},"112":{"start":{"line":189,"column":4},"end":{"line":189,"column":75}},"113":{"start":{"line":190,"column":19},"end":{"line":190,"column":56}},"114":{"start":{"line":191,"column":4},"end":{"line":191,"column":28}},"115":{"start":{"line":197,"column":14},"end":{"line":197,"column":37}},"116":{"start":{"line":198,"column":19},"end":{"line":198,"column":21}},"117":{"start":{"line":199,"column":14},"end":{"line":199,"column":43}},"118":{"start":{"line":201,"column":2},"end":{"line":201,"column":51}},"119":{"start":{"line":204,"column":2},"end":{"line":204,"column":18}},"120":{"start":{"line":205,"column":2},"end":{"line":205,"column":46}},"121":{"start":{"line":206,"column":2},"end":{"line":206,"column":21}},"122":{"start":{"line":207,"column":2},"end":{"line":207,"column":45}},"123":{"start":{"line":208,"column":2},"end":{"line":208,"column":24}},"124":{"start":{"line":209,"column":2},"end":{"line":209,"column":15}},"125":{"start":{"line":212,"column":2},"end":{"line":212,"column":18}},"126":{"start":{"line":213,"column":2},"end":{"line":213,"column":60}},"127":{"start":{"line":214,"column":2},"end":{"line":214,"column":21}},"128":{"start":{"line":216,"column":14},"end":{"line":216,"column":23}},"129":{"start":{"line":217,"column":2},"end":{"line":217,"column":49}},"130":{"start":{"line":217,"column":31},"end":{"line":217,"column":49}},"131":{"start":{"line":218,"column":2},"end":{"line":218,"column":36}},"132":{"start":{"line":218,"column":18},"end":{"line":218,"column":36}},"133":{"start":{"line":220,"column":2},"end":{"line":220,"column":26}},"134":{"start":{"line":221,"column":2},"end":{"line":221,"column":24}},"135":{"start":{"line":222,"column":2},"end":{"line":222,"column":15}},"136":{"start":{"line":227,"column":2},"end":{"line":227,"column":61}},"137":{"start":{"line":227,"column":29},"end":{"line":227,"column":61}},"138":{"start":{"line":229,"column":21},"end":{"line":229,"column":100}},"139":{"start":{"line":229,"column":54},"end":{"line":229,"column":89}},"140":{"start":{"line":230,"column":17},"end":{"line":233,"column":4}},"141":{"start":{"line":231,"column":14},"end":{"line":231,"column":30}},"142":{"start":{"line":232,"column":4},"end":{"line":232,"column":46}},"143":{"start":{"line":234,"column":15},"end":{"line":234,"column":43}},"144":{"start":{"line":234,"column":35},"end":{"line":234,"column":42}},"145":{"start":{"line":236,"column":2},"end":{"line":260,"column":5}},"146":{"start":{"line":264,"column":2},"end":{"line":264,"column":87}},"147":{"start":{"line":265,"column":20},"end":{"line":265,"column":59}},"148":{"start":{"line":266,"column":2},"end":{"line":266,"column":56}},"149":{"start":{"line":266,"column":16},"end":{"line":266,"column":56}},"150":{"start":{"line":269,"column":0},"end":{"line":276,"column":1}},"151":{"start":{"line":270,"column":2},"end":{"line":275,"column":4}}},"fnMap":{"0":{"name":"(anonymous_0)","decl":{"start":{"line":9,"column":21},"end":{"line":9,"column":22}},"loc":{"start":{"line":9,"column":51},"end":{"line":39,"column":1}},"line":9},"1":{"name":"(anonymous_1)","decl":{"start":{"line":22,"column":64},"end":{"line":22,"column":65}},"loc":{"start":{"line":22,"column":70},"end":{"line":22,"column":81}},"line":22},"2":{"name":"(anonymous_2)","decl":{"start":{"line":23,"column":36},"end":{"line":23,"column":37}},"loc":{"start":{"line":23,"column":42},"end":{"line":30,"column":3}},"line":23},"3":{"name":"(anonymous_3)","decl":{"start":{"line":25,"column":38},"end":{"line":25,"column":39}},"loc":{"start":{"line":25,"column":46},"end":{"line":29,"column":5}},"line":25},"4":{"name":"(anonymous_4)","decl":{"start":{"line":45,"column":46},"end":{"line":45,"column":47}},"loc":{"start":{"line":45,"column":52},"end":{"line":48,"column":1}},"line":45},"5":{"name":"initApp","decl":{"start":{"line":50,"column":9},"end":{"line":50,"column":16}},"loc":{"start":{"line":50,"column":19},"end":{"line":56,"column":1}},"line":50},"6":{"name":"setupNavigation","decl":{"start":{"line":58,"column":9},"end":{"line":58,"column":24}},"loc":{"start":{"line":58,"column":27},"end":{"line":119,"column":1}},"line":58},"7":{"name":"(anonymous_7)","decl":{"start":{"line":65,"column":38},"end":{"line":65,"column":39}},"loc":{"start":{"line":65,"column":44},"end":{"line":69,"column":3}},"line":65},"8":{"name":"navigateToPage","decl":{"start":{"line":72,"column":11},"end":{"line":72,"column":25}},"loc":{"start":{"line":72,"column":34},"end":{"line":103,"column":3}},"line":72},"9":{"name":"(anonymous_9)","decl":{"start":{"line":74,"column":18},"end":{"line":74,"column":19}},"loc":{"start":{"line":74,"column":23},"end":{"line":77,"column":5}},"line":74},"10":{"name":"(anonymous_10)","decl":{"start":{"line":80,"column":21},"end":{"line":80,"column":22}},"loc":{"start":{"line":80,"column":26},"end":{"line":80,"column":54}},"line":80},"11":{"name":"(anonymous_11)","decl":{"start":{"line":95,"column":43},"end":{"line":95,"column":44}},"loc":{"start":{"line":95,"column":49},"end":{"line":95,"column":119}},"line":95},"12":{"name":"(anonymous_12)","decl":{"start":{"line":96,"column":43},"end":{"line":96,"column":44}},"loc":{"start":{"line":96,"column":49},"end":{"line":96,"column":109}},"line":96},"13":{"name":"(anonymous_13)","decl":{"start":{"line":97,"column":44},"end":{"line":97,"column":45}},"loc":{"start":{"line":97,"column":50},"end":{"line":97,"column":112}},"line":97},"14":{"name":"(anonymous_14)","decl":{"start":{"line":106,"column":19},"end":{"line":106,"column":20}},"loc":{"start":{"line":106,"column":27},"end":{"line":112,"column":3}},"line":106},"15":{"name":"(anonymous_15)","decl":{"start":{"line":107,"column":35},"end":{"line":107,"column":36}},"loc":{"start":{"line":107,"column":42},"end":{"line":111,"column":5}},"line":107},"16":{"name":"(anonymous_16)","decl":{"start":{"line":122,"column":20},"end":{"line":122,"column":21}},"loc":{"start":{"line":122,"column":37},"end":{"line":127,"column":1}},"line":122},"17":{"name":"(anonymous_17)","decl":{"start":{"line":130,"column":19},"end":{"line":130,"column":20}},"loc":{"start":{"line":130,"column":55},"end":{"line":138,"column":1}},"line":130},"18":{"name":"(anonymous_18)","decl":{"start":{"line":135,"column":13},"end":{"line":135,"column":14}},"loc":{"start":{"line":135,"column":19},"end":{"line":137,"column":3}},"line":135},"19":{"name":"(anonymous_19)","decl":{"start":{"line":141,"column":23},"end":{"line":141,"column":24}},"loc":{"start":{"line":141,"column":38},"end":{"line":150,"column":1}},"line":141},"20":{"name":"updateDashboardUI","decl":{"start":{"line":153,"column":9},"end":{"line":153,"column":26}},"loc":{"start":{"line":153,"column":29},"end":{"line":193,"column":1}},"line":153},"21":{"name":"renderGauge","decl":{"start":{"line":196,"column":9},"end":{"line":196,"column":20}},"loc":{"start":{"line":196,"column":36},"end":{"line":223,"column":1}},"line":196},"22":{"name":"renderMiniTrend","decl":{"start":{"line":225,"column":9},"end":{"line":225,"column":24}},"loc":{"start":{"line":225,"column":33},"end":{"line":261,"column":1}},"line":225},"23":{"name":"(anonymous_23)","decl":{"start":{"line":229,"column":45},"end":{"line":229,"column":46}},"loc":{"start":{"line":229,"column":54},"end":{"line":229,"column":89}},"line":229},"24":{"name":"(anonymous_24)","decl":{"start":{"line":230,"column":32},"end":{"line":230,"column":33}},"loc":{"start":{"line":230,"column":37},"end":{"line":233,"column":3}},"line":230},"25":{"name":"(anonymous_25)","decl":{"start":{"line":234,"column":30},"end":{"line":234,"column":31}},"loc":{"start":{"line":234,"column":35},"end":{"line":234,"column":42}},"line":234},"26":{"name":"checkStreak","decl":{"start":{"line":263,"column":9},"end":{"line":263,"column":20}},"loc":{"start":{"line":263,"column":23},"end":{"line":267,"column":1}},"line":263}},"branchMap":{"0":{"loc":{"start":{"line":10,"column":2},"end":{"line":10,"column":23}},"type":"if","locations":[{"start":{"line":10,"column":2},"end":{"line":10,"column":23}},{"start":{},"end":{}}],"line":10},"1":{"loc":{"start":{"line":15,"column":2},"end":{"line":17,"column":3}},"type":"if","locations":[{"start":{"line":15,"column":2},"end":{"line":17,"column":3}},{"start":{},"end":{}}],"line":15},"2":{"loc":{"start":{"line":26,"column":6},"end":{"line":28,"column":7}},"type":"if","locations":[{"start":{"line":26,"column":6},"end":{"line":28,"column":7}},{"start":{},"end":{}}],"line":26},"3":{"loc":{"start":{"line":33,"column":2},"end":{"line":36,"column":3}},"type":"if","locations":[{"start":{"line":33,"column":2},"end":{"line":36,"column":3}},{"start":{},"end":{}}],"line":33},"4":{"loc":{"start":{"line":35,"column":4},"end":{"line":35,"column":46}},"type":"if","locations":[{"start":{"line":35,"column":4},"end":{"line":35,"column":46}},{"start":{},"end":{}}],"line":35},"5":{"loc":{"start":{"line":82,"column":4},"end":{"line":82,"column":55}},"type":"if","locations":[{"start":{"line":82,"column":4},"end":{"line":82,"column":55}},{"start":{},"end":{}}],"line":82},"6":{"loc":{"start":{"line":86,"column":4},"end":{"line":102,"column":5}},"type":"if","locations":[{"start":{"line":86,"column":4},"end":{"line":102,"column":5}},{"start":{},"end":{}}],"line":86},"7":{"loc":{"start":{"line":95,"column":6},"end":{"line":95,"column":126}},"type":"if","locations":[{"start":{"line":95,"column":6},"end":{"line":95,"column":126}},{"start":{},"end":{}}],"line":95},"8":{"loc":{"start":{"line":95,"column":51},"end":{"line":95,"column":117}},"type":"if","locations":[{"start":{"line":95,"column":51},"end":{"line":95,"column":117}},{"start":{},"end":{}}],"line":95},"9":{"loc":{"start":{"line":96,"column":6},"end":{"line":96,"column":116}},"type":"if","locations":[{"start":{"line":96,"column":6},"end":{"line":96,"column":116}},{"start":{},"end":{}}],"line":96},"10":{"loc":{"start":{"line":96,"column":51},"end":{"line":96,"column":107}},"type":"if","locations":[{"start":{"line":96,"column":51},"end":{"line":96,"column":107}},{"start":{},"end":{}}],"line":96},"11":{"loc":{"start":{"line":97,"column":6},"end":{"line":97,"column":119}},"type":"if","locations":[{"start":{"line":97,"column":6},"end":{"line":97,"column":119}},{"start":{},"end":{}}],"line":97},"12":{"loc":{"start":{"line":97,"column":52},"end":{"line":97,"column":110}},"type":"if","locations":[{"start":{"line":97,"column":52},"end":{"line":97,"column":110}},{"start":{},"end":{}}],"line":97},"13":{"loc":{"start":{"line":116,"column":2},"end":{"line":118,"column":3}},"type":"if","locations":[{"start":{"line":116,"column":2},"end":{"line":118,"column":3}},{"start":{},"end":{}}],"line":116},"14":{"loc":{"start":{"line":116,"column":6},"end":{"line":116,"column":67}},"type":"binary-expr","locations":[{"start":{"line":116,"column":6},"end":{"line":116,"column":17}},{"start":{"line":116,"column":21},"end":{"line":116,"column":67}}],"line":116},"15":{"loc":{"start":{"line":124,"column":2},"end":{"line":126,"column":3}},"type":"if","locations":[{"start":{"line":124,"column":2},"end":{"line":126,"column":3}},{"start":{},"end":{}}],"line":124},"16":{"loc":{"start":{"line":130,"column":37},"end":{"line":130,"column":53}},"type":"default-arg","locations":[{"start":{"line":130,"column":44},"end":{"line":130,"column":53}}],"line":130},"17":{"loc":{"start":{"line":143,"column":2},"end":{"line":149,"column":3}},"type":"if","locations":[{"start":{"line":143,"column":2},"end":{"line":149,"column":3}},{"start":{"line":146,"column":9},"end":{"line":149,"column":3}}],"line":143},"18":{"loc":{"start":{"line":159,"column":2},"end":{"line":159,"column":53}},"type":"if","locations":[{"start":{"line":159,"column":2},"end":{"line":159,"column":53}},{"start":{},"end":{}}],"line":159},"19":{"loc":{"start":{"line":162,"column":2},"end":{"line":164,"column":60}},"type":"if","locations":[{"start":{"line":162,"column":2},"end":{"line":164,"column":60}},{"start":{"line":163,"column":7},"end":{"line":164,"column":60}}],"line":162},"20":{"loc":{"start":{"line":163,"column":7},"end":{"line":164,"column":60}},"type":"if","locations":[{"start":{"line":163,"column":7},"end":{"line":164,"column":60}},{"start":{"line":164,"column":7},"end":{"line":164,"column":60}}],"line":163},"21":{"loc":{"start":{"line":174,"column":2},"end":{"line":176,"column":3}},"type":"if","locations":[{"start":{"line":174,"column":2},"end":{"line":176,"column":3}},{"start":{},"end":{}}],"line":174},"22":{"loc":{"start":{"line":187,"column":2},"end":{"line":192,"column":3}},"type":"if","locations":[{"start":{"line":187,"column":2},"end":{"line":192,"column":3}},{"start":{},"end":{}}],"line":187},"23":{"loc":{"start":{"line":187,"column":6},"end":{"line":187,"column":62}},"type":"binary-expr","locations":[{"start":{"line":187,"column":6},"end":{"line":187,"column":30}},{"start":{"line":187,"column":34},"end":{"line":187,"column":62}}],"line":187},"24":{"loc":{"start":{"line":217,"column":2},"end":{"line":217,"column":49}},"type":"if","locations":[{"start":{"line":217,"column":2},"end":{"line":217,"column":49}},{"start":{},"end":{}}],"line":217},"25":{"loc":{"start":{"line":217,"column":6},"end":{"line":217,"column":29}},"type":"binary-expr","locations":[{"start":{"line":217,"column":6},"end":{"line":217,"column":16}},{"start":{"line":217,"column":20},"end":{"line":217,"column":29}}],"line":217},"26":{"loc":{"start":{"line":218,"column":2},"end":{"line":218,"column":36}},"type":"if","locations":[{"start":{"line":218,"column":2},"end":{"line":218,"column":36}},{"start":{},"end":{}}],"line":218},"27":{"loc":{"start":{"line":227,"column":2},"end":{"line":227,"column":61}},"type":"if","locations":[{"start":{"line":227,"column":2},"end":{"line":227,"column":61}},{"start":{},"end":{}}],"line":227},"28":{"loc":{"start":{"line":266,"column":2},"end":{"line":266,"column":56}},"type":"if","locations":[{"start":{"line":266,"column":2},"end":{"line":266,"column":56}},{"start":{},"end":{}}],"line":266},"29":{"loc":{"start":{"line":269,"column":0},"end":{"line":276,"column":1}},"type":"if","locations":[{"start":{"line":269,"column":0},"end":{"line":276,"column":1}},{"start":{},"end":{}}],"line":269},"30":{"loc":{"start":{"line":269,"column":4},"end":{"line":269,"column":51}},"type":"binary-expr","locations":[{"start":{"line":269,"column":4},"end":{"line":269,"column":33}},{"start":{"line":269,"column":37},"end":{"line":269,"column":51}}],"line":269}},"s":{"0":1,"1":2,"2":0,"3":2,"4":2,"5":2,"6":1,"7":2,"8":2,"9":1,"10":2,"11":11,"12":0,"13":0,"14":2,"15":2,"16":1,"17":1,"18":1,"19":2,"20":1,"21":1,"22":1,"23":1,"24":1,"25":1,"26":1,"27":1,"28":1,"29":1,"30":1,"31":1,"32":1,"33":1,"34":2,"35":2,"36":1,"37":3,"38":1,"39":1,"40":1,"41":1,"42":1,"43":1,"44":1,"45":1,"46":1,"47":1,"48":1,"49":0,"50":0,"51":1,"52":0,"53":0,"54":0,"55":1,"56":0,"57":0,"58":0,"59":1,"60":1,"61":1,"62":3,"63":1,"64":1,"65":1,"66":1,"67":1,"68":0,"69":1,"70":1,"71":1,"72":1,"73":1,"74":1,"75":1,"76":1,"77":1,"78":0,"79":1,"80":2,"81":2,"82":1,"83":1,"84":1,"85":1,"86":3,"87":3,"88":3,"89":3,"90":3,"91":3,"92":3,"93":0,"94":3,"95":3,"96":0,"97":3,"98":3,"99":3,"100":3,"101":3,"102":3,"103":3,"104":3,"105":3,"106":3,"107":3,"108":3,"109":3,"110":3,"111":1,"112":1,"113":1,"114":1,"115":3,"116":3,"117":3,"118":3,"119":3,"120":3,"121":3,"122":3,"123":3,"124":3,"125":3,"126":3,"127":3,"128":3,"129":3,"130":3,"131":3,"132":0,"133":3,"134":3,"135":3,"136":1,"137":0,"138":1,"139":1,"140":1,"141":2,"142":2,"143":1,"144":2,"145":1,"146":2,"147":2,"148":2,"149":2,"150":1,"151":1},"f":{"0":2,"1":1,"2":11,"3":0,"4":1,"5":1,"6":1,"7":1,"8":1,"9":2,"10":3,"11":0,"12":0,"13":0,"14":3,"15":1,"16":1,"17":1,"18":0,"19":2,"20":3,"21":3,"22":1,"23":1,"24":2,"25":2,"26":2},"b":{"0":[0,2],"1":[1,1],"2":[0,0],"3":[1,1],"4":[1,0],"5":[1,0],"6":[1,0],"7":[1,0],"8":[0,0],"9":[0,1],"10":[0,0],"11":[0,1],"12":[0,0],"13":[0,1],"14":[1,0],"15":[1,0],"16":[0],"17":[1,1],"18":[3,0],"19":[0,3],"20":[3,0],"21":[3,0],"22":[1,2],"23":[3,1],"24":[3,0],"25":[3,3],"26":[0,3],"27":[0,1],"28":[2,0],"29":[1,0],"30":[1,1]},"_coverageSchema":"1a1c01bbd47fc00a2c39e90264f33305004495a9","hash":"0630f047d075305821dabadff9d3f2012d82585c"}
,"C:\\Users\\mohds\\Desktop\\Carbon Footprint Awareness\\js\\assistant.js": {"path":"C:\\Users\\mohds\\Desktop\\Carbon Footprint Awareness\\js\\assistant.js","statementMap":{"0":{"start":{"line":12,"column":0},"end":{"line":20,"column":3}},"1":{"start":{"line":13,"column":19},"end":{"line":13,"column":54}},"2":{"start":{"line":14,"column":2},"end":{"line":19,"column":3}},"3":{"start":{"line":15,"column":4},"end":{"line":18,"column":7}},"4":{"start":{"line":16,"column":6},"end":{"line":16,"column":25}},"5":{"start":{"line":17,"column":6},"end":{"line":17,"column":26}},"6":{"start":{"line":24,"column":16},"end":{"line":24,"column":39}},"7":{"start":{"line":25,"column":12},"end":{"line":25,"column":30}},"8":{"start":{"line":28,"column":2},"end":{"line":46,"column":3}},"9":{"start":{"line":29,"column":4},"end":{"line":29,"column":158}},"10":{"start":{"line":29,"column":36},"end":{"line":29,"column":158}},"11":{"start":{"line":32,"column":17},"end":{"line":32,"column":28}},"12":{"start":{"line":33,"column":17},"end":{"line":33,"column":28}},"13":{"start":{"line":34,"column":4},"end":{"line":34,"column":62}},"14":{"start":{"line":34,"column":27},"end":{"line":34,"column":43}},"15":{"start":{"line":34,"column":44},"end":{"line":34,"column":60}},"16":{"start":{"line":35,"column":4},"end":{"line":35,"column":68}},"17":{"start":{"line":35,"column":29},"end":{"line":35,"column":47}},"18":{"start":{"line":35,"column":48},"end":{"line":35,"column":66}},"19":{"start":{"line":36,"column":4},"end":{"line":36,"column":74}},"20":{"start":{"line":36,"column":31},"end":{"line":36,"column":51}},"21":{"start":{"line":36,"column":52},"end":{"line":36,"column":72}},"22":{"start":{"line":38,"column":14},"end":{"line":38,"column":150}},"23":{"start":{"line":40,"column":4},"end":{"line":43,"column":151}},"24":{"start":{"line":40,"column":32},"end":{"line":40,"column":192}},"25":{"start":{"line":41,"column":9},"end":{"line":43,"column":151}},"26":{"start":{"line":41,"column":32},"end":{"line":41,"column":170}},"27":{"start":{"line":42,"column":9},"end":{"line":43,"column":151}},"28":{"start":{"line":42,"column":34},"end":{"line":42,"column":189}},"29":{"start":{"line":43,"column":9},"end":{"line":43,"column":151}},"30":{"start":{"line":45,"column":4},"end":{"line":45,"column":15}},"31":{"start":{"line":49,"column":2},"end":{"line":52,"column":3}},"32":{"start":{"line":50,"column":4},"end":{"line":50,"column":264}},"33":{"start":{"line":50,"column":59},"end":{"line":50,"column":264}},"34":{"start":{"line":51,"column":4},"end":{"line":51,"column":205}},"35":{"start":{"line":55,"column":2},"end":{"line":57,"column":3}},"36":{"start":{"line":56,"column":4},"end":{"line":56,"column":279}},"37":{"start":{"line":60,"column":2},"end":{"line":62,"column":3}},"38":{"start":{"line":61,"column":4},"end":{"line":61,"column":261}},"39":{"start":{"line":65,"column":2},"end":{"line":67,"column":3}},"40":{"start":{"line":66,"column":4},"end":{"line":66,"column":307}},"41":{"start":{"line":70,"column":17},"end":{"line":70,"column":199}},"42":{"start":{"line":71,"column":2},"end":{"line":73,"column":3}},"43":{"start":{"line":72,"column":4},"end":{"line":72,"column":145}},"44":{"start":{"line":74,"column":2},"end":{"line":74,"column":18}},"45":{"start":{"line":78,"column":18},"end":{"line":78,"column":54}},"46":{"start":{"line":79,"column":14},"end":{"line":79,"column":34}},"47":{"start":{"line":80,"column":2},"end":{"line":80,"column":19}},"48":{"start":{"line":80,"column":12},"end":{"line":80,"column":19}},"49":{"start":{"line":83,"column":2},"end":{"line":83,"column":30}},"50":{"start":{"line":84,"column":2},"end":{"line":84,"column":21}},"51":{"start":{"line":87,"column":19},"end":{"line":87,"column":40}},"52":{"start":{"line":90,"column":2},"end":{"line":112,"column":10}},"53":{"start":{"line":91,"column":4},"end":{"line":111,"column":5}},"54":{"start":{"line":92,"column":23},"end":{"line":99,"column":8}},"55":{"start":{"line":101,"column":6},"end":{"line":101,"column":53}},"56":{"start":{"line":101,"column":24},"end":{"line":101,"column":53}},"57":{"start":{"line":103,"column":19},"end":{"line":103,"column":40}},"58":{"start":{"line":104,"column":6},"end":{"line":104,"column":38}},"59":{"start":{"line":105,"column":6},"end":{"line":105,"column":40}},"60":{"start":{"line":108,"column":6},"end":{"line":108,"column":38}},"61":{"start":{"line":109,"column":23},"end":{"line":109,"column":47}},"62":{"start":{"line":110,"column":6},"end":{"line":110,"column":38}},"63":{"start":{"line":115,"column":0},"end":{"line":123,"column":1}},"64":{"start":{"line":116,"column":14},"end":{"line":116,"column":29}},"65":{"start":{"line":117,"column":18},"end":{"line":117,"column":54}},"66":{"start":{"line":118,"column":2},"end":{"line":118,"column":22}},"67":{"start":{"line":119,"column":2},"end":{"line":119,"column":22}},"68":{"start":{"line":121,"column":2},"end":{"line":121,"column":28}},"69":{"start":{"line":122,"column":2},"end":{"line":122,"column":35}},"70":{"start":{"line":126,"column":23},"end":{"line":126,"column":62}},"71":{"start":{"line":127,"column":17},"end":{"line":127,"column":34}},"72":{"start":{"line":129,"column":17},"end":{"line":129,"column":46}},"73":{"start":{"line":130,"column":2},"end":{"line":130,"column":79}},"74":{"start":{"line":132,"column":2},"end":{"line":135,"column":4}},"75":{"start":{"line":137,"column":2},"end":{"line":137,"column":35}},"76":{"start":{"line":138,"column":2},"end":{"line":138,"column":53}},"77":{"start":{"line":142,"column":23},"end":{"line":142,"column":62}},"78":{"start":{"line":143,"column":13},"end":{"line":143,"column":35}},"79":{"start":{"line":145,"column":17},"end":{"line":145,"column":46}},"80":{"start":{"line":146,"column":2},"end":{"line":146,"column":65}},"81":{"start":{"line":147,"column":2},"end":{"line":147,"column":17}},"82":{"start":{"line":149,"column":15},"end":{"line":154,"column":3}},"83":{"start":{"line":155,"column":2},"end":{"line":155,"column":28}},"84":{"start":{"line":157,"column":2},"end":{"line":157,"column":35}},"85":{"start":{"line":158,"column":2},"end":{"line":158,"column":53}},"86":{"start":{"line":159,"column":2},"end":{"line":159,"column":12}},"87":{"start":{"line":163,"column":13},"end":{"line":163,"column":40}},"88":{"start":{"line":164,"column":2},"end":{"line":164,"column":22}},"89":{"start":{"line":164,"column":10},"end":{"line":164,"column":22}},"90":{"start":{"line":168,"column":18},"end":{"line":189,"column":1}},"91":{"start":{"line":170,"column":22},"end":{"line":170,"column":34}},"92":{"start":{"line":174,"column":22},"end":{"line":174,"column":61}},"93":{"start":{"line":178,"column":22},"end":{"line":178,"column":36}},"94":{"start":{"line":182,"column":22},"end":{"line":182,"column":142}},"95":{"start":{"line":186,"column":22},"end":{"line":186,"column":61}},"96":{"start":{"line":191,"column":0},"end":{"line":211,"column":1}},"97":{"start":{"line":192,"column":12},"end":{"line":192,"column":30}},"98":{"start":{"line":193,"column":20},"end":{"line":193,"column":61}},"99":{"start":{"line":195,"column":2},"end":{"line":199,"column":3}},"100":{"start":{"line":196,"column":4},"end":{"line":196,"column":126}},"101":{"start":{"line":197,"column":4},"end":{"line":197,"column":39}},"102":{"start":{"line":198,"column":4},"end":{"line":198,"column":11}},"103":{"start":{"line":201,"column":19},"end":{"line":201,"column":34}},"104":{"start":{"line":202,"column":18},"end":{"line":202,"column":39}},"105":{"start":{"line":204,"column":2},"end":{"line":209,"column":3}},"106":{"start":{"line":205,"column":4},"end":{"line":205,"column":154}},"107":{"start":{"line":207,"column":17},"end":{"line":207,"column":92}},"108":{"start":{"line":208,"column":4},"end":{"line":208,"column":40}},"109":{"start":{"line":210,"column":2},"end":{"line":210,"column":37}},"110":{"start":{"line":214,"column":0},"end":{"line":223,"column":1}},"111":{"start":{"line":215,"column":2},"end":{"line":222,"column":4}}},"fnMap":{"0":{"name":"(anonymous_0)","decl":{"start":{"line":12,"column":46},"end":{"line":12,"column":47}},"loc":{"start":{"line":12,"column":52},"end":{"line":20,"column":1}},"line":12},"1":{"name":"(anonymous_1)","decl":{"start":{"line":15,"column":40},"end":{"line":15,"column":41}},"loc":{"start":{"line":15,"column":47},"end":{"line":18,"column":5}},"line":15},"2":{"name":"generateBotResponse","decl":{"start":{"line":23,"column":9},"end":{"line":23,"column":28}},"loc":{"start":{"line":23,"column":40},"end":{"line":75,"column":1}},"line":23},"3":{"name":"handleUserMessage","decl":{"start":{"line":77,"column":9},"end":{"line":77,"column":26}},"loc":{"start":{"line":77,"column":29},"end":{"line":113,"column":1}},"line":77},"4":{"name":"(anonymous_4)","decl":{"start":{"line":90,"column":13},"end":{"line":90,"column":14}},"loc":{"start":{"line":90,"column":25},"end":{"line":112,"column":3}},"line":90},"5":{"name":"(anonymous_5)","decl":{"start":{"line":115,"column":24},"end":{"line":115,"column":25}},"loc":{"start":{"line":115,"column":38},"end":{"line":123,"column":1}},"line":115},"6":{"name":"addChatMessage","decl":{"start":{"line":125,"column":9},"end":{"line":125,"column":23}},"loc":{"start":{"line":125,"column":45},"end":{"line":139,"column":1}},"line":125},"7":{"name":"showTypingIndicator","decl":{"start":{"line":141,"column":9},"end":{"line":141,"column":28}},"loc":{"start":{"line":141,"column":31},"end":{"line":160,"column":1}},"line":141},"8":{"name":"removeTypingIndicator","decl":{"start":{"line":162,"column":9},"end":{"line":162,"column":30}},"loc":{"start":{"line":162,"column":35},"end":{"line":165,"column":1}},"line":162},"9":{"name":"(anonymous_9)","decl":{"start":{"line":170,"column":15},"end":{"line":170,"column":16}},"loc":{"start":{"line":170,"column":22},"end":{"line":170,"column":34}},"line":170},"10":{"name":"(anonymous_10)","decl":{"start":{"line":174,"column":15},"end":{"line":174,"column":16}},"loc":{"start":{"line":174,"column":22},"end":{"line":174,"column":61}},"line":174},"11":{"name":"(anonymous_11)","decl":{"start":{"line":178,"column":15},"end":{"line":178,"column":16}},"loc":{"start":{"line":178,"column":22},"end":{"line":178,"column":36}},"line":178},"12":{"name":"(anonymous_12)","decl":{"start":{"line":182,"column":15},"end":{"line":182,"column":16}},"loc":{"start":{"line":182,"column":22},"end":{"line":182,"column":142}},"line":182},"13":{"name":"(anonymous_13)","decl":{"start":{"line":186,"column":15},"end":{"line":186,"column":16}},"loc":{"start":{"line":186,"column":22},"end":{"line":186,"column":61}},"line":186},"14":{"name":"(anonymous_14)","decl":{"start":{"line":191,"column":21},"end":{"line":191,"column":22}},"loc":{"start":{"line":191,"column":36},"end":{"line":211,"column":1}},"line":191}},"branchMap":{"0":{"loc":{"start":{"line":14,"column":2},"end":{"line":19,"column":3}},"type":"if","locations":[{"start":{"line":14,"column":2},"end":{"line":19,"column":3}},{"start":{},"end":{}}],"line":14},"1":{"loc":{"start":{"line":28,"column":2},"end":{"line":46,"column":3}},"type":"if","locations":[{"start":{"line":28,"column":2},"end":{"line":46,"column":3}},{"start":{},"end":{}}],"line":28},"2":{"loc":{"start":{"line":28,"column":6},"end":{"line":28,"column":99}},"type":"binary-expr","locations":[{"start":{"line":28,"column":6},"end":{"line":28,"column":31}},{"start":{"line":28,"column":35},"end":{"line":28,"column":65}},{"start":{"line":28,"column":69},"end":{"line":28,"column":99}}],"line":28},"3":{"loc":{"start":{"line":29,"column":4},"end":{"line":29,"column":158}},"type":"if","locations":[{"start":{"line":29,"column":4},"end":{"line":29,"column":158}},{"start":{},"end":{}}],"line":29},"4":{"loc":{"start":{"line":34,"column":4},"end":{"line":34,"column":62}},"type":"if","locations":[{"start":{"line":34,"column":4},"end":{"line":34,"column":62}},{"start":{},"end":{}}],"line":34},"5":{"loc":{"start":{"line":35,"column":4},"end":{"line":35,"column":68}},"type":"if","locations":[{"start":{"line":35,"column":4},"end":{"line":35,"column":68}},{"start":{},"end":{}}],"line":35},"6":{"loc":{"start":{"line":36,"column":4},"end":{"line":36,"column":74}},"type":"if","locations":[{"start":{"line":36,"column":4},"end":{"line":36,"column":74}},{"start":{},"end":{}}],"line":36},"7":{"loc":{"start":{"line":40,"column":4},"end":{"line":43,"column":151}},"type":"if","locations":[{"start":{"line":40,"column":4},"end":{"line":43,"column":151}},{"start":{"line":41,"column":9},"end":{"line":43,"column":151}}],"line":40},"8":{"loc":{"start":{"line":41,"column":9},"end":{"line":43,"column":151}},"type":"if","locations":[{"start":{"line":41,"column":9},"end":{"line":43,"column":151}},{"start":{"line":42,"column":9},"end":{"line":43,"column":151}}],"line":41},"9":{"loc":{"start":{"line":42,"column":9},"end":{"line":43,"column":151}},"type":"if","locations":[{"start":{"line":42,"column":9},"end":{"line":43,"column":151}},{"start":{"line":43,"column":9},"end":{"line":43,"column":151}}],"line":42},"10":{"loc":{"start":{"line":49,"column":2},"end":{"line":52,"column":3}},"type":"if","locations":[{"start":{"line":49,"column":2},"end":{"line":52,"column":3}},{"start":{},"end":{}}],"line":49},"11":{"loc":{"start":{"line":49,"column":6},"end":{"line":49,"column":162}},"type":"binary-expr","locations":[{"start":{"line":49,"column":6},"end":{"line":49,"column":33}},{"start":{"line":49,"column":37},"end":{"line":49,"column":58}},{"start":{"line":49,"column":62},"end":{"line":49,"column":85}},{"start":{"line":49,"column":89},"end":{"line":49,"column":109}},{"start":{"line":49,"column":113},"end":{"line":49,"column":134}},{"start":{"line":49,"column":138},"end":{"line":49,"column":162}}],"line":49},"12":{"loc":{"start":{"line":50,"column":4},"end":{"line":50,"column":264}},"type":"if","locations":[{"start":{"line":50,"column":4},"end":{"line":50,"column":264}},{"start":{},"end":{}}],"line":50},"13":{"loc":{"start":{"line":50,"column":8},"end":{"line":50,"column":57}},"type":"binary-expr","locations":[{"start":{"line":50,"column":8},"end":{"line":50,"column":29}},{"start":{"line":50,"column":33},"end":{"line":50,"column":57}}],"line":50},"14":{"loc":{"start":{"line":55,"column":2},"end":{"line":57,"column":3}},"type":"if","locations":[{"start":{"line":55,"column":2},"end":{"line":57,"column":3}},{"start":{},"end":{}}],"line":55},"15":{"loc":{"start":{"line":55,"column":6},"end":{"line":55,"column":107}},"type":"binary-expr","locations":[{"start":{"line":55,"column":6},"end":{"line":55,"column":28}},{"start":{"line":55,"column":32},"end":{"line":55,"column":54}},{"start":{"line":55,"column":58},"end":{"line":55,"column":80}},{"start":{"line":55,"column":84},"end":{"line":55,"column":107}}],"line":55},"16":{"loc":{"start":{"line":60,"column":2},"end":{"line":62,"column":3}},"type":"if","locations":[{"start":{"line":60,"column":2},"end":{"line":62,"column":3}},{"start":{},"end":{}}],"line":60},"17":{"loc":{"start":{"line":60,"column":6},"end":{"line":60,"column":142}},"type":"binary-expr","locations":[{"start":{"line":60,"column":6},"end":{"line":60,"column":30}},{"start":{"line":60,"column":34},"end":{"line":60,"column":56}},{"start":{"line":60,"column":60},"end":{"line":60,"column":82}},{"start":{"line":60,"column":86},"end":{"line":60,"column":115}},{"start":{"line":60,"column":119},"end":{"line":60,"column":142}}],"line":60},"18":{"loc":{"start":{"line":65,"column":2},"end":{"line":67,"column":3}},"type":"if","locations":[{"start":{"line":65,"column":2},"end":{"line":67,"column":3}},{"start":{},"end":{}}],"line":65},"19":{"loc":{"start":{"line":65,"column":6},"end":{"line":65,"column":79}},"type":"binary-expr","locations":[{"start":{"line":65,"column":6},"end":{"line":65,"column":50}},{"start":{"line":65,"column":54},"end":{"line":65,"column":79}}],"line":65},"20":{"loc":{"start":{"line":71,"column":2},"end":{"line":73,"column":3}},"type":"if","locations":[{"start":{"line":71,"column":2},"end":{"line":73,"column":3}},{"start":{},"end":{}}],"line":71},"21":{"loc":{"start":{"line":71,"column":6},"end":{"line":71,"column":47}},"type":"binary-expr","locations":[{"start":{"line":71,"column":6},"end":{"line":71,"column":31}},{"start":{"line":71,"column":35},"end":{"line":71,"column":47}}],"line":71},"22":{"loc":{"start":{"line":80,"column":2},"end":{"line":80,"column":19}},"type":"if","locations":[{"start":{"line":80,"column":2},"end":{"line":80,"column":19}},{"start":{},"end":{}}],"line":80},"23":{"loc":{"start":{"line":97,"column":19},"end":{"line":97,"column":72}},"type":"cond-expr","locations":[{"start":{"line":97,"column":47},"end":{"line":97,"column":65}},{"start":{"line":97,"column":68},"end":{"line":97,"column":72}}],"line":97},"24":{"loc":{"start":{"line":101,"column":6},"end":{"line":101,"column":53}},"type":"if","locations":[{"start":{"line":101,"column":6},"end":{"line":101,"column":53}},{"start":{},"end":{}}],"line":101},"25":{"loc":{"start":{"line":130,"column":37},"end":{"line":130,"column":76}},"type":"cond-expr","locations":[{"start":{"line":130,"column":46},"end":{"line":130,"column":60}},{"start":{"line":130,"column":63},"end":{"line":130,"column":76}}],"line":130},"26":{"loc":{"start":{"line":133,"column":53},"end":{"line":133,"column":73}},"type":"cond-expr","locations":[{"start":{"line":133,"column":62},"end":{"line":133,"column":66}},{"start":{"line":133,"column":69},"end":{"line":133,"column":73}}],"line":133},"27":{"loc":{"start":{"line":134,"column":37},"end":{"line":134,"column":86}},"type":"cond-expr","locations":[{"start":{"line":134,"column":46},"end":{"line":134,"column":72}},{"start":{"line":134,"column":75},"end":{"line":134,"column":86}}],"line":134},"28":{"loc":{"start":{"line":164,"column":2},"end":{"line":164,"column":22}},"type":"if","locations":[{"start":{"line":164,"column":2},"end":{"line":164,"column":22}},{"start":{},"end":{}}],"line":164},"29":{"loc":{"start":{"line":174,"column":22},"end":{"line":174,"column":61}},"type":"cond-expr","locations":[{"start":{"line":174,"column":40},"end":{"line":174,"column":57}},{"start":{"line":174,"column":60},"end":{"line":174,"column":61}}],"line":174},"30":{"loc":{"start":{"line":182,"column":22},"end":{"line":182,"column":142}},"type":"cond-expr","locations":[{"start":{"line":182,"column":51},"end":{"line":182,"column":135}},{"start":{"line":182,"column":139},"end":{"line":182,"column":142}}],"line":182},"31":{"loc":{"start":{"line":182,"column":51},"end":{"line":182,"column":135}},"type":"binary-expr","locations":[{"start":{"line":182,"column":51},"end":{"line":182,"column":130}},{"start":{"line":182,"column":134},"end":{"line":182,"column":135}}],"line":182},"32":{"loc":{"start":{"line":186,"column":22},"end":{"line":186,"column":61}},"type":"cond-expr","locations":[{"start":{"line":186,"column":40},"end":{"line":186,"column":57}},{"start":{"line":186,"column":60},"end":{"line":186,"column":61}}],"line":186},"33":{"loc":{"start":{"line":195,"column":2},"end":{"line":199,"column":3}},"type":"if","locations":[{"start":{"line":195,"column":2},"end":{"line":199,"column":3}},{"start":{},"end":{}}],"line":195},"34":{"loc":{"start":{"line":204,"column":2},"end":{"line":209,"column":3}},"type":"if","locations":[{"start":{"line":204,"column":2},"end":{"line":209,"column":3}},{"start":{"line":206,"column":9},"end":{"line":209,"column":3}}],"line":204},"35":{"loc":{"start":{"line":214,"column":0},"end":{"line":223,"column":1}},"type":"if","locations":[{"start":{"line":214,"column":0},"end":{"line":223,"column":1}},{"start":{},"end":{}}],"line":214},"36":{"loc":{"start":{"line":214,"column":4},"end":{"line":214,"column":51}},"type":"binary-expr","locations":[{"start":{"line":214,"column":4},"end":{"line":214,"column":33}},{"start":{"line":214,"column":37},"end":{"line":214,"column":51}}],"line":214}},"s":{"0":1,"1":1,"2":1,"3":1,"4":1,"5":1,"6":11,"7":11,"8":11,"9":5,"10":1,"11":4,"12":4,"13":4,"14":1,"15":1,"16":4,"17":1,"18":1,"19":4,"20":1,"21":1,"22":4,"23":4,"24":1,"25":3,"26":1,"27":2,"28":1,"29":1,"30":4,"31":6,"32":1,"33":1,"34":0,"35":5,"36":1,"37":4,"38":1,"39":3,"40":0,"41":3,"42":3,"43":0,"44":3,"45":4,"46":4,"47":4,"48":0,"49":4,"50":4,"51":4,"52":4,"53":2,"54":2,"55":1,"56":0,"57":1,"58":1,"59":1,"60":1,"61":1,"62":1,"63":1,"64":1,"65":1,"66":1,"67":1,"68":1,"69":1,"70":7,"71":7,"72":7,"73":7,"74":7,"75":7,"76":7,"77":6,"78":6,"79":6,"80":6,"81":6,"82":6,"83":6,"84":6,"85":6,"86":6,"87":3,"88":3,"89":3,"90":1,"91":1,"92":0,"93":0,"94":0,"95":0,"96":1,"97":2,"98":2,"99":2,"100":1,"101":1,"102":1,"103":1,"104":1,"105":1,"106":0,"107":1,"108":1,"109":1,"110":1,"111":1},"f":{"0":1,"1":1,"2":11,"3":4,"4":2,"5":1,"6":7,"7":6,"8":3,"9":1,"10":0,"11":0,"12":0,"13":0,"14":2},"b":{"0":[1,0],"1":[5,6],"2":[11,6,6],"3":[1,4],"4":[1,3],"5":[1,3],"6":[1,3],"7":[1,3],"8":[1,2],"9":[1,1],"10":[1,5],"11":[6,6,6,6,6,6],"12":[1,0],"13":[1,1],"14":[1,4],"15":[5,4,4,4],"16":[1,3],"17":[4,3,3,3,3],"18":[0,3],"19":[3,3],"20":[0,3],"21":[3,3],"22":[0,4],"23":[2,0],"24":[0,1],"25":[5,2],"26":[5,2],"27":[5,2],"28":[3,0],"29":[0,0],"30":[0,0],"31":[0,0],"32":[0,0],"33":[1,1],"34":[0,1],"35":[1,0],"36":[1,1]},"_coverageSchema":"1a1c01bbd47fc00a2c39e90264f33305004495a9","hash":"4ac07bd06dc36ab03d8e3bda6711517d860244c1"}
,"C:\\Users\\mohds\\Desktop\\Carbon Footprint Awareness\\js\\calculator.js": {"path":"C:\\Users\\mohds\\Desktop\\Carbon Footprint Awareness\\js\\calculator.js","statementMap":{"0":{"start":{"line":13,"column":0},"end":{"line":26,"column":3}},"1":{"start":{"line":14,"column":21},"end":{"line":14,"column":111}},"2":{"start":{"line":15,"column":2},"end":{"line":23,"column":5}},"3":{"start":{"line":16,"column":4},"end":{"line":22,"column":7}},"4":{"start":{"line":18,"column":6},"end":{"line":20,"column":7}},"5":{"start":{"line":19,"column":8},"end":{"line":19,"column":95}},"6":{"start":{"line":21,"column":6},"end":{"line":21,"column":27}},"7":{"start":{"line":25,"column":2},"end":{"line":25,"column":23}},"8":{"start":{"line":29,"column":13},"end":{"line":29,"column":29}},"9":{"start":{"line":32,"column":18},"end":{"line":32,"column":58}},"10":{"start":{"line":33,"column":16},"end":{"line":33,"column":66}},"11":{"start":{"line":34,"column":21},"end":{"line":34,"column":64}},"12":{"start":{"line":35,"column":19},"end":{"line":35,"column":67}},"13":{"start":{"line":37,"column":15},"end":{"line":40,"column":51}},"14":{"start":{"line":42,"column":2},"end":{"line":42,"column":92}},"15":{"start":{"line":45,"column":19},"end":{"line":45,"column":60}},"16":{"start":{"line":46,"column":20},"end":{"line":46,"column":62}},"17":{"start":{"line":47,"column":20},"end":{"line":47,"column":62}},"18":{"start":{"line":49,"column":15},"end":{"line":51,"column":46}},"19":{"start":{"line":53,"column":2},"end":{"line":53,"column":87}},"20":{"start":{"line":56,"column":19},"end":{"line":56,"column":60}},"21":{"start":{"line":57,"column":20},"end":{"line":57,"column":65}},"22":{"start":{"line":58,"column":18},"end":{"line":58,"column":58}},"23":{"start":{"line":59,"column":17},"end":{"line":59,"column":59}},"24":{"start":{"line":61,"column":19},"end":{"line":61,"column":50}},"25":{"start":{"line":62,"column":15},"end":{"line":62,"column":132}},"26":{"start":{"line":64,"column":2},"end":{"line":64,"column":89}},"27":{"start":{"line":67,"column":19},"end":{"line":67,"column":64}},"28":{"start":{"line":68,"column":15},"end":{"line":68,"column":59}},"29":{"start":{"line":69,"column":17},"end":{"line":69,"column":64}},"30":{"start":{"line":71,"column":15},"end":{"line":73,"column":48}},"31":{"start":{"line":75,"column":2},"end":{"line":75,"column":91}},"32":{"start":{"line":77,"column":2},"end":{"line":77,"column":79}},"33":{"start":{"line":82,"column":2},"end":{"line":82,"column":85}},"34":{"start":{"line":82,"column":55},"end":{"line":82,"column":83}},"35":{"start":{"line":84,"column":2},"end":{"line":84,"column":72}},"36":{"start":{"line":87,"column":26},"end":{"line":87,"column":45}},"37":{"start":{"line":88,"column":2},"end":{"line":88,"column":78}},"38":{"start":{"line":89,"column":2},"end":{"line":89,"column":75}},"39":{"start":{"line":90,"column":2},"end":{"line":90,"column":24}},"40":{"start":{"line":94,"column":2},"end":{"line":94,"column":22}},"41":{"start":{"line":96,"column":2},"end":{"line":141,"column":10}},"42":{"start":{"line":97,"column":19},"end":{"line":97,"column":39}},"43":{"start":{"line":98,"column":18},"end":{"line":98,"column":82}},"44":{"start":{"line":101,"column":4},"end":{"line":107,"column":6}},"45":{"start":{"line":108,"column":4},"end":{"line":108,"column":37}},"46":{"start":{"line":109,"column":4},"end":{"line":109,"column":16}},"47":{"start":{"line":112,"column":4},"end":{"line":112,"column":77}},"48":{"start":{"line":114,"column":20},"end":{"line":114,"column":22}},"49":{"start":{"line":115,"column":4},"end":{"line":117,"column":52}},"50":{"start":{"line":115,"column":19},"end":{"line":115,"column":67}},"51":{"start":{"line":116,"column":9},"end":{"line":117,"column":52}},"52":{"start":{"line":116,"column":24},"end":{"line":116,"column":71}},"53":{"start":{"line":117,"column":9},"end":{"line":117,"column":52}},"54":{"start":{"line":118,"column":4},"end":{"line":118,"column":68}},"55":{"start":{"line":121,"column":19},"end":{"line":126,"column":5}},"56":{"start":{"line":127,"column":4},"end":{"line":127,"column":68}},"57":{"start":{"line":130,"column":4},"end":{"line":130,"column":30}},"58":{"start":{"line":132,"column":4},"end":{"line":132,"column":25}},"59":{"start":{"line":135,"column":4},"end":{"line":135,"column":87}},"60":{"start":{"line":135,"column":57},"end":{"line":135,"column":85}},"61":{"start":{"line":136,"column":4},"end":{"line":136,"column":67}},"62":{"start":{"line":137,"column":4},"end":{"line":137,"column":65}},"63":{"start":{"line":138,"column":4},"end":{"line":138,"column":77}},"64":{"start":{"line":140,"column":4},"end":{"line":140,"column":26}},"65":{"start":{"line":144,"column":26},"end":{"line":144,"column":30}},"66":{"start":{"line":146,"column":17},"end":{"line":146,"column":55}},"67":{"start":{"line":147,"column":2},"end":{"line":147,"column":57}},"68":{"start":{"line":147,"column":27},"end":{"line":147,"column":57}},"69":{"start":{"line":149,"column":2},"end":{"line":174,"column":5}},"70":{"start":{"line":168,"column":14},"end":{"line":168,"column":69}},"71":{"start":{"line":178,"column":2},"end":{"line":178,"column":22}},"72":{"start":{"line":179,"column":2},"end":{"line":179,"column":60}},"73":{"start":{"line":180,"column":2},"end":{"line":180,"column":26}},"74":{"start":{"line":184,"column":0},"end":{"line":191,"column":1}},"75":{"start":{"line":185,"column":2},"end":{"line":190,"column":4}}},"fnMap":{"0":{"name":"(anonymous_0)","decl":{"start":{"line":13,"column":46},"end":{"line":13,"column":47}},"loc":{"start":{"line":13,"column":52},"end":{"line":26,"column":1}},"line":13},"1":{"name":"(anonymous_1)","decl":{"start":{"line":15,"column":21},"end":{"line":15,"column":22}},"loc":{"start":{"line":15,"column":30},"end":{"line":23,"column":3}},"line":15},"2":{"name":"(anonymous_2)","decl":{"start":{"line":16,"column":36},"end":{"line":16,"column":37}},"loc":{"start":{"line":16,"column":43},"end":{"line":22,"column":5}},"line":16},"3":{"name":"updateRealtimeCalc","decl":{"start":{"line":28,"column":9},"end":{"line":28,"column":27}},"loc":{"start":{"line":28,"column":30},"end":{"line":78,"column":1}},"line":28},"4":{"name":"nextCalcStep","decl":{"start":{"line":80,"column":9},"end":{"line":80,"column":21}},"loc":{"start":{"line":80,"column":31},"end":{"line":91,"column":1}},"line":80},"5":{"name":"(anonymous_5)","decl":{"start":{"line":82,"column":50},"end":{"line":82,"column":51}},"loc":{"start":{"line":82,"column":55},"end":{"line":82,"column":83}},"line":82},"6":{"name":"calculateTotal","decl":{"start":{"line":93,"column":9},"end":{"line":93,"column":23}},"loc":{"start":{"line":93,"column":26},"end":{"line":142,"column":1}},"line":93},"7":{"name":"(anonymous_7)","decl":{"start":{"line":96,"column":13},"end":{"line":96,"column":14}},"loc":{"start":{"line":96,"column":19},"end":{"line":141,"column":3}},"line":96},"8":{"name":"(anonymous_8)","decl":{"start":{"line":135,"column":52},"end":{"line":135,"column":53}},"loc":{"start":{"line":135,"column":57},"end":{"line":135,"column":85}},"line":135},"9":{"name":"renderResultChart","decl":{"start":{"line":145,"column":9},"end":{"line":145,"column":26}},"loc":{"start":{"line":145,"column":35},"end":{"line":175,"column":1}},"line":145},"10":{"name":"(anonymous_10)","decl":{"start":{"line":167,"column":19},"end":{"line":167,"column":20}},"loc":{"start":{"line":167,"column":37},"end":{"line":169,"column":13}},"line":167},"11":{"name":"saveAndGoToDashboard","decl":{"start":{"line":177,"column":9},"end":{"line":177,"column":29}},"loc":{"start":{"line":177,"column":32},"end":{"line":181,"column":1}},"line":177}},"branchMap":{"0":{"loc":{"start":{"line":18,"column":6},"end":{"line":20,"column":7}},"type":"if","locations":[{"start":{"line":18,"column":6},"end":{"line":20,"column":7}},{"start":{},"end":{}}],"line":18},"1":{"loc":{"start":{"line":37,"column":16},"end":{"line":37,"column":47}},"type":"binary-expr","locations":[{"start":{"line":37,"column":16},"end":{"line":37,"column":42}},{"start":{"line":37,"column":46},"end":{"line":37,"column":47}}],"line":37},"2":{"loc":{"start":{"line":38,"column":16},"end":{"line":38,"column":74}},"type":"cond-expr","locations":[{"start":{"line":38,"column":37},"end":{"line":38,"column":70}},{"start":{"line":38,"column":73},"end":{"line":38,"column":74}}],"line":38},"3":{"loc":{"start":{"line":39,"column":16},"end":{"line":39,"column":53}},"type":"binary-expr","locations":[{"start":{"line":39,"column":16},"end":{"line":39,"column":48}},{"start":{"line":39,"column":52},"end":{"line":39,"column":53}}],"line":39},"4":{"loc":{"start":{"line":40,"column":16},"end":{"line":40,"column":50}},"type":"binary-expr","locations":[{"start":{"line":40,"column":16},"end":{"line":40,"column":45}},{"start":{"line":40,"column":49},"end":{"line":40,"column":50}}],"line":40},"5":{"loc":{"start":{"line":49,"column":16},"end":{"line":49,"column":43}},"type":"binary-expr","locations":[{"start":{"line":49,"column":16},"end":{"line":49,"column":38}},{"start":{"line":49,"column":42},"end":{"line":49,"column":43}}],"line":49},"6":{"loc":{"start":{"line":50,"column":16},"end":{"line":50,"column":45}},"type":"binary-expr","locations":[{"start":{"line":50,"column":16},"end":{"line":50,"column":40}},{"start":{"line":50,"column":44},"end":{"line":50,"column":45}}],"line":50},"7":{"loc":{"start":{"line":51,"column":16},"end":{"line":51,"column":45}},"type":"binary-expr","locations":[{"start":{"line":51,"column":16},"end":{"line":51,"column":40}},{"start":{"line":51,"column":44},"end":{"line":51,"column":45}}],"line":51},"8":{"loc":{"start":{"line":61,"column":19},"end":{"line":61,"column":50}},"type":"binary-expr","locations":[{"start":{"line":61,"column":19},"end":{"line":61,"column":43}},{"start":{"line":61,"column":47},"end":{"line":61,"column":50}}],"line":61},"9":{"loc":{"start":{"line":62,"column":29},"end":{"line":62,"column":61}},"type":"binary-expr","locations":[{"start":{"line":62,"column":29},"end":{"line":62,"column":56}},{"start":{"line":62,"column":60},"end":{"line":62,"column":61}}],"line":62},"10":{"loc":{"start":{"line":62,"column":66},"end":{"line":62,"column":97}},"type":"binary-expr","locations":[{"start":{"line":62,"column":66},"end":{"line":62,"column":92}},{"start":{"line":62,"column":96},"end":{"line":62,"column":97}}],"line":62},"11":{"loc":{"start":{"line":62,"column":102},"end":{"line":62,"column":131}},"type":"binary-expr","locations":[{"start":{"line":62,"column":102},"end":{"line":62,"column":126}},{"start":{"line":62,"column":130},"end":{"line":62,"column":131}}],"line":62},"12":{"loc":{"start":{"line":71,"column":16},"end":{"line":71,"column":51}},"type":"binary-expr","locations":[{"start":{"line":71,"column":16},"end":{"line":71,"column":46}},{"start":{"line":71,"column":50},"end":{"line":71,"column":51}}],"line":71},"13":{"loc":{"start":{"line":72,"column":16},"end":{"line":72,"column":50}},"type":"binary-expr","locations":[{"start":{"line":72,"column":16},"end":{"line":72,"column":45}},{"start":{"line":72,"column":49},"end":{"line":72,"column":50}}],"line":72},"14":{"loc":{"start":{"line":73,"column":16},"end":{"line":73,"column":47}},"type":"binary-expr","locations":[{"start":{"line":73,"column":16},"end":{"line":73,"column":42}},{"start":{"line":73,"column":46},"end":{"line":73,"column":47}}],"line":73},"15":{"loc":{"start":{"line":115,"column":4},"end":{"line":117,"column":52}},"type":"if","locations":[{"start":{"line":115,"column":4},"end":{"line":117,"column":52}},{"start":{"line":116,"column":9},"end":{"line":117,"column":52}}],"line":115},"16":{"loc":{"start":{"line":116,"column":9},"end":{"line":117,"column":52}},"type":"if","locations":[{"start":{"line":116,"column":9},"end":{"line":117,"column":52}},{"start":{"line":117,"column":9},"end":{"line":117,"column":52}}],"line":116},"17":{"loc":{"start":{"line":147,"column":2},"end":{"line":147,"column":57}},"type":"if","locations":[{"start":{"line":147,"column":2},"end":{"line":147,"column":57}},{"start":{},"end":{}}],"line":147},"18":{"loc":{"start":{"line":184,"column":0},"end":{"line":191,"column":1}},"type":"if","locations":[{"start":{"line":184,"column":0},"end":{"line":191,"column":1}},{"start":{},"end":{}}],"line":184},"19":{"loc":{"start":{"line":184,"column":4},"end":{"line":184,"column":51}},"type":"binary-expr","locations":[{"start":{"line":184,"column":4},"end":{"line":184,"column":33}},{"start":{"line":184,"column":37},"end":{"line":184,"column":51}}],"line":184}},"s":{"0":1,"1":1,"2":1,"3":14,"4":1,"5":1,"6":1,"7":1,"8":4,"9":4,"10":4,"11":4,"12":4,"13":4,"14":4,"15":4,"16":4,"17":4,"18":4,"19":4,"20":4,"21":4,"22":4,"23":4,"24":4,"25":4,"26":4,"27":4,"28":4,"29":4,"30":4,"31":4,"32":4,"33":1,"34":5,"35":1,"36":1,"37":1,"38":1,"39":1,"40":1,"41":1,"42":1,"43":1,"44":1,"45":1,"46":1,"47":1,"48":1,"49":1,"50":0,"51":1,"52":0,"53":1,"54":1,"55":1,"56":1,"57":1,"58":1,"59":1,"60":5,"61":1,"62":1,"63":1,"64":1,"65":1,"66":1,"67":1,"68":0,"69":1,"70":0,"71":1,"72":1,"73":1,"74":1,"75":1},"f":{"0":1,"1":14,"2":1,"3":4,"4":1,"5":5,"6":1,"7":1,"8":5,"9":1,"10":0,"11":1},"b":{"0":[1,0],"1":[4,0],"2":[4,0],"3":[4,0],"4":[4,0],"5":[4,0],"6":[4,0],"7":[4,4],"8":[4,0],"9":[4,0],"10":[4,0],"11":[4,0],"12":[4,0],"13":[4,0],"14":[4,0],"15":[0,1],"16":[0,1],"17":[0,1],"18":[1,0],"19":[1,1]},"_coverageSchema":"1a1c01bbd47fc00a2c39e90264f33305004495a9","hash":"1cfc65b45204d2ad8af4c02fbedf4e86815a7690"}
,"C:\\Users\\mohds\\Desktop\\Carbon Footprint Awareness\\js\\data.js": {"path":"C:\\Users\\mohds\\Desktop\\Carbon Footprint Awareness\\js\\data.js","statementMap":{"0":{"start":{"line":13,"column":25},"end":{"line":36,"column":1}},"1":{"start":{"line":39,"column":22},"end":{"line":53,"column":1}},"2":{"start":{"line":56,"column":15},"end":{"line":56,"column":26}},"3":{"start":{"line":60,"column":2},"end":{"line":64,"column":3}},"4":{"start":{"line":61,"column":4},"end":{"line":61,"column":68}},"5":{"start":{"line":69,"column":14},"end":{"line":69,"column":55}},"6":{"start":{"line":70,"column":2},"end":{"line":81,"column":3}},"7":{"start":{"line":71,"column":18},"end":{"line":71,"column":55}},"8":{"start":{"line":72,"column":4},"end":{"line":78,"column":5}},"9":{"start":{"line":73,"column":21},"end":{"line":73,"column":38}},"10":{"start":{"line":74,"column":6},"end":{"line":74,"column":38}},"11":{"start":{"line":75,"column":6},"end":{"line":75,"column":54}},"12":{"start":{"line":75,"column":38},"end":{"line":75,"column":54}},"13":{"start":{"line":76,"column":6},"end":{"line":76,"column":78}},"14":{"start":{"line":76,"column":50},"end":{"line":76,"column":78}},"15":{"start":{"line":77,"column":6},"end":{"line":77,"column":58}},"16":{"start":{"line":77,"column":40},"end":{"line":77,"column":58}},"17":{"start":{"line":82,"column":2},"end":{"line":82,"column":15}},"18":{"start":{"line":87,"column":2},"end":{"line":87,"column":46}},"19":{"start":{"line":87,"column":33},"end":{"line":87,"column":46}},"20":{"start":{"line":88,"column":14},"end":{"line":88,"column":43}},"21":{"start":{"line":89,"column":2},"end":{"line":89,"column":26}},"22":{"start":{"line":90,"column":2},"end":{"line":90,"column":23}},"23":{"start":{"line":95,"column":17},"end":{"line":95,"column":32}},"24":{"start":{"line":96,"column":2},"end":{"line":96,"column":59}},"25":{"start":{"line":100,"column":0},"end":{"line":109,"column":1}},"26":{"start":{"line":101,"column":2},"end":{"line":108,"column":4}}},"fnMap":{"0":{"name":"saveState","decl":{"start":{"line":59,"column":9},"end":{"line":59,"column":18}},"loc":{"start":{"line":59,"column":21},"end":{"line":65,"column":1}},"line":59},"1":{"name":"loadState","decl":{"start":{"line":68,"column":9},"end":{"line":68,"column":18}},"loc":{"start":{"line":68,"column":21},"end":{"line":83,"column":1}},"line":68},"2":{"name":"sanitizeInput","decl":{"start":{"line":86,"column":9},"end":{"line":86,"column":22}},"loc":{"start":{"line":86,"column":30},"end":{"line":91,"column":1}},"line":86},"3":{"name":"formatNum","decl":{"start":{"line":94,"column":9},"end":{"line":94,"column":18}},"loc":{"start":{"line":94,"column":38},"end":{"line":97,"column":1}},"line":94}},"branchMap":{"0":{"loc":{"start":{"line":72,"column":4},"end":{"line":78,"column":5}},"type":"if","locations":[{"start":{"line":72,"column":4},"end":{"line":78,"column":5}},{"start":{},"end":{}}],"line":72},"1":{"loc":{"start":{"line":75,"column":6},"end":{"line":75,"column":54}},"type":"if","locations":[{"start":{"line":75,"column":6},"end":{"line":75,"column":54}},{"start":{},"end":{}}],"line":75},"2":{"loc":{"start":{"line":76,"column":6},"end":{"line":76,"column":78}},"type":"if","locations":[{"start":{"line":76,"column":6},"end":{"line":76,"column":78}},{"start":{},"end":{}}],"line":76},"3":{"loc":{"start":{"line":77,"column":6},"end":{"line":77,"column":58}},"type":"if","locations":[{"start":{"line":77,"column":6},"end":{"line":77,"column":58}},{"start":{},"end":{}}],"line":77},"4":{"loc":{"start":{"line":87,"column":2},"end":{"line":87,"column":46}},"type":"if","locations":[{"start":{"line":87,"column":2},"end":{"line":87,"column":46}},{"start":{},"end":{}}],"line":87},"5":{"loc":{"start":{"line":94,"column":24},"end":{"line":94,"column":36}},"type":"default-arg","locations":[{"start":{"line":94,"column":35},"end":{"line":94,"column":36}}],"line":94},"6":{"loc":{"start":{"line":96,"column":9},"end":{"line":96,"column":58}},"type":"cond-expr","locations":[{"start":{"line":96,"column":25},"end":{"line":96,"column":31}},{"start":{"line":96,"column":34},"end":{"line":96,"column":58}}],"line":96},"7":{"loc":{"start":{"line":100,"column":0},"end":{"line":109,"column":1}},"type":"if","locations":[{"start":{"line":100,"column":0},"end":{"line":109,"column":1}},{"start":{},"end":{}}],"line":100},"8":{"loc":{"start":{"line":100,"column":4},"end":{"line":100,"column":51}},"type":"binary-expr","locations":[{"start":{"line":100,"column":4},"end":{"line":1
[...]
ine":120,"column":27},"end":{"line":120,"column":31}},"60":{"start":{"line":122,"column":17},"end":{"line":122,"column":57}},"61":{"start":{"line":123,"column":19},"end":{"line":123,"column":59}},"62":{"start":{"line":124,"column":2},"end":{"line":124,"column":35}},"63":{"start":{"line":124,"column":28},"end":{"line":124,"column":35}},"64":{"start":{"line":126,"column":2},"end":{"line":134,"column":3}},"65":{"start":{"line":127,"column":4},"end":{"line":131,"column":5}},"66":{"start":{"line":128,"column":6},"end":{"line":128,"column":79}},"67":{"start":{"line":130,"column":6},"end":{"line":130,"column":41}},"68":{"start":{"line":132,"column":4},"end":{"line":132,"column":37}},"69":{"start":{"line":133,"column":4},"end":{"line":133,"column":11}},"70":{"start":{"line":136,"column":2},"end":{"line":140,"column":3}},"71":{"start":{"line":137,"column":4},"end":{"line":137,"column":78}},"72":{"start":{"line":139,"column":4},"end":{"line":139,"column":36}},"73":{"start":{"line":141,"column":2},"end":{"line":141,"column":34}},"74":{"start":{"line":144,"column":18},"end":{"line":144,"column":99}},"75":{"start":{"line":144,"column":52},"end":{"line":144,"column":87}},"76":{"start":{"line":146,"column":17},"end":{"line":149,"column":4}},"77":{"start":{"line":147,"column":14},"end":{"line":147,"column":30}},"78":{"start":{"line":148,"column":4},"end":{"line":148,"column":46}},"79":{"start":{"line":151,"column":2},"end":{"line":151,"column":59}},"80":{"start":{"line":151,"column":28},"end":{"line":151,"column":59}},"81":{"start":{"line":153,"column":2},"end":{"line":183,"column":5}},"82":{"start":{"line":158,"column":53},"end":{"line":158,"column":64}},"83":{"start":{"line":159,"column":48},"end":{"line":159,"column":54}},"84":{"start":{"line":160,"column":50},"end":{"line":160,"column":58}},"85":{"start":{"line":173,"column":39},"end":{"line":173,"column":102}},"86":{"start":{"line":175,"column":26},"end":{"line":175,"column":27}},"87":{"start":{"line":176,"column":14},"end":{"line":176,"column":62}},"88":{"start":{"line":176,"column":43},"end":{"line":176,"column":60}},"89":{"start":{"line":177,"column":14},"end":{"line":177,"column":51}},"90":{"start":{"line":187,"column":18},"end":{"line":187,"column":38}},"91":{"start":{"line":188,"column":2},"end":{"line":188,"column":28}},"92":{"start":{"line":190,"column":16},"end":{"line":190,"column":26}},"93":{"start":{"line":191,"column":2},"end":{"line":191,"column":26}},"94":{"start":{"line":193,"column":20},"end":{"line":193,"column":35}},"95":{"start":{"line":194,"column":2},"end":{"line":194,"column":45}},"96":{"start":{"line":196,"column":17},"end":{"line":196,"column":77}},"97":{"start":{"line":197,"column":2},"end":{"line":197,"column":43}},"98":{"start":{"line":197,"column":16},"end":{"line":197,"column":43}},"99":{"start":{"line":199,"column":2},"end":{"line":211,"column":3}},"100":{"start":{"line":200,"column":4},"end":{"line":200,"column":24}},"101":{"start":{"line":201,"column":9},"end":{"line":211,"column":3}},"102":{"start":{"line":203,"column":9},"end":{"line":211,"column":3}},"103":{"start":{"line":205,"column":4},"end":{"line":205,"column":25}},"104":{"start":{"line":206,"column":9},"end":{"line":211,"column":3}},"105":{"start":{"line":210,"column":4},"end":{"line":210,"column":24}},"106":{"start":{"line":213,"column":2},"end":{"line":213,"column":36}},"107":{"start":{"line":215,"column":2},"end":{"line":215,"column":72}},"108":{"start":{"line":216,"column":2},"end":{"line":216,"column":16}},"109":{"start":{"line":219,"column":15},"end":{"line":226,"column":1}},"110":{"start":{"line":220,"column":94},"end":{"line":220,"column":119}},"111":{"start":{"line":221,"column":84},"end":{"line":221,"column":104}},"112":{"start":{"line":222,"column":87},"end":{"line":222,"column":107}},"113":{"start":{"line":223,"column":95},"end":{"line":223,"column":120}},"114":{"start":{"line":224,"column":98},"end":{"line":224,"column":135}},"115":{"start":{"line":225,"column":97},"end":{"line":225,"column":134}},"116":{"start":{"line":229,"column":2},"end":{"line":234,"column":5}},"117":{"start":{"line":230,"column":4},"end":{"line":233,"column":5}},"118":{"start":{"line":231,"column":6},"end":{"line":231,"column":37}},"119":{"start":{"line":232,"column":6},"end":{"line":232,"column":57}},"120":{"start":{"line":235,"column":2},"end":{"line":235,"column":17}},"121":{"start":{"line":239,"column":20},"end":{"line":239,"column":57}},"122":{"start":{"line":240,"column":2},"end":{"line":240,"column":25}},"123":{"start":{"line":240,"column":18},"end":{"line":240,"column":25}},"124":{"start":{"line":242,"column":13},"end":{"line":242,"column":15}},"125":{"start":{"line":243,"column":2},"end":{"line":251,"column":5}},"126":{"start":{"line":244,"column":19},"end":{"line":244,"column":53}},"127":{"start":{"line":245,"column":4},"end":{"line":250,"column":6}},"128":{"start":{"line":252,"column":2},"end":{"line":252,"column":31}},"129":{"start":{"line":256,"column":0},"end":{"line":258,"column":3}},"130":{"start":{"line":257,"column":2},"end":{"line":257,"column":19}},"131":{"start":{"line":261,"column":0},"end":{"line":269,"column":1}},"132":{"start":{"line":262,"column":2},"end":{"line":268,"column":4}}},"fnMap":{"0":{"name":"(anonymous_0)","decl":{"start":{"line":12,"column":46},"end":{"line":12,"column":47}},"loc":{"start":{"line":12,"column":52},"end":{"line":26,"column":1}},"line":12},"1":{"name":"(anonymous_1)","decl":{"start":{"line":21,"column":39},"end":{"line":21,"column":40}},"loc":{"start":{"line":21,"column":46},"end":{"line":24,"column":5}},"line":21},"2":{"name":"addLogEntry","decl":{"start":{"line":28,"column":9},"end":{"line":28,"column":20}},"loc":{"start":{"line":28,"column":23},"end":{"line":79,"column":1}},"line":28},"3":{"name":"(anonymous_3)","decl":{"start":{"line":47,"column":46},"end":{"line":47,"column":47}},"loc":{"start":{"line":47,"column":51},"end":{"line":47,"column":66}},"line":47},"4":{"name":"(anonymous_4)","decl":{"start":{"line":57,"column":21},"end":{"line":57,"column":22}},"loc":{"start":{"line":57,"column":31},"end":{"line":57,"column":66}},"line":57},"5":{"name":"deleteLogEntry","decl":{"start":{"line":81,"column":9},"end":{"line":81,"column":23}},"loc":{"start":{"line":81,"column":30},"end":{"line":90,"column":1}},"line":81},"6":{"name":"(anonymous_6)","decl":{"start":{"line":83,"column":41},"end":{"line":83,"column":42}},"loc":{"start":{"line":83,"column":46},"end":{"line":83,"column":61}},"line":83},"7":{"name":"renderLogTable","decl":{"start":{"line":92,"column":9},"end":{"line":92,"column":23}},"loc":{"start":{"line":92,"column":26},"end":{"line":118,"column":1}},"line":92},"8":{"name":"(anonymous_8)","decl":{"start":{"line":102,"column":24},"end":{"line":102,"column":25}},"loc":{"start":{"line":102,"column":31},"end":{"line":116,"column":3}},"line":102},"9":{"name":"renderTrackerChart","decl":{"start":{"line":121,"column":9},"end":{"line":121,"column":27}},"loc":{"start":{"line":121,"column":30},"end":{"line":184,"column":1}},"line":121},"10":{"name":"(anonymous_10)","decl":{"start":{"line":144,"column":42},"end":{"line":144,"column":43}},"loc":{"start":{"line":144,"column":52},"end":{"line":144,"column":87}},"line":144},"11":{"name":"(anonymous_11)","decl":{"start":{"line":146,"column":29},"end":{"line":146,"column":30}},"loc":{"start":{"line":146,"column":34},"end":{"line":149,"column":3}},"line":146},"12":{"name":"(anonymous_12)","decl":{"start":{"line":158,"column":48},"end":{"line":158,"column":49}},"loc":{"start":{"line":158,"column":53},"end":{"line":158,"column":64}},"line":158},"13":{"name":"(anonymous_13)","decl":{"start":{"line":159,"column":43},"end":{"line":159,"column":44}},"loc":{"start":{"line":159,"column":48},"end":{"line":159,"column":54}},"line":159},"14":{"name":"(anonymous_14)","decl":{"start":{"line":160,"column":45},"end":{"line":160,"column":46}},"loc":{"start":{"line":160,"column":50},"end":{"line":160,"column":58}},"line":160},"15":{"name":"(anonymous_15)","decl":{"start":{"line":173,"column":19},"end":{"line":173,"column":20}},"loc":{"start":{"line":173,"column":37},"end":{"line":173,"column":104}},"line":173},"16":{"name":"(anonymous_16)","decl":{"start":{"line":174,"column":20},"end":{"line":174,"column":21}},"loc":{"start":{"line":174,"column":43},"end":{"line":178,"column":13}},"line":174},"17":{"name":"(anonymous_17)","decl":{"start":{"line":176,"column":35},"end":{"line":176,"column":36}},"loc":{"start":{"line":176,"column":43},"end":{"line":176,"column":60}},"line":176},"18":{"name":"updateStreak","decl":{"start":{"line":186,"column":9},"end":{"line":186,"column":21}},"loc":{"start":{"line":186,"column":34},"end":{"line":217,"column":1}},"line":186},"19":{"name":"(anonymous_19)","decl":{"start":{"line":220,"column":88},"end":{"line":220,"column":89}},"loc":{"start":{"line":220,"column":94},"end":{"line":220,"column":119}},"line":220},"20":{"name":"(anonymous_20)","decl":{"start":{"line":221,"column":78},"end":{"line":221,"column":79}},"loc":{"start":{"line":221,"column":84},"end":{"line":221,"column":104}},"line":221},"21":{"name":"(anonymous_21)","decl":{"start":{"line":222,"column":81},"end":{"line":222,"column":82}},"loc":{"start":{"line":222,"column":87},"end":{"line":222,"column":107}},"line":222},"22":{"name":"(anonymous_22)","decl":{"start":{"line":223,"column":89},"end":{"line":223,"column":90}},"loc":{"start":{"line":223,"column":95},"end":{"line":223,"column":120}},"line":223},"23":{"name":"(anonymous_23)","decl":{"start":{"line":224,"column":92},"end":{"line":224,"column":93}},"loc":{"start":{"line":224,"column":98},"end":{"line":224,"column":135}},"line":224},"24":{"name":"(anonymous_24)","decl":{"start":{"line":225,"column":91},"end":{"line":225,"column":92}},"loc":{"start":{"line":225,"column":97},"end":{"line":225,"column":134}},"line":225},"25":{"name":"checkBadges","decl":{"start":{"line":228,"column":9},"end":{"line":228,"column":20}},"loc":{"start":{"line":228,"column":23},"end":{"line":236,"column":1}},"line":228},"26":{"name":"(anonymous_26)","decl":{"start":{"line":229,"column":17},"end":{"line":229,"column":18}},"loc":{"start":{"line":229,"column":26},"end":{"line":234,"column":3}},"line":229},"27":{"name":"renderBadges","decl":{"start":{"line":238,"column":9},"end":{"line":238,"column":21}},"loc":{"start":{"line":238,"column":24},"end":{"line":253,"column":1}},"line":238},"28":{"name":"(anonymous_28)","decl":{"start":{"line":243,"column":17},"end":{"line":243,"column":18}},"loc":{"start":{"line":243,"column":26},"end":{"line":251,"column":3}},"line":243},"29":{"name":"(anonymous_29)","decl":{"start":{"line":256,"column":46},"end":{"line":256,"column":47}},"loc":{"start":{"line":256,"column":52},"end":{"line":258,"column":1}},"line":256}},"branchMap":{"0":{"loc":{"start":{"line":16,"column":2},"end":{"line":16,"column":41}},"type":"if","locations":[{"start":{"line":16,"column":2},"end":{"line":16,"column":41}},{"start":{},"end":{}}],"line":16},"1":{"loc":{"start":{"line":20,"column":2},"end":{"line":25,"column":3}},"type":"if","locations":[{"start":{"line":20,"column":2},"end":{"line":25,"column":3}},{"start":{},"end":{}}],"line":20},"2":{"loc":{"start":{"line":30,"column":20},"end":{"line":30,"column":82}},"type":"binary-expr","locations":[{"start":{"line":30,"column":20},"end":{"line":30,"column":77}},{"start":{"line":30,"column":81},"end":{"line":30,"column":82}}],"line":30},"3":{"loc":{"start":{"line":31,"column":17},"end":{"line":31,"column":76}},"type":"binary-expr","locations":[{"start":{"line":31,"column":17},"end":{"line":31,"column":71}},{"start":{"line":31,"column":75},"end":{"line":31,"column":76}}],"line":31},"4":{"loc":{"start":{"line":32,"column":15},"end":{"line":32,"column":72}},"type":"binary-expr","locations":[{"start":{"line":32,"column":15},"end":{"line":32,"column":67}},{"start":{"line":32,"column":71},"end":{"line":32,"column":72}}],"line":32},"5":{"loc":{"start":{"line":33,"column":15},"end":{"line":33,"column":76}},"type":"binary-expr","locations":[{"start":{"line":33,"column":15},"end":{"line":33,"column":70}},{"start":{"line":33,"column":74},"end":{"line":33,"column":76}}],"line":33},"6":{"loc":{"start":{"line":35,"column":2},"end":{"line":38,"column":3}},"type":"if","locations":[{"start":{"line":35,"column":2},"end":{"line":38,"column":3}},{"start":{},"end":{}}],"line":35},"7":{"loc":{"start":{"line":41,"column":2},"end":{"line":44,"column":3}},"type":"if","locations":[{"start":{"line":41,"column":2},"end":{"line":44,"column":3}},{"start":{},"end":{}}],"line":41},"8":{"loc":{"start":{"line":41,"column":6},"end":{"line":41,"column":31}},"type":"binary-expr","locations":[{"start":{"line":41,"column":6},"end":{"line":41,"column":16}},{"start":{"line":41,"column":20},"end":{"line":41,"column":31}}],"line":41},"9":{"loc":{"start":{"line":48,"column":2},"end":{"line":54,"column":3}},"type":"if","locations":[{"start":{"line":48,"column":2},"end":{"line":54,"column":3}},{"start":{"line":51,"column":9},"end":{"line":54,"column":3}}],"line":48},"10":{"loc":{"start":{"line":82,"column":2},"end":{"line":89,"column":3}},"type":"if","locations":[{"start":{"line":82,"column":2},"end":{"line":89,"column":3}},{"start":{},"end":{}}],"line":82},"11":{"loc":{"start":{"line":94,"column":2},"end":{"line":94,"column":21}},"type":"if","locations":[{"start":{"line":94,"column":2},"end":{"line":94,"column":21}},{"start":{},"end":{}}],"line":94},"12":{"loc":{"start":{"line":96,"column":2},"end":{"line":99,"column":3}},"type":"if","locations":[{"start":{"line":96,"column":2},"end":{"line":99,"column":3}},{"start":{},"end":{}}],"line":96},"13":{"loc":{"start":{"line":124,"column":2},"end":{"line":124,"column":35}},"type":"if","locations":[{"start":{"line":124,"column":2},"end":{"line":124,"column":35}},{"start":{},"end":{}}],"line":124},"14":{"loc":{"start":{"line":124,"column":6},"end":{"line":124,"column":26}},"type":"binary-expr","locations":[{"start":{"line":124,"column":6},"end":{"line":124,"column":13}},{"start":{"line":124,"column":17},"end":{"line":124,"column":26}}],"line":124},"15":{"loc":{"start":{"line":126,"column":2},"end":{"line":134,"column":3}},"type":"if","locations":[{"start":{"line":126,"column":2},"end":{"line":134,"column":3}},{"start":{},"end":{}}],"line":126},"16":{"loc":{"start":{"line":127,"column":4},"end":{"line":131,"column":5}},"type":"if","locations":[{"start":{"line":127,"column":4},"end":{"line":131,"column":5}},{"start":{"line":129,"column":11},"end":{"line":131,"column":5}}],"line":127},"17":{"loc":{"start":{"line":136,"column":2},"end":{"line":140,"column":3}},"type":"if","locations":[{"start":{"line":136,"column":2},"end":{"line":140,"column":3}},{"start":{"line":138,"column":9},"end":{"line":140,"column":3}}],"line":136},"18":{"loc":{"start":{"line":151,"column":2},"end":{"line":151,"column":59}},"type":"if","locations":[{"start":{"line":151,"column":2},"end":{"line":151,"column":59}},{"start":{},"end":{}}],"line":151},"19":{"loc":{"start":{"line":196,"column":17},"end":{"line":196,"column":77}},"type":"cond-expr","locations":[{"start":{"line":196,"column":40},"end":{"line":196,"column":70}},{"start":{"line":196,"column":73},"end":{"line":196,"column":77}}],"line":196},"20":{"loc":{"start":{"line":197,"column":2},"end":{"line":197,"column":43}},"type":"if","locations":[{"start":{"line":197,"column":2},"end":{"line":197,"column":43}},{"start":{},"end":{}}],"line":197},"21":{"loc":{"start":{"line":199,"column":2},"end":{"line":211,"column":3}},"type":"if","locations":[{"start":{"line":199,"column":2},"end":{"line":211,"column":3}},{"start":{"line":201,"column":9},"end":{"line":211,"column":3}}],"line":199},"22":{"loc":{"start":{"line":201,"column":9},"end":{"line":211,"column":3}},"type":"if","locations":[{"start":{"line":201,"column":9},"end":{"line":211,"column":3}},{"start":{"line":203,"column":9},"end":{"line":211,"column":3}}],"line":201},"23":{"loc":{"start":{"line":203,"column":9},"end":{"line":211,"column":3}},"type":"if","locations":[{"start":{"line":203,"column":9},"end":{"line":211,"column":3}},{"start":{"line":206,"column":9},"end":{"line":211,"column":3}}],"line":203},"24":{"loc":{"start":{"line":203,"column":13},"end":{"line":203,"column":143}},"type":"binary-expr","locations":[{"start":{"line":203,"column":13},"end":{"line":203,"column":54}},{"start":{"line":203,"column":59},"end":{"line":203,"column":96}},{"start":{"line":203,"column":100},"end":{"line":203,"column":142}}],"line":203},"25":{"loc":{"start":{"line":206,"column":9},"end":{"line":211,"column":3}},"type":"if","locations":[{"start":{"line":206,"column":9},"end":{"line":211,"column":3}},{"start":{"line":208,"column":9},"end":{"line":211,"column":3}}],"line":206},"26":{"loc":{"start":{"line":230,"column":4},"end":{"line":233,"column":5}},"type":"if","locations":[{"start":{"line":230,"column":4},"end":{"line":233,"column":5}},{"start":{},"end":{}}],"line":230},"27":{"loc":{"start":{"line":230,"column":8},"end":{"line":230,"column":60}},"type":"binary-expr","locations":[{"start":{"line":230,"column":8},"end":{"line":230,"column":43}},{"start":{"line":230,"column":47},"end":{"line":230,"column":60}}],"line":230},"28":{"loc":{"start":{"line":240,"column":2},"end":{"line":240,"column":25}},"type":"if","locations":[{"start":{"line":240,"column":2},"end":{"line":240,"column":25}},{"start":{},"end":{}}],"line":240},"29":{"loc":{"start":{"line":246,"column":31},"end":{"line":246,"column":53}},"type":"cond-expr","locations":[{"start":{"line":246,"column":40},"end":{"line":246,"column":48}},{"start":{"line":246,"column":51},"end":{"line":246,"column":53}}],"line":246},"30":{"loc":{"start":{"line":247,"column":35},"end":{"line":247,"column":61}},"type":"cond-expr","locations":[{"start":{"line":247,"column":44},"end":{"line":247,"column":54}},{"start":{"line":247,"column":57},"end":{"line":247,"column":61}}],"line":247},"31":{"loc":{"start":{"line":261,"column":0},"end":{"line":269,"column":1}},"type":"if","locations":[{"start":{"line":261,"column":0},"end":{"line":269,"column":1}},{"start":{},"end":{}}],"line":261},"32":{"loc":{"start":{"line":261,"column":4},"end":{"line":261,"column":51}},"type":"binary-expr","locations":[{"start":{"line":261,"column":4},"end":{"line":261,"column":33}},{"start":{"line":261,"column":37},"end":{"line":261,"column":51}}],"line":261}},"s":{"0":1,"1":1,"2":1,"3":1,"4":1,"5":1,"6":1,"7":1,"8":1,"9":1,"10":9,"11":9,"12":9,"13":9,"14":9,"15":9,"16":1,"17":1,"18":8,"19":8,"20":1,"21":1,"22":7,"23":1,"24":7,"25":1,"26":1,"27":6,"28":6,"29":7,"30":0,"31":7,"32":7,"33":7,"34":7,"35":7,"36":7,"37":7,"38":7,"39":7,"40":7,"41":2,"42":1,"43":1,"44":1,"45":1,"46":1,"47":1,"48":1,"49":11,"50":11,"51":6,"52":5,"53":2,"54":2,"55":3,"56":3,"57":3,"58":3,"59":1,"60":10,"61":10,"62":10,"63":0,"64":10,"65":2,"66":2,"67":0,"68":2,"69":2,"70":8,"71":8,"72":0,"73":8,"74":8,"75":0,"76":8,"77":8,"78":8,"79":8,"80":7,"81":8,"82":8,"83":8,"84":8,"85":0,"86":0,"87":0,"88":0,"89":0,"90":9,"91":9,"92":9,"93":9,"94":9,"95":9,"96":9,"97":9,"98":2,"99":9,"100":7,"101":2,"102":1,"103":1,"104":0,"105":0,"106":9,"107":9,"108":9,"109":1,"110":1,"111":7,"112":7,"113":7,"114":7,"115":7,"116":7,"117":42,"118":1,"119":1,"120":7,"121":7,"122":7,"123":0,"124":7,"125":7,"126":42,"127":42,"128":7,"129":1,"130":1,"131":1,"132":1},"f":{"0":1,"1":1,"2":9,"3":1,"4":0,"5":2,"6":1,"7":11,"8":3,"9":10,"10":0,"11":8,"12":8,"13":8,"14":8,"15":0,"16":0,"17":0,"18":9,"19":1,"20":7,"21":7,"22":7,"23":7,"24":7,"25":7,"26":42,"27":7,"28":42,"29":1},"b":{"0":[1,0],"1":[1,0],"2":[9,1],"3":[9,2],"4":[9,2],"5":[9,2],"6":[1,8],"7":[1,7],"8":[8,1],"9":[1,6],"10":[1,1],"11":[6,5],"12":[2,3],"13":[0,10],"14":[10,10],"15":[2,8],"16":[2,0],"17":[8,0],"18":[7,1],"19":[2,7],"20":[2,7],"21":[7,2],"22":[1,1],"23":[1,0],"24":[1,1,1],"25":[0,0],"26":[1,41],"27":[42,36],"28":[0,7],"29":[7,35],"30":[7,35],"31":[1,0],"32":[1,1]},"_coverageSchema":"1a1c01bbd47fc00a2c39e90264f33305004495a9","hash":"ba713ea29a31a4eee80fd9f659eaf2215a48f3a9"}
}
