{"C:\\Users\\mohds\\Desktop\\Carbon Footprint Awareness\\js\\actions.js": {"path":"C:\\Users\\mohds\\Desktop\\Carbon Footprint Awareness\\js\\actions.js","statementMap":{"0":{"start":{"line":12,"column":20},"end":{"line":28,"column":1}},"1":{"start":{"line":31,"column":15},"end":{"line":31,"column":53}},"2":{"start":{"line":32,"column":2},"end":{"line":32,"column":20}},"3":{"start":{"line":32,"column":13},"end":{"line":32,"column":20}},"4":{"start":{"line":34,"column":2},"end":{"line":34,"column":24}},"5":{"start":{"line":36,"column":19},"end":{"line":38,"column":52}},"6":{"start":{"line":38,"column":30},"end":{"line":38,"column":51}},"7":{"start":{"line":40,"column":19},"end":{"line":40,"column":20}},"8":{"start":{"line":42,"column":2},"end":{"line":69,"column":5}},"9":{"start":{"line":43,"column":24},"end":{"line":43,"column":69}},"10":{"start":{"line":44,"column":4},"end":{"line":44,"column":49}},"11":{"start":{"line":44,"column":21},"end":{"line":44,"column":49}},"12":{"start":{"line":46,"column":17},"end":{"line":46,"column":46}},"13":{"start":{"line":47,"column":4},"end":{"line":47,"column":69}},"14":{"start":{"line":48,"column":4},"end":{"line":48,"column":42}},"15":{"start":{"line":49,"column":17},"end":{"line":66,"column":5}},"16":{"start":{"line":67,"column":4},"end":{"line":67,"column":28}},"17":{"start":{"line":68,"column":4},"end":{"line":68,"column":27}},"18":{"start":{"line":72,"column":20},"end":{"line":72,"column":21}},"19":{"start":{"line":73,"column":2},"end":{"line":75,"column":5}},"20":{"start":{"line":74,"column":4},"end":{"line":74,"column":74}},"21":{"start":{"line":74,"column":50},"end":{"line":74,"column":74}},"22":{"start":{"line":77,"column":23},"end":{"line":77,"column":60}},"23":{"start":{"line":78,"column":2},"end":{"line":78,"column":80}},"24":{"start":{"line":78,"column":20},"end":{"line":78,"column":80}},"25":{"start":{"line":81,"column":0},"end":{"line":91,"column":1}},"26":{"start":{"line":83,"column":2},"end":{"line":86,"column":5}},"27":{"start":{"line":84,"column":4},"end":{"line":84,"column":33}},"28":{"start":{"line":85,"column":4},"end":{"line":85,"column":45}},"29":{"start":{"line":87,"column":2},"end":{"line":87,"column":30}},"30":{"start":{"line":88,"column":2},"end":{"line":88,"column":44}},"31":{"start":{"line":90,"column":2},"end":{"line":90,"column":21}},"32":{"start":{"line":93,"column":0},"end":{"line":117,"column":1}},"33":{"start":{"line":94,"column":17},"end":{"line":94,"column":51}},"34":{"start":{"line":94,"column":39},"end":{"line":94,"column":50}},"35":{"start":{"line":95,"column":2},"end":{"line":95,"column":22}},"36":{"start":{"line":95,"column":15},"end":{"line":95,"column":22}},"37":{"start":{"line":97,"column":16},"end":{"line":97,"column":53}},"38":{"start":{"line":98,"column":25},"end":{"line":98,"column":37}},"39":{"start":{"line":100,"column":2},"end":{"line":105,"column":3}},"40":{"start":{"line":101,"column":4},"end":{"line":101,"column":39}},"41":{"start":{"line":102,"column":4},"end":{"line":102,"column":101}},"42":{"start":{"line":102,"column":41},"end":{"line":102,"column":101}},"43":{"start":{"line":104,"column":4},"end":{"line":104,"column":47}},"44":{"start":{"line":107,"column":2},"end":{"line":107,"column":59}},"45":{"start":{"line":107,"column":39},"end":{"line":107,"column":59}},"46":{"start":{"line":108,"column":2},"end":{"line":108,"column":55}},"47":{"start":{"line":108,"column":41},"end":{"line":108,"column":55}},"48":{"start":{"line":111,"column":20},"end":{"line":111,"column":64}},"49":{"start":{"line":112,"column":12},"end":{"line":112,"column":17}},"50":{"start":{"line":113,"column":2},"end":{"line":115,"column":3}},"51":{"start":{"line":114,"column":4},"end":{"line":114,"column":35}},"52":{"start":{"line":116,"column":2},"end":{"line":116,"column":21}},"53":{"start":{"line":119,"column":0},"end":{"line":124,"column":1}},"54":{"start":{"line":120,"column":2},"end":{"line":123,"column":4}}},"fnMap":{"0":{"name":"renderActions","decl":{"start":{"line":30,"column":9},"end":{"line":30,"column":22}},"loc":{"start":{"line":30,"column":39},"end":{"line":79,"column":1}},"line":30},"1":{"name":"(anonymous_1)","decl":{"start":{"line":38,"column":25},"end":{"line":38,"column":26}},"loc":{"start":{"line":38,"column":30},"end":{"line":38,"column":51}},"line":38},"2":{"name":"(anonymous_2)","decl":{"start":{"line":42,"column":19},"end":{"line":42,"column":20}},"loc":{"start":{"line":42,"column":29},"end":{"line":69,"column":3}},"line":42},"3":{"name":"(anonymous_3)","decl":{"start":{"line":73,"column":22},"end":{"line":73,"column":23}},"loc":{"start":{"line":73,"column":27},"end":{"line":75,"column":3}},"line":73},"4":{"name":"(anonymous_4)","decl":{"start":{"line":81,"column":23},"end":{"line":81,"column":24}},"loc":{"start":{"line":81,"column":42},"end":{"line":91,"column":1}},"line":81},"5":{"name":"(anonymous_5)","decl":{"start":{"line":83,"column":51},"end":{"line":83,"column":52}},"loc":{"start":{"line":83,"column":56},"end":{"line":86,"column":3}},"line":83},"6":{"name":"(anonymous_6)","decl":{"start":{"line":93,"column":22},"end":{"line":93,"column":23}},"loc":{"start":{"line":93,"column":44},"end":{"line":117,"column":1}},"line":93},"7":{"name":"(anonymous_7)","decl":{"start":{"line":94,"column":34},"end":{"line":94,"column":35}},"loc":{"start":{"line":94,"column":39},"end":{"line":94,"column":50}},"line":94}},"branchMap":{"0":{"loc":{"start":{"line":30,"column":23},"end":{"line":30,"column":37}},"type":"default-arg","locations":[{"start":{"line":30,"column":32},"end":{"line":30,"column":37}}],"line":30},"1":{"loc":{"start":{"line":32,"column":2},"end":{"line":32,"column":20}},"type":"if","locations":[{"start":{"line":32,"column":2},"end":{"line":32,"column":20}},{"start":{},"end":{}}],"line":32},"2":{"loc":{"start":{"line":36,"column":19},"end":{"line":38,"column":52}},"type":"cond-expr","locations":[{"start":{"line":37,"column":6},"end":{"line":37,"column":17}},{"start":{"line":38,"column":6},"end":{"line":38,"column":52}}],"line":36},"3":{"loc":{"start":{"line":44,"column":4},"end":{"line":44,"column":49}},"type":"if","locations":[{"start":{"line":44,"column":4},"end":{"line":44,"column":49}},{"start":{},"end":{}}],"line":44},"4":{"loc":{"start":{"line":47,"column":36},"end":{"line":47,"column":66}},"type":"cond-expr","locations":[{"start":{"line":47,"column":50},"end":{"line":47,"column":61}},{"start":{"line":47,"column":64},"end":{"line":47,"column":66}}],"line":47},"5":{"loc":{"start":{"line":60,"column":36},"end":{"line":60,"column":73}},"type":"cond-expr","locations":[{"start":{"line":60,"column":50},"end":{"line":60,"column":68}},{"start":{"line":60,"column":71},"end":{"line":60,"column":73}}],"line":60},"6":{"loc":{"start":{"line":62,"column":30},"end":{"line":62,"column":105}},"type":"cond-expr","locations":[{"start":{"line":62,"column":44},"end":{"line":62,"column":75}},{"start":{"line":62,"column":78},"end":{"line":62,"column":105}}],"line":62},"7":{"loc":{"start":{"line":63,"column":12},"end":{"line":63,"column":52}},"type":"cond-expr","locations":[{"start":{"line":63,"column":26},"end":{"line":63,"column":39}},{"start":{"line":63,"column":42},"end":{"line":63,"column":52}}],"line":63},"8":{"loc":{"start":{"line":74,"column":4},"end":{"line":74,"column":74}},"type":"if","locations":[{"start":{"line":74,"column":4},"end":{"line":74,"column":74}},{"start":{},"end":{}}],"line":74},"9":{"loc":{"start":{"line":78,"column":2},"end":{"line":78,"column":80}},"type":"if","locations":[{"start":{"line":78,"column":2},"end":{"line":78,"column":80}},{"start":{},"end":{}}],"line":78},"10":{"loc":{"start":{"line":95,"column":2},"end":{"line":95,"column":22}},"type":"if","locations":[{"start":{"line":95,"column":2},"end":{"line":95,"column":22}},{"start":{},"end":{}}],"line":95},"11":{"loc":{"start":{"line":100,"column":2},"end":{"line":105,"column":3}},"type":"if","locations":[{"start":{"line":100,"column":2},"end":{"line":105,"column":3}},{"start":{"line":103,"column":9},"end":{"line":105,"column":3}}],"line":100},"12":{"loc":{"start":{"line":102,"column":4},"end":{"line":102,"column":101}},"type":"if","locations":[{"start":{"line":102,"column":4},"end":{"line":102,"column":101}},{"start":{},"end":{}}],"line":102},"13":{"loc":{"start":{"line":107,"column":2},"end":{"line":107,"column":59}},"type":"if","locations":[{"start":{"line":107,"column":2},"end":{"line":107,"column":59}},{"start":{},"end":{}}],"line":107},"14":{"loc":{"start":{"line":108,"column":2},"end":{"line":108,"column":55}},"type":"if","locations":[{"start":{"line":108,"column":2},"end":{"line":108,"column":55}},{"start":{},"end":{}}],"line":108},"15":{"loc":{"start":{"line":113,"column":2},"end":{"line":115,"column":3}},"type":"if","locations":[{"start":{"line":113,"column":2},"end":{"line":115,"column":3}},{"start":{},"end":{}}],"line":113},"16":{"loc":{"start":{"line":113,"column":6},"end":{"line":113,"column":64}},"type":"binary-expr","locations":[{"start":{"line":113,"column":6},"end":{"line":113,"column":15}},{"start":{"line":113,"column":19},"end":{"line":113,"column":36}},{"start":{"line":113,"column":40},"end":{"line":113,"column":64}}],"line":113},"17":{"loc":{"start":{"line":119,"column":0},"end":{"line":124,"column":1}},"type":"if","locations":[{"start":{"line":119,"column":0},"end":{"line":124,"column":1}},{"start":{},"end":{}}],"line":119},"18":{"loc":{"start":{"line":119,"column":4},"end":{"line":119,"column":51}},"type":"binary-expr","locations":[{"start":{"line":119,"column":4},"end":{"line":119,"column":33}},{"start":{"line":119,"column":37},"end":{"line":119,"column":51}}],"line":119}},"s":{"0":1,"1":2,"2":2,"3":0,"4":2,"5":2,"6":0,"7":2,"8":2,"9":24,"10":24,"11":1,"12":24,"13":24,"14":24,"15":24,"16":24,"17":24,"18":2,"19":2,"20":24,"21":1,"22":2,"23":2,"24":2,"25":1,"26":0,"27":0,"28":0,"29":0,"30":0,"31":0,"32":1,"33":1,"34":1,"35":1,"36":0,"37":1,"38":1,"39":1,"40":1,"41":1,"42":1,"43":0,"44":1,"45":1,"46":1,"47":1,"48":1,"49":1,"50":1,"51":1,"52":1,"53":1,"54":1},"f":{"0":2,"1":0,"2":24,"3":24,"4":0,"5":0,"6":1,"7":1},"b":{"0":[0],"1":[0,2],"2":[2,0],"3":[1,23],"4":[1,23],"5":[1,23],"6":[1,23],"7":[1,23],"8":[1,23],"9":[2,0],"10":[0,1],"11":[1,0],"12":[1,0],"13":[1,0],"14":[1,0],"15":[1,0],"16":[1,1,1],"17":[1,0],"18":[1,1]},"_coverageSchema":"1a1c01bbd47fc00a2c39e90264f33305004495a9","hash":"84f75c41d4ee12686e350142dcd72e5dcf6e2d5a"}
,"C:\\Users\\mohds\\Desktop\\Carbon Footprint Awareness\\js\\app.js": {"path":"C:\\Users\\mohds\\Desktop\\Carbon Footprint Awareness\\js\\app.js","statementMap":{"0":{"start":{"line":9,"column":0},"end":{"line":39,"column":2}},"1":{"start":{"line":10,"column":2},"end":{"line":10,"column":23}},"2":{"start":{"line":10,"column":16},"end":{"line":10,"column":23}},"3":{"start":{"line":12,"column":16},"end":{"line":12,"column":26}},"4":{"start":{"line":13,"column":14},"end":{"line":13,"column":43}},"5":{"start":{"line":15,"column":2},"end":{"line":17,"column":3}},"6":{"start":{"line":16,"column":4},"end":{"line":16,"column":60}},"7":{"start":{"line":19,"column":14},"end":{"line":19,"column":67}},"8":{"start":{"line":22,"column":2},"end":{"line":22,"column":83}},"9":{"start":{"line":22,"column":70},"end":{"line":22,"column":81}},"10":{"start":{"line":23,"column":2},"end":{"line":30,"column":5}},"11":{"start":{"line":25,"column":4},"end":{"line":29,"column":7}},"12":{"start":{"line":26,"column":6},"end":{"line":28,"column":7}},"13":{"start":{"line":27,"column":8},"end":{"line":27,"column":38}},"14":{"start":{"line":32,"column":20},"end":{"line":32,"column":39}},"15":{"start":{"line":33,"column":2},"end":{"line":36,"column":3}},"16":{"start":{"line":34,"column":18},"end":{"line":34,"column":49}},"17":{"start":{"line":35,"column":4},"end":{"line":35,"column":46}},"18":{"start":{"line":35,"column":15},"end":{"line":35,"column":46}},"19":{"start":{"line":38,"column":2},"end":{"line":38,"column":42}},"20":{"start":{"line":45,"column":0},"end":{"line":48,"column":3}},"21":{"start":{"line":46,"column":2},"end":{"line":46,"column":12}},"22":{"start":{"line":47,"column":2},"end":{"line":47,"column":20}},"23":{"start":{"line":52,"column":2},"end":{"line":52,"column":22}},"24":{"start":{"line":55,"column":2},"end":{"line":55,"column":16}},"25":{"start":{"line":59,"column":19},"end":{"line":59,"column":57}},"26":{"start":{"line":60,"column":16},"end":{"line":60,"column":50}},"27":{"start":{"line":61,"column":20},"end":{"line":61,"column":56}},"28":{"start":{"line":62,"column":28},"end":{"line":62,"column":64}},"29":{"start":{"line":65,"column":2},"end":{"line":69,"column":5}},"30":{"start":{"line":66,"column":23},"end":{"line":66,"column":73}},"31":{"start":{"line":67,"column":4},"end":{"line":67,"column":57}},"32":{"start":{"line":68,"column":4},"end":{"line":68,"column":47}},"33":{"start":{"line":74,"column":4},"end":{"line":77,"column":7}},"34":{"start":{"line":75,"column":6},"end":{"line":75,"column":35}},"35":{"start":{"line":76,"column":6},"end":{"line":76,"column":44}},"36":{"start":{"line":80,"column":4},"end":{"line":80,"column":56}},"37":{"start":{"line":80,"column":26},"end":{"line":80,"column":54}},"38":{"start":{"line":81,"column":23},"end":{"line":81,"column":81}},"39":{"start":{"line":82,"column":4},"end":{"line":82,"column":55}},"40":{"start":{"line":82,"column":20},"end":{"line":82,"column":55}},"41":{"start":{"line":85,"column":23},"end":{"line":85,"column":64}},"42":{"start":{"line":86,"column":4},"end":{"line":102,"column":5}},"43":{"start":{"line":87,"column":6},"end":{"line":87,"column":41}},"44":{"start":{"line":88,"column":6},"end":{"line":88,"column":48}},"45":{"start":{"line":91,"column":6},"end":{"line":91,"column":49}},"46":{"start":{"line":92,"column":6},"end":{"line":92,"column":55}},"47":{"start":{"line":95,"column":6},"end":{"line":95,"column":126}},"48":{"start":{"line":95,"column":32},"end":{"line":95,"column":126}},"49":{"start":{"line":95,"column":51},"end":{"line":95,"column":117}},"50":{"start":{"line":95,"column":96},"end":{"line":95,"column":117}},"51":{"start":{"line":96,"column":6},"end":{"line":96,"column":116}},"52":{"start":{"line":96,"column":32},"end":{"line":96,"column":116}},"53":{"start":{"line":96,"column":51},"end":{"line":96,"column":107}},"54":{"start":{"line":96,"column":91},"end":{"line":96,"column":107}},"55":{"start":{"line":97,"column":6},"end":{"line":97,"column":119}},"56":{"start":{"line":97,"column":33},"end":{"line":97,"column":119}},"57":{"start":{"line":97,"column":52},"end":{"line":97,"column":110}},"58":{"start":{"line":97,"column":93},"end":{"line":97,"column":110}},"59":{"start":{"line":100,"column":6},"end":{"line":100,"column":50}},"60":{"start":{"line":101,"column":6},"end":{"line":101,"column":28}},"61":{"start":{"line":106,"column":2},"end":{"line":112,"column":5}},"62":{"start":{"line":107,"column":4},"end":{"line":111,"column":7}},"63":{"start":{"line":108,"column":6},"end":{"line":108,"column":25}},"64":{"start":{"line":109,"column":21},"end":{"line":109,"column":51}},"65":{"start":{"line":110,"column":6},"end":{"line":110,"column":29}},"66":{"start":{"line":115,"column":22},"end":{"line":115,"column":59}},"67":{"start":{"line":116,"column":2},"end":{"line":118,"column":3}},"68":{"start":{"line":117,"column":4},"end":{"line":117,"column":32}},"69":{"start":{"line":122,"column":0},"end":{"line":127,"column":2}},"70":{"start":{"line":123,"column":21},"end":{"line":123,"column":79}},"71":{"start":{"line":124,"column":2},"end":{"line":126,"column":3}},"72":{"start":{"line":125,"column":4},"end":{"line":125,"column":23}},"73":{"start":{"line":130,"column":0},"end":{"line":138,"column":2}},"74":{"start":{"line":131,"column":16},"end":{"line":131,"column":48}},"75":{"start":{"line":132,"column":2},"end":{"line":132,"column":45}},"76":{"start":{"line":133,"column":2},"end":{"line":133,"column":41}},"77":{"start":{"line":135,"column":2},"end":{"line":137,"column":11}},"78":{"start":{"line":136,"column":4},"end":{"line":136,"column":35}},"79":{"start":{"line":141,"column":0},"end":{"line":150,"column":2}},"80":{"start":{"line":142,"column":17},"end":{"line":142,"column":58}},"81":{"start":{"line":143,"column":2},"end":{"line":149,"column":3}},"82":{"start":{"line":144,"column":4},"end":{"line":144,"column":36}},"83":{"start":{"line":145,"column":4},"end":{"line":145,"column":42}},"84":{"start":{"line":147,"column":4},"end":{"line":147,"column":39}},"85":{"start":{"line":148,"column":4},"end":{"line":148,"column":47}},"86":{"start":{"line":154,"column":12},"end":{"line":154,"column":30}},"87":{"start":{"line":157,"column":2},"end":{"line":157,"column":76}},"88":{"start":{"line":158,"column":22},"end":{"line":158,"column":60}},"89":{"start":{"line":159,"column":2},"end":{"line":159,"column":53}},"90":{"start":{"line":159,"column":19},"end":{"line":159,"column":53}},"91":{"start":{"line":161,"column":20},"end":{"line":161,"column":22}},"92":{"start":{"line":162,"column":2},"end":{"line":164,"column":60}},"93":{"start":{"line":162,"column":19},"end":{"line":162,"column":72}},"94":{"start":{"line":163,"column":7},"end":{"line":164,"column":60}},"95":{"start":{"line":163,"column":24},"end":{"line":163,"column":75}},"96":{"start":{"line":164,"column":7},"end":{"line":164,"column":60}},"97":{"start":{"line":165,"column":2},"end":{"line":165,"column":66}},"98":{"start":{"line":168,"column":2},"end":{"line":168,"column":90}},"99":{"start":{"line":169,"column":2},"end":{"line":169,"column":80}},"100":{"start":{"line":170,"column":2},"end":{"line":170,"column":84}},"101":{"start":{"line":171,"column":2},"end":{"line":171,"column":88}},"102":{"start":{"line":174,"column":2},"end":{"line":176,"column":3}},"103":{"start":{"line":175,"column":4},"end":{"line":175,"column":165}},"104":{"start":{"line":179,"column":17},"end":{"line":179,"column":50}},"105":{"start":{"line":180,"column":19},"end":{"line":180,"column":54}},"106":{"start":{"line":181,"column":14},"end":{"line":181,"column":49}},"107":{"start":{"line":182,"column":2},"end":{"line":182,"column":33}},"108":{"start":{"line":183,"column":2},"end":{"line":183,"column":48}},"109":{"start":{"line":184,"column":2},"end":{"line":184,"column":53}},"110":{"start":{"line":187,"column":2},"end":{"line":192,"column":3}},"111":{"start":{"line":188,"column":4},"end":{"line":188,"column":65}},"112":{"start":{"line":189,"column":4},"end":{"line":189,"column":75}},"113":{"start":{"line":190,"column":19},"end":{"line":190,"column":56}},"114":{"start":{"line":191,"column":4},"end":{"line":191,"column":28}},"115":{"start":{"line":197,"column":14},"end":{"line":197,"column":37}},"116":{"start":{"line":198,"column":19},"end":{"line":198,"column":21}},"117":{"start":{"line":199,"column":14},"end":{"line":199,"column":43}},"118":{"start":{"line":201,"column":2},"end":{"line":201,"column":51}},"119":{"start":{"line":204,"column":2},"end":{"line":204,"column":18}},"120":{"start":{"line":205,"column":2},"end":{"line":205,"column":46}},"121":{"start":{"line":206,"column":2},"end":{"line":206,"column":21}},"122":{"start":{"line":207,"column":2},"end":{"line":207,"column":45}},"123":{"start":{"line":208,"column":2},"end":{"line":208,"column":24}},"124":{"start":{"line":209,"column":2},"end":{"line":209,"column":15}},"125":{"start":{"line":212,"column":2},"end":{"line":212,"column":18}},"126":{"start":{"line":213,"column":2},"end":{"line":213,"column":60}},"127":{"start":{"line":214,"column":2},"end":{"line":214,"column":21}},"128":{"start":{"line":216,"column":14},"end":{"line":216,"column":23}},"129":{"start":{"line":217,"column":2},"end":{"line":217,"column":49}},"130":{"start":{"line":217,"column":31},"end":{"line":217,"column":49}},"131":{"start":{"line":218,"column":2},"end":{"line":218,"column":36}},"132":{"start":{"line":218,"column":18},"end":{"line":218,"column":36}},"133":{"start":{"line":220,"column":2},"end":{"line":220,"column":26}},"134":{"start":{"line":221,"column":2},"end":{"line":221,"column":24}},"135":{"start":{"line":222,"column":2},"end":{"line":222,"column":15}},"136":{"start":{"line":227,"column":2},"end":{"line":227,"column":61}},"137":{"start":{"line":227,"column":29},"end":{"line":227,"column":61}},"138":{"start":{"line":229,"column":21},"end":{"line":229,"column":100}},"139":{"start":{"line":229,"column":54},"end":{"line":229,"column":89}},"140":{"start":{"line":230,"column":17},"end":{"line":233,"column":4}},"141":{"start":{"line":231,"column":14},"end":{"line":231,"column":30}},"142":{"start":{"line":232,"column":4},"end":{"line":232,"column":46}},"143":{"start":{"line":234,"column":15},"end":{"line":234,"column":43}},"144":{"start":{"line":234,"column":35},"end":{"line":234,"column":42}},"145":{"start":{"line":236,"column":2},"end":{"line":260,"column":5}},"146":{"start":{"line":264,"column":2},"end":{"line":264,"column":87}},"147":{"start":{"line":265,"column":20},"end":{"line":265,"column":59}},"148":{"start":{"line":266,"column":2},"end":{"line":266,"column":56}},"149":{"start":{"line":266,"column":16},"end":{"line":266,"column":56}},"150":{"start":{"line":269,"column":0},"end":{"line":276,"column":1}},"151":{"start":{"line":270,"column":2},"end":{"line":275,"column":4}}},"fnMap":{"0":{"name":"(anonymous_0)","decl":{"start":{"line":9,"column":21},"end":{"line":9,"column":22}},"loc":{"start":{"line":9,"column":51},"end":{"line":39,"column":1}},"line":9},"1":{"name":"(anonymous_1)","decl":{"start":{"line":22,"column":64},"end":{"line":22,"column":65}},"loc":{"start":{"line":22,"column":70},"end":{"line":22,"column":81}},"line":22},"2":{"name":"(anonymous_2)","decl":{"start":{"line":23,"column":36},"end":{"line":23,"column":37}},"loc":{"start":{"line":23,"column":42},"end":{"line":30,"column":3}},"line":23},"3":{"name":"(anonymous_3)","decl":{"start":{"line":25,"column":38},"end":{"line":25,"column":39}},"loc":{"start":{"line":25,"column":46},"end":{"line":29,"column":5}},"line":25},"4":{"name":"(anonymous_4)","decl":{"start":{"line":45,"column":46},"end":{"line":45,"column":47}},"loc":{"start":{"line":45,"column":52},"end":{"line":48,"column":1}},"line":45},"5":{"name":"initApp","decl":{"start":{"line":50,"column":9},"end":{"line":50,"column":16}},"loc":{"start":{"line":50,"column":19},"end":{"line":56,"column":1}},"line":50},"6":{"name":"setupNavigation","decl":{"start":{"line":58,"column":9},"end":{"line":58,"column":24}},"loc":{"start":{"line":58,"column":27},"end":{"line":119,"column":1}},"line":58},"7":{"name":"(anonymous_7)","decl":{"start":{"line":65,"column":38},"end":{"line":65,"column":39}},"loc":{"start":{"line":65,"column":44},"end":{"line":69,"column":3}},"line":65},"8":{"name":"navigateToPage","decl":{"start":{"line":72,"column":11},"end":{"line":72,"column":25}},"loc":{"start":{"line":72,"column":34},"end":{"line":103,"column":3}},"line":72},"9":{"name":"(anonymous_9)","decl":{"start":{"line":74,"column":18},"end":{"line":74,"column":19}},"loc":{"start":{"line":74,"column":23},"end":{"line":77,"column":5}},"line":74},"10":{"name":"(anonymous_10)","decl":{"start":{"line":80,"column":21},"end":{"line":80,"column":22}},"loc":{"start":{"line":80,"column":26},"end":{"line":80,"column":54}},"line":80},"11":{"name":"(anonymous_11)","decl":{"start":{"line":95,"column":43},"end":{"line":95,"column":44}},"loc":{"start":{"line":95,"column":49},"end":{"line":95,"column":119}},"line":95},"12":{"name":"(anonymous_12)","decl":{"start":{"line":96,"column":43},"end":{"line":96,"column":44}},"loc":{"start":{"line":96,"column":49},"end":{"line":96,"column":109}},"line":96},"13":{"name":"(anonymous_13)","decl":{"start":{"line":97,"column":44},"end":{"line":97,"column":45}},"loc":{"start":{"line":97,"column":50},"end":{"line":97,"column":112}},"line":97},"14":{"name":"(anonymous_14)","decl":{"start":{"line":106,"column":19},"end":{"line":106,"column":20}},"loc":{"start":{"line":106,"column":27},"end":{"line":112,"column":3}},"line":106},"15":{"name":"(anonymous_15)","decl":{"start":{"line":107,"column":35},"end":{"line":107,"column":36}},"loc":{"start":{"line":107,"column":42},"end":{"line":111,"column":5}},"line":107},"16":{"name":"(anonymous_16)","decl":{"start":{"line":122,"column":20},"end":{"line":122,"column":21}},"loc":{"start":{"line":122,"column":37},"end":{"line":127,"column":1}},"line":122},"17":{"name":"(anonymous_17)","decl":{"start":{"line":130,"column":19},"end":{"line":130,"column":20}},"loc":{"start":{"line":130,"column":55},"end":{"line":138,"column":1}},"line":130},"18":{"name":"(anonymous_18)","decl":{"start":{"line":135,"column":13},"end":{"line":135,"column":14}},"loc":{"start":{"line":135,"column":19},"end":{"line":137,"column":3}},"line":135},"19":{"name":"(anonymous_19)","decl":{"start":{"line":141,"column":23},"end":{"line":141,"column":24}},"loc":{"start":{"line":141,"column":38},"end":{"line":150,"column":1}},"line":141},"20":{"name":"updateDashboardUI","decl":{"start":{"line":153,"column":9},"end":{"line":153,"column":26}},"loc":{"start":{"line":153,"column":29},"end":{"line":193,"column":1}},"line":153},"21":{"name":"renderGauge","decl":{"start":{"line":196,"column":9},"end":{"line":196,"column":20}},"loc":{"start":{"line":196,"column":36},"end":{"line":223,"column":1}},"line":196},"22":{"name":"renderMiniTrend","decl":{"start":{"line":225,"column":9},"end":{"line":225,"column":24}},"loc":{"start":{"line":225,"column":33},"end":{"line":261,"column":1}},"line":225},"23":{"name":"(anonymous_23)","decl":{"start":{"line":229,"column":45},"end":{"line":229,"column":46}},"loc":{"start":{"line":229,"column":54},"end":{"line":229,"column":89}},"line":229},"24":{"name":"(anonymous_24)","decl":{"start":{"line":230,"column":32},"end":{"line":230,"column":33}},"loc":{"start":{"line":230,"column":37},"end":{"line":233,"column":3}},"line":230},"25":{"name":"(anonymous_25)","decl":{"start":{"line":234,"column":30},"end":{"line":234,"column":31}},"loc":{"start":{"line":234,"column":35},"end":{"line":234,"column":42}},"line":234},"26":{"name":"checkStreak","decl":{"start":{"line":263,"column":9},"end":{"line":263,"column":20}},"loc":{"start":{"line":263,"column":23},"end":{"line":267,"column":1}},"line":263}},"branchMap":{"0":{"loc":{"start":{"line":10,"column":2},"end":{"line":10,"column":23}},"type":"if","locations":[{"start":{"line":10,"column":2},"end":{"line":10,"column":23}},{"start":{},"end":{}}],"line":10},"1":{"loc":{"start":{"line":15,"column":2},"end":{"line":17,"column":3}},"type":"if","locations":[{"start":{"line":15,"column":2},"end":{"line":17,"column":3}},{"start":{},"end":{}}],"line":15},"2":{"loc":{"start":{"line":26,"column":6},"end":{"line":28,"column":7}},"type":"if","locations":[{"start":{"line":26,"column":6},"end":{"line":28,"column":7}},{"start":{},"end":{}}],"line":26},"3":{"loc":{"start":{"line":33,"column":2},"end":{"line":36,"column":3}},"type":"if","locations":[{"start":{"line":33,"column":2},"end":{"line":36,"column":3}},{"start":{},"end":{}}],"line":33},"4":{"loc":{"start":{"line":35,"column":4},"end":{"line":35,"column":46}},"type":"if","locations":[{"start":{"line":35,"column":4},"end":{"line":35,"column":46}},{"start":{},"end":{}}],"line":35},"5":{"loc":{"start":{"line":82,"column":4},"end":{"line":82,"column":55}},"type":"if","locations":[{"start":{"line":82,"column":4},"end":{"line":82,"column":55}},{"start":{},"end":{}}],"line":82},"6":{"loc":{"start":{"line":86,"column":4},"end":{"line":102,"column":5}},"type":"if","locations":[{"start":{"line":86,"column":4},"end":{"line":102,"column":5}},{"start":{},"end":{}}],"line":86},"7":{"loc":{"start":{"line":95,"column":6},"end":{"line":95,"column":126}},"type":"if","locations":[{"start":{"line":95,"column":6},"end":{"line":95,"column":126}},{"start":{},"end":{}}],"line":95},"8":{"loc":{"start":{"line":95,"column":51},"end":{"line":95,"column":117}},"type":"if","locations":[{"start":{"line":95,"column":51},"end":{"line":95,"column":117}},{"start":{},"end":{}}],"line":95},"9":{"loc":{"start":{"line":96,"column":6},"end":{"line":96,"column":116}},"type":"if","locations":[{"start":{"line":96,"column":6},"end":{"line":96,"column":116}},{"start":{},"end":{}}],"line":96},"10":{"loc":{"start":{"line":96,"column":51},"end":{"line":96,"column":107}},"type":"if","locations":[{"start":{"line":96,"column":51},"end":{"line":96,"column":107}},{"start":{},"end":{}}],"line":96},"11":{"loc":{"start":{"line":97,"column":6},"end":{"line":97,"column":119}},"type":"if","locations":[{"start":{"line":97,"column":6},"end":{"line":97,"column":119}},{"start":{},"end":{}}],"line":97},"12":{"loc":{"start":{"line":97,"column":52},"end":{"line":97,"column":110}},"type":"if","locations":[{"start":{"line":97,"column":52},"end":{"line":97,"column":110}},{"start":{},"end":{}}],"line":97},"13":{"loc":{"start":{"line":116,"column":2},"end":{"line":118,"column":3}},"type":"if","locations":[{"start":{"line":116,"column":2},"end":{"line":118,"column":3}},{"start":{},"end":{}}],"line":116},"14":{"loc":{"start":{"line":116,"column":6},"end":{"line":116,"column":67}},"type":"binary-expr","locations":[{"start":{"line":116,"column":6},"end":{"line":116,"column":17}},{"start":{"line":116,"column":21},"end":{"line":116,"column":67}}],"line":116},"15":{"loc":{"start":{"line":124,"column":2},"end":{"line":126,"column":3}},"type":"if","locations":[{"start":{"line":124,"column":2},"end":{"line":126,"column":3}},{"start":{},"end":{}}],"line":124},"16":{"loc":{"start":{"line":130,"column":37},"end":{"line":130,"column":53}},"type":"default-arg","locations":[{"start":{"line":130,"column":44},"end":{"line":130,"column":53}}],"line":130},"17":{"loc":{"start":{"line":143,"column":2},"end":{"line":149,"column":3}},"type":"if","locations":[{"start":{"line":143,"column":2},"end":{"line":149,"column":3}},{"start":{"line":146,"column":9},"end":{"line":149,"column":3}}],"line":143},"18":{"loc":{"start":{"line":159,"column":2},"end":{"line":159,"column":53}},"type":"if","locations":[{"start":{"line":159,"column":2},"end":{"line":159,"column":53}},{"start":{},"end":{}}],"line":159},"19":{"loc":{"start":{"line":162,"column":2},"end":{"line":164,"column":60}},"type":"if","locations":[{"start":{"line":162,"column":2},"end":{"line":164,"column":60}},{"start":{"line":163,"column":7},"end":{"line":164,"column":60}}],"line":162},"20":{"loc":{"start":{"line":163,"column":7},"end":{"line":164,"column":60}},"type":"if","locations":[{"start":{"line":163,"column":7},"end":{"line":164,"column":60}},{"start":{"line":164,"column":7},"end":{"line":164,"column":60}}],"line":163},"21":{"loc":{"start":{"line":174,"column":2},"end":{"line":176,"column":3}},"type":"if","locations":[{"start":{"line":174,"column":2},"end":{"line":176,"column":3}},{"start":{},"end":{}}],"line":174},"22":{"loc":{"start":{"line":187,"column":2},"end":{"line":192,"column":3}},"type":"if","locations":[{"start":{"line":187,"column":2},"end":{"line":192,"column":3}},{"start":{},"end":{}}],"line":187},"23":{"loc":{"start":{"line":187,"column":6},"end":{"line":187,"column":62}},"type":"binary-expr","locations":[{"start":{"line":187,"column":6},"end":{"line":187,"column":30}},{"start":{"line":187,"column":34},"end":{"line":187,"column":62}}],"line":187},"24":{"loc":{"start":{"line":217,"column":2},"end":{"line":217,"column":49}},"type":"if","locations":[{"start":{"line":217,"column":2},"end":{"line":217,"column":49}},{"start":{},"end":{}}],"line":217},"25":{"loc":{"start":{"line":217,"column":6},"end":{"line":217,"column":29}},"type":"binary-expr","locations":[{"start":{"line":217,"column":6},"end":{"line":217,"column":16}},{"start":{"line":217,"column":20},"end":{"line":217,"column":29}}],"line":217},"26":{"loc":{"start":{"line":218,"column":2},"end":{"line":218,"column":36}},"type":"if","locations":[{"start":{"line":218,"column":2},"end":{"line":218,"column":36}},{"start":{},"end":{}}],"line":218},"27":{"loc":{"start":{"line":227,"column":2},"end":{"line":227,"column":61}},"type":"if","locations":[{"start":{"line":227,"column":2},"end":{"line":227,"column":61}},{"start":{},"end":{}}],"line":227},"28":{"loc":{"start":{"line":266,"column":2},"end":{"line":266,"column":56}},"type":"if","locations":[{"start":{"line":266,"column":2},"end":{"line":266,"column":56}},{"start":{},"end":{}}],"line":266},"29":{"loc":{"start":{"line":269,"column":0},"end":{"line":276,"column":1}},"type":"if","locations":[{"start":{"line":269,"column":0},"end":{"line":276,"column":1}},{"start":{},"end":{}}],"line":269},"30":{"loc":{"start":{"line":269,"column":4},"end":{"line":269,"column":51}},"type":"binary-expr","locations":[{"start":{"line":269,"column":4},"end":{"line":269,"column":33}},{"start":{"line":269,"column":37},"end":{"line":269,"column":51}}],"line":269}},"s":{"0":1,"1":0,"2":0,"3":0,"4":0,"5":0,"6":0,"7":0,"8":0,"9":0,"10":0,"11":0,"12":0,"13":0,"14":0,"15":0,"16":0,"17":0,"18":0,"19":0,"20":1,"21":0,"22":0,"23":0,"24":0,"25":0,"26":0,"27":0,"28":0,"29":0,"30":0,"31":0,"32":0,"33":0,"34":0,"35":0,"36":0,"37":0,"38":0,"39":0,"40":0,"41":0,"42":0,"43":0,"44":0,"45":0,"46":0,"47":0,"48":0,"49":0,"50":0,"51":0,"52":0,"53":0,"54":0,"55":0,"56":0,"57":0,"58":0,"59":0,"60":0,"61":0,"62":0,"63":0,"64":0,"65":0,"66":0,"67":0,"68":0,"69":1,"70":0,"71":0,"72":0,"73":1,"74":0,"75":0,"76":0,"77":0,"78":0,"79":1,"80":0,"81":0,"82":0,"83":0,"84":0,"85":0,"86":1,"87":1,"88":1,"89":1,"90":1,"91":1,"92":1,"93":0,"94":1,"95":1,"96":0,"97":1,"98":1,"99":1,"100":1,"101":1,"102":1,"103":1,"104":1,"105":1,"106":1,"107":1,"108":1,"109":1,"110":1,"111":0,"112":0,"113":0,"114":0,"115":1,"116":1,"117":1,"118":1,"119":1,"120":1,"121":1,"122":1,"123":1,"124":1,"125":1,"126":1,"127":1,"128":1,"129":1,"130":1,"131":1,"132":0,"133":1,"134":1,"135":1,"136":0,"137":0,"138":0,"139":0,"140":0,"141":0,"142":0,"143":0,"144":0,"145":0,"146":1,"147":1,"148":1,"149":1,"150":1,"151":1},"f":{"0":0,"1":0,"2":0,"3":0,"4":0,"5":0,"6":0,"7":0,"8":0,"9":0,"10":0,"11":0,"12":0,"13":0,"14":0,"15":0,"16":0,"17":0,"18":0,"19":0,"20":1,"21":1,"22":0,"23":0,"24":0,"25":0,"26":1},"b":{"0":[0,0],"1":[0,0],"2":[0,0],"3":[0,0],"4":[0,0],"5":[0,0],"6":[0,0],"7":[0,0],"8":[0,0],"9":[0,0],"10":[0,0],"11":[0,0],"12":[0,0],"13":[0,0],"14":[0,0],"15":[0,0],"16":[0],"17":[0,0],"18":[1,0],"19":[0,1],"20":[1,0],"21":[1,0],"22":[0,1],"23":[1,0],"24":[1,0],"25":[1,1],"26":[0,1],"27":[0,0],"28":[1,0],"29":[1,0],"30":[1,1]},"_coverageSchema":"1a1c01bbd47fc00a2c39e90264f33305004495a9","hash":"0630f047d075305821dabadff9d3f2012d82585c"}
,"C:\\Users\\mohds\\Desktop\\Carbon Footprint Awareness\\js\\assistant.js": {"path":"C:\\Users\\mohds\\Desktop\\Carbon Footprint Awareness\\js\\assistant.js","statementMap":{"0":{"start":{"line":12,"column":0},"end":{"line":20,"column":3}},"1":{"start":{"line":13,"column":19},"end":{"line":13,"column":54}},"2":{"start":{"line":14,"column":2},"end":{"line":19,"column":3}},"3":{"start":{"line":15,"column":4},"end":{"line":18,"column":7}},"4":{"start":{"line":16,"column":6},"end":{"line":16,"column":25}},"5":{"start":{"line":17,"column":6},"end":{"line":17,"column":26}},"6":{"start":{"line":24,"column":16},"end":{"line":24,"column":39}},"7":{"start":{"line":25,"column":12},"end":{"line":25,"column":30}},"8":{"start":{"line":28,"column":2},"end":{"line":46,"column":3}},"9":{"start":{"line":29,"column":4},"end":{"line":29,"column":158}},"10":{"start":{"line":29,"column":36},"end":{"line":29,"column":158}},"11":{"start":{"line":32,"column":17},"end":{"line":32,"column":28}},"12":{"start":{"line":33,"column":17},"end":{"line":33,"column":28}},"13":{"start":{"line":34,"column":4},"end":{"line":34,"column":62}},"14":{"start":{"line":34,"column":27},"end":{"line":34,"column":43}},"15":{"start":{"line":34,"column":44},"end":{"line":34,"column":60}},"16":{"start":{"line":35,"column":4},"end":{"line":35,"column":68}},"17":{"start":{"line":35,"column":29},"end":{"line":35,"column":47}},"18":{"start":{"line":35,"column":48},"end":{"line":35,"column":66}},"19":{"start":{"line":36,"column":4},"end":{"line":36,"column":74}},"20":{"start":{"line":36,"column":31},"end":{"line":36,"column":51}},"21":{"start":{"line":36,"column":52},"end":{"line":36,"column":72}},"22":{"start":{"line":38,"column":14},"end":{"line":38,"column":150}},"23":{"start":{"line":40,"column":4},"end":{"line":43,"column":151}},"24":{"start":{"line":40,"column":32},"end":{"line":40,"column":192}},"25":{"start":{"line":41,"column":9},"end":{"line":43,"column":151}},"26":{"start":{"line":41,"column":32},"end":{"line":41,"column":170}},"27":{"start":{"line":42,"column":9},"end":{"line":43,"column":151}},"28":{"start":{"line":42,"column":34},"end":{"line":42,"column":189}},"29":{"start":{"line":43,"column":9},"end":{"line":43,"column":151}},"30":{"start":{"line":45,"column":4},"end":{"line":45,"column":15}},"31":{"start":{"line":49,"column":2},"end":{"line":52,"column":3}},"32":{"start":{"line":50,"column":4},"end":{"line":50,"column":264}},"33":{"start":{"line":50,"column":59},"end":{"line":50,"column":264}},"34":{"start":{"line":51,"column":4},"end":{"line":51,"column":205}},"35":{"start":{"line":55,"column":2},"end":{"line":57,"column":3}},"36":{"start":{"line":56,"column":4},"end":{"line":56,"column":279}},"37":{"start":{"line":60,"column":2},"end":{"line":62,"column":3}},"38":{"start":{"line":61,"column":4},"end":{"line":61,"column":261}},"39":{"start":{"line":65,"column":2},"end":{"line":67,"column":3}},"40":{"start":{"line":66,"column":4},"end":{"line":66,"column":307}},"41":{"start":{"line":70,"column":17},"end":{"line":70,"column":199}},"42":{"start":{"line":71,"column":2},"end":{"line":73,"column":3}},"43":{"start":{"line":72,"column":4},"end":{"line":72,"column":145}},"44":{"start":{"line":74,"column":2},"end":{"line":74,"column":18}},"45":{"start":{"line":78,"column":18},"end":{"line":78,"column":54}},"46":{"start":{"line":79,"column":14},"end":{"line":79,"column":34}},"47":{"start":{"line":80,"column":2},"end":{"line":80,"column":19}},"48":{"start":{"line":80,"column":12},"end":{"line":80,"column":19}},"49":{"start":{"line":83,"column":2},"end":{"line":83,"column":30}},"50":{"start":{"line":84,"column":2},"end":{"line":84,"column":21}},"51":{"start":{"line":87,"column":19},"end":{"line":87,"column":40}},"52":{"start":{"line":90,"column":2},"end":{"line":113,"column":10}},"53":{"start":{"line":91,"column":4},"end":{"line":112,"column":5}},"54":{"start":{"line":92,"column":23},"end":{"line":99,"column":8}},"55":{"start":{"line":101,"column":6},"end":{"line":101,"column":53}},"56":{"start":{"line":101,"column":24},"end":{"line":101,"column":53}},"57":{"start":{"line":103,"column":19},"end":{"line":103,"column":40}},"58":{"start":{"line":104,"column":6},"end":{"line":104,"column":38}},"59":{"start":{"line":105,"column":6},"end":{"line":105,"column":40}},"60":{"start":{"line":108,"column":6},"end":{"line":108,"column":52}},"61":{"start":{"line":109,"column":6},"end":{"line":109,"column":38}},"62":{"start":{"line":110,"column":23},"end":{"line":110,"column":47}},"63":{"start":{"line":111,"column":6},"end":{"line":111,"column":38}},"64":{"start":{"line":116,"column":0},"end":{"line":124,"column":1}},"65":{"start":{"line":117,"column":14},"end":{"line":117,"column":29}},"66":{"start":{"line":118,"column":18},"end":{"line":118,"column":54}},"67":{"start":{"line":119,"column":2},"end":{"line":119,"column":22}},"68":{"start":{"line":120,"column":2},"end":{"line":120,"column":22}},"69":{"start":{"line":122,"column":2},"end":{"line":122,"column":28}},"70":{"start":{"line":123,"column":2},"end":{"line":123,"column":35}},"71":{"start":{"line":127,"column":23},"end":{"line":127,"column":62}},"72":{"start":{"line":128,"column":17},"end":{"line":128,"column":34}},"73":{"start":{"line":130,"column":17},"end":{"line":130,"column":46}},"74":{"start":{"line":131,"column":2},"end":{"line":131,"column":79}},"75":{"start":{"line":133,"column":2},"end":{"line":136,"column":4}},"76":{"start":{"line":138,"column":2},"end":{"line":138,"column":35}},"77":{"start":{"line":139,"column":2},"end":{"line":139,"column":53}},"78":{"start":{"line":143,"column":23},"end":{"line":143,"column":62}},"79":{"start":{"line":144,"column":13},"end":{"line":144,"column":35}},"80":{"start":{"line":146,"column":17},"end":{"line":146,"column":46}},"81":{"start":{"line":147,"column":2},"end":{"line":147,"column":65}},"82":{"start":{"line":148,"column":2},"end":{"line":148,"column":17}},"83":{"start":{"line":150,"column":15},"end":{"line":155,"column":3}},"84":{"start":{"line":156,"column":2},"end":{"line":156,"column":28}},"85":{"start":{"line":158,"column":2},"end":{"line":158,"column":35}},"86":{"start":{"line":159,"column":2},"end":{"line":159,"column":53}},"87":{"start":{"line":160,"column":2},"end":{"line":160,"column":12}},"88":{"start":{"line":164,"column":13},"end":{"line":164,"column":40}},"89":{"start":{"line":165,"column":2},"end":{"line":165,"column":22}},"90":{"start":{"line":165,"column":10},"end":{"line":165,"column":22}},"91":{"start":{"line":169,"column":18},"end":{"line":190,"column":1}},"92":{"start":{"line":171,"column":22},"end":{"line":171,"column":34}},"93":{"start":{"line":175,"column":22},"end":{"line":175,"column":61}},"94":{"start":{"line":179,"column":22},"end":{"line":179,"column":36}},"95":{"start":{"line":183,"column":22},"end":{"line":183,"column":142}},"96":{"start":{"line":187,"column":22},"end":{"line":187,"column":61}},"97":{"start":{"line":192,"column":0},"end":{"line":212,"column":1}},"98":{"start":{"line":193,"column":12},"end":{"line":193,"column":30}},"99":{"start":{"line":194,"column":20},"end":{"line":194,"column":61}},"100":{"start":{"line":196,"column":2},"end":{"line":200,"column":3}},"101":{"start":{"line":197,"column":4},"end":{"line":197,"column":126}},"102":{"start":{"line":198,"column":4},"end":{"line":198,"column":39}},"103":{"start":{"line":199,"column":4},"end":{"line":199,"column":11}},"104":{"start":{"line":202,"column":19},"end":{"line":202,"column":34}},"105":{"start":{"line":203,"column":18},"end":{"line":203,"column":39}},"106":{"start":{"line":205,"column":2},"end":{"line":210,"column":3}},"107":{"start":{"line":206,"column":4},"end":{"line":206,"column":154}},"108":{"start":{"line":208,"column":17},"end":{"line":208,"column":92}},"109":{"start":{"line":209,"column":4},"end":{"line":209,"column":40}},"110":{"start":{"line":211,"column":2},"end":{"line":211,"column":37}},"111":{"start":{"line":215,"column":0},"end":{"line":224,"column":1}},"112":{"start":{"line":216,"column":2},"end":{"line":223,"column":4}}},"fnMap":{"0":{"name":"(anonymous_0)","decl":{"start":{"line":12,"column":46},"end":{"line":12,"column":47}},"loc":{"start":{"line":12,"column":52},"end":{"line":20,"column":1}},"line":12},"1":{"name":"(anonymous_1)","decl":{"start":{"line":15,"column":40},"end":{"line":15,"column":41}},"loc":{"start":{"line":15,"column":47},"end":{"line":18,"column":5}},"line":15},"2":{"name":"generateBotResponse","decl":{"start":{"line":23,"column":9},"end":{"line":23,"column":28}},"loc":{"start":{"line":23,"column":40},"end":{"line":75,"column":1}},"line":23},"3":{"name":"handleUserMessage","decl":{"start":{"line":77,"column":9},"end":{"line":77,"column":26}},"loc":{"start":{"line":77,"column":29},"end":{"line":114,"column":1}},"line":77},"4":{"name":"(anonymous_4)","decl":{"start":{"line":90,"column":13},"end":{"line":90,"column":14}},"loc":{"start":{"line":90,"column":25},"end":{"line":113,"column":3}},"line":90},"5":{"name":"(anonymous_5)","decl":{"start":{"line":116,"column":24},"end":{"line":116,"column":25}},"loc":{"start":{"line":116,"column":38},"end":{"line":124,"column":1}},"line":116},"6":{"name":"addChatMessage","decl":{"start":{"line":126,"column":9},"end":{"line":126,"column":23}},"loc":{"start":{"line":126,"column":45},"end":{"line":140,"column":1}},"line":126},"7":{"name":"showTypingIndicator","decl":{"start":{"line":142,"column":9},"end":{"line":142,"column":28}},"loc":{"start":{"line":142,"column":31},"end":{"line":161,"column":1}},"line":142},"8":{"name":"removeTypingIndicator","decl":{"start":{"line":163,"column":9},"end":{"line":163,"column":30}},"loc":{"start":{"line":163,"column":35},"end":{"line":166,"column":1}},"line":163},"9":{"name":"(anonymous_9)","decl":{"start":{"line":171,"column":15},"end":{"line":171,"column":16}},"loc":{"start":{"line":171,"column":22},"end":{"line":171,"column":34}},"line":171},"10":{"name":"(anonymous_10)","decl":{"start":{"line":175,"column":15},"end":{"line":175,"column":16}},"loc":{"start":{"line":175,"column":22},"end":{"line":175,"column":61}},"line":175},"11":{"name":"(anonymous_11)","decl":{"start":{"line":179,"column":15},"end":{"line":179,"column":16}},"loc":{"start":{"line":179,"column":22},"end":{"line":179,"column":36}},"line":179},"12":{"name":"(anonymous_12)","decl":{"start":{"line":183,"column":15},"end":{"line":183,"column":16}},"loc":{"start":{"line":183,"column":22},"end":{"line":183,"column":142}},"line":183},"13":{"name":"(anonymous_13)","decl":{"start":{"line":187,"column":15},"end":{"line":187,"column":16}},"loc":{"start":{"line":187,"column":22},"end":{"line":187,"column":61}},"line":187},"14":{"name":"(anonymous_14)","decl":{"start":{"line":192,"column":21},"end":{"line":192,"column":22}},"loc":{"start":{"line":192,"column":36},"end":{"line":212,"column":1}},"line":192}},"branchMap":{"0":{"loc":{"start":{"line":14,"column":2},"end":{"line":19,"column":3}},"type":"if","locations":[{"start":{"line":14,"column":2},"end":{"line":19,"column":3}},{"start":{},"end":{}}],"line":14},"1":{"loc":{"start":{"line":28,"column":2},"end":{"line":46,"column":3}},"type":"if","locations":[{"start":{"line":28,"column":2},"end":{"line":46,"column":3}},{"start":{},"end":{}}],"line":28},"2":{"loc":{"start":{"line":28,"column":6},"end":{"line":28,"column":99}},"type":"binary-expr","locations":[{"start":{"line":28,"column":6},"end":{"line":28,"column":31}},{"start":{"line":28,"column":35},"end":{"line":28,"column":65}},{"start":{"line":28,"column":69},"end":{"line":28,"column":99}}],"line":28},"3":{"loc":{"start":{"line":29,"column":4},"end":{"line":29,"column":158}},"type":"if","locations":[{"start":{"line":29,"column":4},"end":{"line":29,"column":158}},{"start":{},"end":{}}],"line":29},"4":{"loc":{"start":{"line":34,"column":4},"end":{"line":34,"column":62}},"type":"if","locations":[{"start":{"line":34,"column":4},"end":{"line":34,"column":62}},{"start":{},"end":{}}],"line":34},"5":{"loc":{"start":{"line":35,"column":4},"end":{"line":35,"column":68}},"type":"if","locations":[{"start":{"line":35,"column":4},"end":{"line":35,"column":68}},{"start":{},"end":{}}],"line":35},"6":{"loc":{"start":{"line":36,"column":4},"end":{"line":36,"column":74}},"type":"if","locations":[{"start":{"line":36,"column":4},"end":{"line":36,"column":74}},{"start":{},"end":{}}],"line":36},"7":{"loc":{"start":{"line":40,"column":4},"end":{"line":43,"column":151}},"type":"if","locations":[{"start":{"line":40,"column":4},"end":{"line":43,"column":151}},{"start":{"line":41,"column":9},"end":{"line":43,"column":151}}],"line":40},"8":{"loc":{"start":{"line":41,"column":9},"end":{"line":43,"column":151}},"type":"if","locations":[{"start":{"line":41,"column":9},"end":{"line":43,"column":151}},{"start":{"line":42,"column":9},"end":{"line":43,"column":151}}],"line":41},"9":{"loc":{"start":{"line":42,"column":9},"end":{"line":43,"column":151}},"type":"if","locations":[{"start":{"line":42,"column":9},"end":{"line":43,"column":151}},{"start":{"line":43,"column":9},"end":{"line":43,"column":151}}],"line":42},"10":{"loc":{"start":{"line":49,"column":2},"end":{"line":52,"column":3}},"type":"if","locations":[{"start":{"line":49,"column":2},"end":{"line":52,"column":3}},{"start":{},"end":{}}],"line":49},"11":{"loc":{"start":{"line":49,"column":6},"end":{"line":49,"column":162}},"type":"binary-expr","locations":[{"start":{"line":49,"column":6},"end":{"line":49,"column":33}},{"start":{"line":49,"column":37},"end":{"line":49,"column":58}},{"start":{"line":49,"column":62},"end":{"line":49,"column":85}},{"start":{"line":49,"column":89},"end":{"line":49,"column":109}},{"start":{"line":49,"column":113},"end":{"line":49,"column":134}},{"start":{"line":49,"column":138},"end":{"line":49,"column":162}}],"line":49},"12":{"loc":{"start":{"line":50,"column":4},"end":{"line":50,"column":264}},"type":"if","locations":[{"start":{"line":50,"column":4},"end":{"line":50,"column":264}},{"start":{},"end":{}}],"line":50},"13":{"loc":{"start":{"line":50,"column":8},"end":{"line":50,"column":57}},"type":"binary-expr","locations":[{"start":{"line":50,"column":8},"end":{"line":50,"column":29}},{"start":{"line":50,"column":33},"end":{"line":50,"column":57}}],"line":50},"14":{"loc":{"start":{"line":55,"column":2},"end":{"line":57,"column":3}},"type":"if","locations":[{"start":{"line":55,"column":2},"end":{"line":57,"column":3}},{"start":{},"end":{}}],"line":55},"15":{"loc":{"start":{"line":55,"column":6},"end":{"line":55,"column":107}},"type":"binary-expr","locations":[{"start":{"line":55,"column":6},"end":{"line":55,"column":28}},{"start":{"line":55,"column":32},"end":{"line":55,"column":54}},{"start":{"line":55,"column":58},"end":{"line":55,"column":80}},{"start":{"line":55,"column":84},"end":{"line":55,"column":107}}],"line":55},"16":{"loc":{"start":{"line":60,"column":2},"end":{"line":62,"column":3}},"type":"if","locations":[{"start":{"line":60,"column":2},"end":{"line":62,"column":3}},{"start":{},"end":{}}],"line":60},"17":{"loc":{"start":{"line":60,"column":6},"end":{"line":60,"column":142}},"type":"binary-expr","locations":[{"start":{"line":60,"column":6},"end":{"line":60,"column":30}},{"start":{"line":60,"column":34},"end":{"line":60,"column":56}},{"start":{"line":60,"column":60},"end":{"line":60,"column":82}},{"start":{"line":60,"column":86},"end":{"line":60,"column":115}},{"start":{"line":60,"column":119},"end":{"line":60,"column":142}}],"line":60},"18":{"loc":{"start":{"line":65,"column":2},"end":{"line":67,"column":3}},"type":"if","locations":[{"start":{"line":65,"column":2},"end":{"line":67,"column":3}},{"start":{},"end":{}}],"line":65},"19":{"loc":{"start":{"line":65,"column":6},"end":{"line":65,"column":79}},"type":"binary-expr","locations":[{"start":{"line":65,"column":6},"end":{"line":65,"column":50}},{"start":{"line":65,"column":54},"end":{"line":65,"column":79}}],"line":65},"20":{"loc":{"start":{"line":71,"column":2},"end":{"line":73,"column":3}},"type":"if","locations":[{"start":{"line":71,"column":2},"end":{"line":73,"column":3}},{"start":{},"end":{}}],"line":71},"21":{"loc":{"start":{"line":71,"column":6},"end":{"line":71,"column":47}},"type":"binary-expr","locations":[{"start":{"line":71,"column":6},"end":{"line":71,"column":31}},{"start":{"line":71,"column":35},"end":{"line":71,"column":47}}],"line":71},"22":{"loc":{"start":{"line":80,"column":2},"end":{"line":80,"column":19}},"type":"if","locations":[{"start":{"line":80,"column":2},"end":{"line":80,"column":19}},{"start":{},"end":{}}],"line":80},"23":{"loc":{"start":{"line":97,"column":19},"end":{"line":97,"column":72}},"type":"cond-expr","locations":[{"start":{"line":97,"column":47},"end":{"line":97,"column":65}},{"start":{"line":97,"column":68},"end":{"line":97,"column":72}}],"line":97},"24":{"loc":{"start":{"line":101,"column":6},"end":{"line":101,"column":53}},"type":"if","locations":[{"start":{"line":101,"column":6},"end":{"line":101,"column":53}},{"start":{},"end":{}}],"line":101},"25":{"loc":{"start":{"line":131,"column":37},"end":{"line":131,"column":76}},"type":"cond-expr","locations":[{"start":{"line":131,"column":46},"end":{"line":131,"column":60}},{"start":{"line":131,"column":63},"end":{"line":131,"column":76}}],"line":131},"26":{"loc":{"start":{"line":134,"column":53},"end":{"line":134,"column":73}},"type":"cond-expr","locations":[{"start":{"line":134,"column":62},"end":{"line":134,"column":66}},{"start":{"line":134,"column":69},"end":{"line":134,"column":73}}],"line":134},"27":{"loc":{"start":{"line":135,"column":37},"end":{"line":135,"column":86}},"type":"cond-expr","locations":[{"start":{"line":135,"column":46},"end":{"line":135,"column":72}},{"start":{"line":135,"column":75},"end":{"line":135,"column":86}}],"line":135},"28":{"loc":{"start":{"line":165,"column":2},"end":{"line":165,"column":22}},"type":"if","locations":[{"start":{"line":165,"column":2},"end":{"line":165,"column":22}},{"start":{},"end":{}}],"line":165},"29":{"loc":{"start":{"line":175,"column":22},"end":{"line":175,"column":61}},"type":"cond-expr","locations":[{"start":{"line":175,"column":40},"end":{"line":175,"column":57}},{"start":{"line":175,"column":60},"end":{"line":175,"column":61}}],"line":175},"30":{"loc":{"start":{"line":183,"column":22},"end":{"line":183,"column":142}},"type":"cond-expr","locations":[{"start":{"line":183,"column":51},"end":{"line":183,"column":135}},{"start":{"line":183,"column":139},"end":{"line":183,"column":142}}],"line":183},"31":{"loc":{"start":{"line":183,"column":51},"end":{"line":183,"column":135}},"type":"binary-expr","locations":[{"start":{"line":183,"column":51},"end":{"line":183,"column":130}},{"start":{"line":183,"column":134},"end":{"line":183,"column":135}}],"line":183},"32":{"loc":{"start":{"line":187,"column":22},"end":{"line":187,"column":61}},"type":"cond-expr","locations":[{"start":{"line":187,"column":40},"end":{"line":187,"column":57}},{"start":{"line":187,"column":60},"end":{"line":187,"column":61}}],"line":187},"33":{"loc":{"start":{"line":196,"column":2},"end":{"line":200,"column":3}},"type":"if","locations":[{"start":{"line":196,"column":2},"end":{"line":200,"column":3}},{"start":{},"end":{}}],"line":196},"34":{"loc":{"start":{"line":205,"column":2},"end":{"line":210,"column":3}},"type":"if","locations":[{"start":{"line":205,"column":2},"end":{"line":210,"column":3}},{"start":{"line":207,"column":9},"end":{"line":210,"column":3}}],"line":205},"35":{"loc":{"start":{"line":215,"column":0},"end":{"line":224,"column":1}},"type":"if","locations":[{"start":{"line":215,"column":0},"end":{"line":224,"column":1}},{"start":{},"end":{}}],"line":215},"36":{"loc":{"start":{"line":215,"column":4},"end":{"line":215,"column":51}},"type":"binary-expr","locations":[{"start":{"line":215,"column":4},"end":{"line":215,"column":33}},{"start":{"line":215,"column":37},"end":{"line":215,"column":51}}],"line":215}},"s":{"0":1,"1":0,"2":0,"3":0,"4":0,"5":0,"6":2,"7":2,"8":2,"9":1,"10":0,"11":1,"12":1,"13":1,"14":0,"15":0,"16":1,"17":0,"18":0,"19":1,"20":0,"21":0,"22":1,"23":1,"24":1,"25":0,"26":0,"27":0,"28":0,"29":0,"30":1,"31":1,"32":1,"33":1,"34":0,"35":0,"36":0,"37":0,"38":0,"39":0,"40":0,"41":0,"42":0,"43":0,"44":0,"45":0,"46":0,"47":0,"48":0,"49":0,"50":0,"51":0,"52":0,"53":0,"54":0,"55":0,"56":0,"57":0,"58":0,"59":0,"60":0,"61":0,"62":0,"63":0,"64":1,"65":0,"66":0,"67":0,"68":0,"69":0,"70":0,"71":1,"72":1,"73":1,"74":1,"75":1,"76":1,"77":1,"78":2,"79":2,"80":2,"81":2,"82":2,"83":2,"84":2,"85":2,"86":2,"87":2,"88":1,"89":1,"90":1,"91":1,"92":1,"93":1,"94":0,"95":0,"96":0,"97":1,"98":0,"99":0,"100":0,"101":0,"102":0,"103":0,"104":0,"105":0,"106":0,"107":0,"108":0,"109":0,"110":0,"111":1,"112":1},"f":{"0":0,"1":0,"2":2,"3":0,"4":0,"5":0,"6":1,"7":2,"8":1,"9":1,"10":1,"11":0,"12":0,"13":0,"14":0},"b":{"0":[0,0],"1":[1,1],"2":[2,1,1],"3":[0,1],"4":[0,1],"5":[0,1],"6":[0,1],"7":[1,0],"8":[0,0],"9":[0,0],"10":[1,0],"11":[1,1,1,1,1,1],"12":[1,0],"13":[1,1],"14":[0,0],"15":[0,0,0,0],"16":[0,0],"17":[0,0,0,0,0],"18":[0,0],"19":[0,0],"20":[0,0],"21":[0,0],"22":[0,0],"23":[0,0],"24":[0,0],"25":[1,0],"26":[1,0],"27":[1,0],"28":[1,0],"29":[1,0],"30":[0,0],"31":[0,0],"32":[0,0],"33":[0,0],"34":[0,0],"35":[1,0],"36":[1,1]},"_coverageSchema":"1a1c01bbd47fc00a2c39e90264f33305004495a9","hash":"2388d5cd68dc88ba0024cebea12cfb2936ef1a57"}
,"C:\\Users\\mohds\\Desktop\\Carbon Footprint Awareness\\js\\calculator.js": {"path":"C:\\Users\\mohds\\Desktop\\Carbon Footprint Awareness\\js\\calculator.js","statementMap":{"0":{"start":{"line":13,"column":0},"end":{"line":26,"column":3}},"1":{"start":{"line":14,"column":21},"end":{"line":14,"column":111}},"2":{"start":{"line":15,"column":2},"end":{"line":23,"column":5}},"3":{"start":{"line":16,"column":4},"end":{"line":22,"column":7}},"4":{"start":{"line":18,"column":6},"end":{"line":20,"column":7}},"5":{"start":{"line":19,"column":8},"end":{"line":19,"column":95}},"6":{"start":{"line":21,"column":6},"end":{"line":21,"column":27}},"7":{"start":{"line":25,"column":2},"end":{"line":25,"column":23}},"8":{"start":{"line":29,"column":13},"end":{"line":29,"column":29}},"9":{"start":{"line":32,"column":18},"end":{"line":32,"column":58}},"10":{"start":{"line":33,"column":16},"end":{"line":33,"column":66}},"11":{"start":{"line":34,"column":21},"end":{"line":34,"column":64}},"12":{"start":{"line":35,"column":19},"end":{"line":35,"column":67}},"13":{"start":{"line":37,"column":15},"end":{"line":40,"column":51}},"14":{"start":{"line":42,"column":2},"end":{"line":42,"column":92}},"15":{"start":{"line":45,"column":19},"end":{"line":45,"column":60}},"16":{"start":{"line":46,"column":20},"end":{"line":46,"column":62}},"17":{"start":{"line":47,"column":20},"end":{"line":47,"column":62}},"18":{"start":{"line":49,"column":15},"end":{"line":51,"column":46}},"19":{"start":{"line":53,"column":2},"end":{"line":53,"column":87}},"20":{"start":{"line":56,"column":19},"end":{"line":56,"column":60}},"21":{"start":{"line":57,"column":20},"end":{"line":57,"column":65}},"22":{"start":{"line":58,"column":18},"end":{"line":58,"column":58}},"23":{"start":{"line":59,"column":17},"end":{"line":59,"column":59}},"24":{"start":{"line":61,"column":19},"end":{"line":61,"column":50}},"25":{"start":{"line":62,"column":15},"end":{"line":62,"column":132}},"26":{"start":{"line":64,"column":2},"end":{"line":64,"column":89}},"27":{"start":{"line":67,"column":19},"end":{"line":67,"column":64}},"28":{"start":{"line":68,"column":15},"end":{"line":68,"column":59}},"29":{"start":{"line":69,"column":17},"end":{"line":69,"column":64}},"30":{"start":{"line":71,"column":15},"end":{"line":73,"column":48}},"31":{"start":{"line":75,"column":2},"end":{"line":75,"column":91}},"32":{"start":{"line":77,"column":2},"end":{"line":77,"column":79}},"33":{"start":{"line":82,"column":2},"end":{"line":82,"column":85}},"34":{"start":{"line":82,"column":55},"end":{"line":82,"column":83}},"35":{"start":{"line":84,"column":2},"end":{"line":84,"column":72}},"36":{"start":{"line":87,"column":26},"end":{"line":87,"column":45}},"37":{"start":{"line":88,"column":2},"end":{"line":88,"column":78}},"38":{"start":{"line":89,"column":2},"end":{"line":89,"column":75}},"39":{"start":{"line":90,"column":2},"end":{"line":90,"column":24}},"40":{"start":{"line":94,"column":2},"end":{"line":94,"column":22}},"41":{"start":{"line":96,"column":2},"end":{"line":141,"column":10}},"42":{"start":{"line":97,"column":19},"end":{"line":97,"column":39}},"43":{"start":{"line":98,"column":18},"end":{"line":98,"column":82}},"44":{"start":{"line":101,"column":4},"end":{"line":107,"column":6}},"45":{"start":{"line":108,"column":4},"end":{"line":108,"column":37}},"46":{"start":{"line":109,"column":4},"end":{"line":109,"column":16}},"47":{"start":{"line":112,"column":4},"end":{"line":112,"column":77}},"48":{"start":{"line":114,"column":20},"end":{"line":114,"column":22}},"49":{"start":{"line":115,"column":4},"end":{"line":117,"column":52}},"50":{"start":{"line":115,"column":19},"end":{"line":115,"column":67}},"51":{"start":{"line":116,"column":9},"end":{"line":117,"column":52}},"52":{"start":{"line":116,"column":24},"end":{"line":116,"column":71}},"53":{"start":{"line":117,"column":9},"end":{"line":117,"column":52}},"54":{"start":{"line":118,"column":4},"end":{"line":118,"column":68}},"55":{"start":{"line":121,"column":19},"end":{"line":126,"column":5}},"56":{"start":{"line":127,"column":4},"end":{"line":127,"column":68}},"57":{"start":{"line":130,"column":4},"end":{"line":130,"column":30}},"58":{"start":{"line":132,"column":4},"end":{"line":132,"column":25}},"59":{"start":{"line":135,"column":4},"end":{"line":135,"column":87}},"60":{"start":{"line":135,"column":57},"end":{"line":135,"column":85}},"61":{"start":{"line":136,"column":4},"end":{"line":136,"column":67}},"62":{"start":{"line":137,"column":4},"end":{"line":137,"column":65}},"63":{"start":{"line":138,"column":4},"end":{"line":138,"column":77}},"64":{"start":{"line":140,"column":4},"end":{"line":140,"column":26}},"65":{"start":{"line":144,"column":26},"end":{"line":144,"column":30}},"66":{"start":{"line":146,"column":17},"end":{"line":146,"column":55}},"67":{"start":{"line":147,"column":2},"end":{"line":147,"column":57}},"68":{"start":{"line":147,"column":27},"end":{"line":147,"column":57}},"69":{"start":{"line":149,"column":2},"end":{"line":174,"column":5}},"70":{"start":{"line":168,"column":14},"end":{"line":168,"column":69}},"71":{"start":{"line":178,"column":2},"end":{"line":178,"column":22}},"72":{"start":{"line":179,"column":2},"end":{"line":179,"column":60}},"73":{"start":{"line":180,"column":2},"end":{"line":180,"column":26}},"74":{"start":{"line":184,"column":0},"end":{"line":190,"column":1}},"75":{"start":{"line":185,"column":2},"end":{"line":189,"column":4}}},"fnMap":{"0":{"name":"(anonymous_0)","decl":{"start":{"line":13,"column":46},"end":{"line":13,"column":47}},"loc":{"start":{"line":13,"column":52},"end":{"line":26,"column":1}},"line":13},"1":{"name":"(anonymous_1)","decl":{"start":{"line":15,"column":21},"end":{"line":15,"column":22}},"loc":{"start":{"line":15,"column":30},"end":{"line":23,"column":3}},"line":15},"2":{"name":"(anonymous_2)","decl":{"start":{"line":16,"column":36},"end":{"line":16,"column":37}},"loc":{"start":{"line":16,"column":43},"end":{"line":22,"column":5}},"line":16},"3":{"name":"updateRealtimeCalc","decl":{"start":{"line":28,"column":9},"end":{"line":28,"column":27}},"loc":{"start":{"line":28,"column":30},"end":{"line":78,"column":1}},"line":28},"4":{"name":"nextCalcStep","decl":{"start":{"line":80,"column":9},"end":{"line":80,"column":21}},"loc":{"start":{"line":80,"column":31},"end":{"line":91,"column":1}},"line":80},"5":{"name":"(anonymous_5)","decl":{"start":{"line":82,"column":50},"end":{"line":82,"column":51}},"loc":{"start":{"line":82,"column":55},"end":{"line":82,"column":83}},"line":82},"6":{"name":"calculateTotal","decl":{"start":{"line":93,"column":9},"end":{"line":93,"column":23}},"loc":{"start":{"line":93,"column":26},"end":{"line":142,"column":1}},"line":93},"7":{"name":"(anonymous_7)","decl":{"start":{"line":96,"column":13},"end":{"line":96,"column":14}},"loc":{"start":{"line":96,"column":19},"end":{"line":141,"column":3}},"line":96},"8":{"name":"(anonymous_8)","decl":{"start":{"line":135,"column":52},"end":{"line":135,"column":53}},"loc":{"start":{"line":135,"column":57},"end":{"line":135,"column":85}},"line":135},"9":{"name":"renderResultChart","decl":{"start":{"line":145,"column":9},"end":{"line":145,"column":26}},"loc":{"start":{"line":145,"column":35},"end":{"line":175,"column":1}},"line":145},"10":{"name":"(anonymous_10)","decl":{"start":{"line":167,"column":19},"end":{"line":167,"column":20}},"loc":{"start":{"line":167,"column":37},"end":{"line":169,"column":13}},"line":167},"11":{"name":"saveAndGoToDashboard","decl":{"start":{"line":177,"column":9},"end":{"line":177,"column":29}},"loc":{"start":{"line":177,"column":32},"end":{"line":181,"column":1}},"line":177}},"branchMap":{"0":{"loc":{"start":{"line":18,"column":6},"end":{"line":20,"column":7}},"type":"if","locations":[{"start":{"line":18,"column":6},"end":{"line":20,"column":7}},{"start":{},"end":{}}],"line":18},"1":{"loc":{"start":{"line":37,"column":16},"end":{"line":37,"column":47}},"type":"binary-expr","locations":[{"start":{"line":37,"column":16},"end":{"line":37,"column":42}},{"start":{"line":37,"column":46},"end":{"line":37,"column":47}}],"line":37},"2":{"loc":{"start":{"line":38,"column":16},"end":{"line":38,"column":74}},"type":"cond-expr","locations":[{"start":{"line":38,"column":37},"end":{"line":38,"column":70}},{"start":{"line":38,"column":73},"end":{"line":38,"column":74}}],"line":38},"3":{"loc":{"start":{"line":39,"column":16},"end":{"line":39,"column":53}},"type":"binary-expr","locations":[{"start":{"line":39,"column":16},"end":{"line":39,"column":48}},{"start":{"line":39,"column":52},"end":{"line":39,"column":53}}],"line":39},"4":{"loc":{"start":{"line":40,"column":16},"end":{"line":40,"column":50}},"type":"binary-expr","locations":[{"start":{"line":40,"column":16},"end":{"line":40,"column":45}},{"start":{"line":40,"column":49},"end":{"line":40,"column":50}}],"line":40},"5":{"loc":{"start":{"line":49,"column":16},"end":{"line":49,"column":43}},"type":"binary-expr","locations":[{"start":{"line":49,"column":16},"end":{"line":49,"column":38}},{"start":{"line":49,"column":42},"end":{"line":49,"column":43}}],"line":49},"6":{"loc":{"start":{"line":50,"column":16},"end":{"line":50,"column":45}},"type":"binary-expr","locations":[{"start":{"line":50,"column":16},"end":{"line":50,"column":40}},{"start":{"line":50,"column":44},"end":{"line":50,"column":45}}],"line":50},"7":{"loc":{"start":{"line":51,"column":16},"end":{"line":51,"column":45}},"type":"binary-expr","locations":[{"start":{"line":51,"column":16},"end":{"line":51,"column":40}},{"start":{"line":51,"column":44},"end":{"line":51,"column":45}}],"line":51},"8":{"loc":{"start":{"line":61,"column":19},"end":{"line":61,"column":50}},"type":"binary-expr","locations":[{"start":{"line":61,"column":19},"end":{"line":61,"column":43}},{"start":{"line":61,"column":47},"end":{"line":61,"column":50}}],"line":61},"9":{"loc":{"start":{"line":62,"column":29},"end":{"line":62,"column":61}},"type":"binary-expr","locations":[{"start":{"line":62,"column":29},"end":{"line":62,"column":56}},{"start":{"line":62,"column":60},"end":{"line":62,"column":61}}],"line":62},"10":{"loc":{"start":{"line":62,"column":66},"end":{"line":62,"column":97}},"type":"binary-expr","locations":[{"start":{"line":62,"column":66},"end":{"line":62,"column":92}},{"start":{"line":62,"column":96},"end":{"line":62,"column":97}}],"line":62},"11":{"loc":{"start":{"line":62,"column":102},"end":{"line":62,"column":131}},"type":"binary-expr","locations":[{"start":{"line":62,"column":102},"end":{"line":62,"column":126}},{"start":{"line":62,"column":130},"end":{"line":62,"column":131}}],"line":62},"12":{"loc":{"start":{"line":71,"column":16},"end":{"line":71,"column":51}},"type":"binary-expr","locations":[{"start":{"line":71,"column":16},"end":{"line":71,"column":46}},{"start":{"line":71,"column":50},"end":{"line":71,"column":51}}],"line":71},"13":{"loc":{"start":{"line":72,"column":16},"end":{"line":72,"column":50}},"type":"binary-expr","locations":[{"start":{"line":72,"column":16},"end":{"line":72,"column":45}},{"start":{"line":72,"column":49},"end":{"line":72,"column":50}}],"line":72},"14":{"loc":{"start":{"line":73,"column":16},"end":{"line":73,"column":47}},"type":"binary-expr","locations":[{"start":{"line":73,"column":16},"end":{"line":73,"column":42}},{"start":{"line":73,"column":46},"end":{"line":73,"column":47}}],"line":73},"15":{"loc":{"start":{"line":115,"column":4},"end":{"line":117,"column":52}},"type":"if","locations":[{"start":{"line":115,"column":4},"end":{"line":117,"column":52}},{"start":{"line":116,"column":9},"end":{"line":117,"column":52}}],"line":115},"16":{"loc":{"start":{"line":116,"column":9},"end":{"line":117,"column":52}},"type":"if","locations":[{"start":{"line":116,"column":9},"end":{"line":117,"column":52}},{"start":{"line":117,"column":9},"end":{"line":117,"column":52}}],"line":116},"17":{"loc":{"start":{"line":147,"column":2},"end":{"line":147,"column":57}},"type":"if","locations":[{"start":{"line":147,"column":2},"end":{"line":147,"column":57}},{"start":{},"end":{}}],"line":147},"18":{"loc":{"start":{"line":184,"column":0},"end":{"line":190,"column":1}},"type":"if","locations":[{"start":{"line":184,"column":0},"end":{"line":190,"column":1}},{"start":{},"end":{}}],"line":184},"19":{"loc":{"start":{"line":184,"column":4},"end":{"line":184,"column":51}},"type":"binary-expr","locations":[{"start":{"line":184,"column":4},"end":{"line":184,"column":33}},{"start":{"line":184,"column":37},"end":{"line":184,"column":51}}],"line":184}},"s":{"0":1,"1":0,"2":0,"3":0,"4":0,"5":0,"6":0,"7":0,"8":2,"9":2,"10":2,"11":2,"12":2,"13":2,"14":2,"15":2,"16":2,"17":2,"18":2,"19":2,"20":2,"21":2,"22":2,"23":2,"24":2,"25":2,"26":2,"27":2,"28":2,"29":2,"30":2,"31":2,"32":2,"33":1,"34":5,"35":1,"36":1,"37":1,"38":1,"39":1,"40":1,"41":1,"42":1,"43":1,"44":1,"45":1,"46":1,"47":1,"48":1,"49":1,"50":0,"51":1,"52":0,"53":1,"54":1,"55":1,"56":1,"57":1,"58":1,"59":1,"60":5,"61":1,"62":1,"63":1,"64":1,"65":1,"66":1,"67":1,"68":0,"69":1,"70":0,"71":0,"72":0,"73":0,"74":1,"75":1},"f":{"0":0,"1":0,"2":0,"3":2,"4":1,"5":5,"6":1,"7":1,"8":5,"9":1,"10":0,"11":0},"b":{"0":[0,0],"1":[2,0],"2":[2,0],"3":[2,0],"4":[2,0],"5":[2,0],"6":[2,0],"7":[2,2],"8":[2,0],"9":[2,0],"10":[2,0],"11":[2,0],"12":[2,0],"13":[2,0],"14":[2,0],"15":[0,1],"16":[0,1],"17":[0,1],"18":[1,0],"19":[1,1]},"_coverageSchema":"1a1c01bbd47fc00a2c39e90264f33305004495a9","hash":"8a466c3b989130bfc76f3cb497a3578ea9e296dc"}
,"C:\\Users\\mohds\\Desktop\\Carbon Footprint Awareness\\js\\data.js": {"path":"C:\\Users\\mohds\\Desktop\\Carbon Footprint Awareness\\js\\data.js","statementMap":{"0":{"start":{"line":13,"column":25},"end":{"line":36,"column":1}},"1":{"start":{"line":39,"column":22},"end":{"line":53,"column":1}},"2":{"start":{"line":56,"column":15},"end":{"line":56,"column":26}},"3":{"start":{"line":60,"column":2},"end":{"line":64,"column":3}},"4":{"start":{"line":61,"column":4},"end":{"line":61,"column":68}},"5":{"start":{"line":63,"column":4},"end":{"line":63,"column":61}},"6":{"start":{"line":69,"column":2},"end":{"line":76,"column":3}},"7":{"start":{"line":70,"column":18},"end":{"line":70,"column":55}},"8":{"start":{"line":71,"column":4},"end":{"line":73,"column":5}},"9":{"start":{"line":72,"column":6},"end":{"line":72,"column":56}},"10":{"start":{"line":75,"column":4},"end":{"line":75,"column":63}},"11":{"start":{"line":77,"column":2},"end":{"line":77,"column":51}},"12":{"start":{"line":82,"column":2},"end":{"line":82,"column":46}},"13":{"start":{"line":82,"column":33},"end":{"line":82,"column":46}},"14":{"start":{"line":83,"column":14},"end":{"line":83,"column":43}},"15":{"start":{"line":84,"column":2},"end":{"line":84,"column":26}},"16":{"start":{"line":85,"column":2},"end":{"line":85,"column":23}},"17":{"start":{"line":90,"column":17},"end":{"line":90,"column":32}},"18":{"start":{"line":91,"column":2},"end":{"line":91,"column":59}},"19":{"start":{"line":95,"column":0},"end":{"line":104,"column":1}},"20":{"start":{"line":96,"column":2},"end":{"line":103,"column":4}}},"fnMap":{"0":{"name":"saveState","decl":{"start":{"line":59,"column":9},"end":{"line":59,"column":18}},"loc":{"start":{"line":59,"column":21},"end":{"line":65,"column":1}},"line":59},"1":{"name":"loadState","decl":{"start":{"line":68,"column":9},"end":{"line":68,"column":18}},"loc":{"start":{"line":68,"column":21},"end":{"line":78,"column":1}},"line":68},"2":{"name":"sanitizeInput","decl":{"start":{"line":81,"column":9},"end":{"line":81,"column":22}},"loc":{"start":{"line":81,"column":30},"end":{"line":86,"column":1}},"line":81},"3":{"name":"formatNum","decl":{"start":{"line":89,"column":9},"end":{"line":89,"column":18}},"loc":{"start":{"line":89,"column":38},"end":{"line":92,"column":1}},"line":89}},"branchMap":{"0":{"loc":{"start":{"line":71,"column":4},"end":{"line":73,"column":5}},"type":"if","locations":[{"start":{"line":71,"column":4},"end":{"line":73,"column":5}},{"start":{},"end":{}}],"line":71},"1":{"loc":{"start":{"line":82,"column":2},"end":{"line":82,"column":46}},"type":"if","locations":[{"start":{"line":82,"column":2},"end":{"line":82,"column":46}},{"start":{},"end":{}}],"line":82},"2":{"loc":{"start":{"line":89,"column":24},"end":{"line":89,"column":36}},"type":"default-arg","locations":[{"start":{"line":89,"column":35},"end":{"line":89,"column":36}}],"line":89},"3":{"loc":{"start":{"line":91,"column":9},"end":{"line":91,"column":58}},"type":"cond-expr","locations":[{"start":{"line":91,"column":25},"end":{"line":91,"column":31}},{"start":{"line":91,"column":34},"end":{"line":91,"column":58}}],"line":91},"4":{"loc":{"start":{"line":95,"column":0},"end":{"line":104,"column":1}},"type":"if","locations":[{"start":{"line":95,"column":0},"end":{"line":104,"column":1}},{"start":{},"end":{}}],"line":95},"5":{"loc":{"start":{"line":95,"column":4},"end":{"line":95,"column":51}},"type":"binary-expr","locations":[{"start":{"line":95,"column":4},"end":{"line":95,"column":33}},{"start":{"line":95,"column":37},"end":{"line":95,"column":51}}],"line":95}},"s":{"0":1,"1":1,"2":1,"3":0,"4":0,"5":0,"6":1,"7":1,"8":1,"9":0,"10":0,"11":1,"12":4,"13":0,"14":4,"15":4,"16":4,"17":3,"18":3,"19":1,"20":1},"f":{"0":0,"1":1,"2":4,"3":3},"b":{"0":[0,1],"1":[0,4],"2":[2],"3":[0,3],"4":[1,0],"5":[1,1]},"_coverageSchema":"1a1c01bbd47fc00a2c39e90264f33305004495a9","hash":"db30d7c5420b92ecefbd8ee0b9dc351d52de73b0"}
,"C:\\Users\\mohds\\Desktop\\Carbon Footprint Awareness\\js\\insights.js": {"path":"C:\\Users\\mohds\\Desktop\\Carbon Footprint Awareness\\js\\insights.js","statementMap":{"0":{"start":{"line":12,"column":14},"end":{"line":18,"column":1}},"1":{"start":{"line":20,"column":21},"end":{"line":20,"column":22}},"2":{"start":{"line":23,"column":2},"end":{"line":23,"column":25}},"3":{"start":{"line":24,"column":2},"end":{"line":24,"column":28}},"4":{"start":{"line":25,"column":2},"end":{"line":25,"column":26}},"5":{"start":{"line":26,"column":2},"end":{"line":26,"column":16}},"6":{"start":{"line":30,"column":20},"end":{"line":30,"column":61}},"7":{"start":{"line":31,"column":2},"end":{"line":31,"column":55}},"8":{"start":{"line":31,"column":48},"end":{"line":31,"column":55}},"9":{"start":{"line":34,"column":14},"end":{"line":34,"column":24}},"10":{"start":{"line":35,"column":27},"end":{"line":38,"column":4}},"11":{"start":{"line":36,"column":14},"end":{"line":36,"column":30}},"12":{"start":{"line":37,"column":4},"end":{"line":37,"column":84}},"13":{"start":{"line":40,"column":2},"end":{"line":43,"column":3}},"14":{"start":{"line":41,"column":4},"end":{"line":41,"column":110}},"15":{"start":{"line":42,"column":4},"end":{"line":42,"column":11}},"16":{"start":{"line":45,"column":11},"end":{"line":45,"column":12}},"17":{"start":{"line":45,"column":19},"end":{"line":45,"column":20}},"18":{"start":{"line":45,"column":27},"end":{"line":45,"column":28}},"19":{"start":{"line":45,"column":39},"end":{"line":45,"column":40}},"20":{"start":{"line":46,"column":2},"end":{"line":51,"column":5}},"21":{"start":{"line":47,"column":4},"end":{"line":47,"column":22}},"22":{"start":{"line":48,"column":4},"end":{"line":48,"column":19}},"23":{"start":{"line":49,"column":4},"end":{"line":49,"column":17}},"24":{"start":{"line":50,"column":4},"end":{"line":50,"column":22}},"25":{"start":{"line":53,"column":2},"end":{"line":72,"column":5}},"26":{"start":{"line":77,"column":20},"end":{"line":77,"column":78}},"27":{"start":{"line":85,"column":2},"end":{"line":85,"column":98}},"28":{"start":{"line":86,"column":2},"end":{"line":86,"column":102}},"29":{"start":{"line":87,"column":2},"end":{"line":87,"column":101}},"30":{"start":{"line":88,"column":2},"end":{"line":88,"column":102}},"31":{"start":{"line":92,"column":20},"end":{"line":92,"column":66}},"32":{"start":{"line":93,"column":2},"end":{"line":93,"column":25}},"33":{"start":{"line":93,"column":18},"end":{"line":93,"column":25}},"34":{"start":{"line":95,"column":2},"end":{"line":95,"column":41}},"35":{"start":{"line":95,"column":34},"end":{"line":95,"column":41}},"36":{"start":{"line":97,"column":12},"end":{"line":97,"column":30}},"37":{"start":{"line":98,"column":13},"end":{"line":98,"column":15}},"38":{"start":{"line":101,"column":2},"end":{"line":103,"column":3}},"39":{"start":{"line":102,"column":4},"end":{"line":102,"column":211}},"40":{"start":{"line":104,"column":2},"end":{"line":106,"column":3}},"41":{"start":{"line":105,"column":4},"end":{"line":105,"column":212}},"42":{"start":{"line":107,"column":2},"end":{"line":109,"column":3}},"43":{"start":{"line":108,"column":4},"end":{"line":108,"column":203}},"44":{"start":{"line":111,"column":2},"end":{"line":113,"column":3}},"45":{"start":{"line":112,"column":4},"end":{"line":112,"column":189}},"46":{"start":{"line":115,"column":2},"end":{"line":115,"column":31}},"47":{"start":{"line":119,"column":19},"end":{"line":119,"column":59}},"48":{"start":{"line":120,"column":24},"end":{"line":120,"column":59}},"49":{"start":{"line":121,"column":2},"end":{"line":121,"column":42}},"50":{"start":{"line":121,"column":35},"end":{"line":121,"column":42}},"51":{"start":{"line":123,"column":19},"end":{"line":123,"column":21}},"52":{"start":{"line":124,"column":17},"end":{"line":124,"column":19}},"53":{"start":{"line":126,"column":2},"end":{"line":136,"column":5}},"54":{"start":{"line":127,"column":4},"end":{"line":134,"column":6}},"55":{"start":{"line":135,"column":4},"end":{"line":135,"column":99}},"56":{"start":{"line":138,"column":2},"end":{"line":138,"column":36}},"57":{"start":{"line":139,"column":2},"end":{"line":139,"column":39}},"58":{"start":{"line":142,"column":0},"end":{"line":147,"column":1}},"59":{"start":{"line":143,"column":15},"end":{"line":143,"column":35}},"60":{"start":{"line":144,"column":2},"end":{"line":144,"column":44}},"61":{"start":{"line":144,"column":18},"end":{"line":144,"column":44}},"62":{"start":{"line":145,"column":2},"end":{"line":145,"column":41}},"63":{"start":{"line":145,"column":30},"end":{"line":145,"column":41}},"64":{"start":{"line":146,"column":2},"end":{"line":146,"column":19}},"65":{"start":{"line":149,"column":0},"end":{"line":161,"column":1}},"66":{"start":{"line":151,"column":20},"end":{"line":151,"column":74}},"67":{"start":{"line":152,"column":15},"end":{"line":152,"column":53}},"68":{"start":{"line":153,"column":2},"end":{"line":153,"column":54}},"69":{"start":{"line":153,"column":17},"end":{"line":153,"column":54}},"70":{"start":{"line":154,"column":2},"end":{"line":154,"column":76}},"71":{"start":{"line":154,"column":28},"end":{"line":154,"column":76}},"72":{"start":{"line":157,"column":2},"end":{"line":157,"column":23}},"73":{"start":{"line":158,"column":19},"end":{"line":158,"column":73}},"74":{"start":{"line":159,"column":2},"end":{"line":159,"column":49}},"75":{"start":{"line":159,"column":16},"end":{"line":159,"column":49}},"76":{"start":{"line":160,"column":2},"end":{"line":160,"column":73}},"77":{"start":{"line":160,"column":28},"end":{"line":160,"column":73}},"78":{"start":{"line":163,"column":0},"end":{"line":172,"column":1}},"79":{"start":{"line":164,"column":2},"end":{"line":171,"column":4}}},"fnMap":{"0":{"name":"renderInsights","decl":{"start":{"line":22,"column":9},"end":{"line":22,"column":23}},"loc":{"start":{"line":22,"column":26},"end":{"line":27,"column":1}},"line":22},"1":{"name":"renderMonthlySummary","decl":{"start":{"line":29,"column":9},"end":{"line":29,"column":29}},"loc":{"start":{"line":29,"column":32},"end":{"line":73,"column":1}},"line":29},"2":{"name":"(anonymous_2)","decl":{"start":{"line":35,"column":48},"end":{"line":35,"column":49}},"loc":{"start":{"line":35,"column":53},"end":{"line":38,"column":3}},"line":35},"3":{"name":"(anonymous_3)","decl":{"start":{"line":46,"column":27},"end":{"line":46,"column":28}},"loc":{"start":{"line":46,"column":32},"end":{"line":51,"column":3}},"line":46},"4":{"name":"renderImpactEquivalents","decl":{"start":{"line":75,"column":9},"end":{"line":75,"column":32}},"loc":{"start":{"line":75,"column":35},"end":{"line":89,"column":1}},"line":75},"5":{"name":"renderRecommendations","decl":{"start":{"line":91,"column":9},"end":{"line":91,"column":30}},"loc":{"start":{"line":91,"column":33},"end":{"line":116,"column":1}},"line":91},"6":{"name":"renderFacts","decl":{"start":{"line":118,"column":9},"end":{"line":118,"column":20}},"loc":{"start":{"line":118,"column":23},"end":{"line":140,"column":1}},"line":118},"7":{"name":"(anonymou
[...]
"start":{"line":120,"column":27},"end":{"line":120,"column":31}},"60":{"start":{"line":122,"column":17},"end":{"line":122,"column":57}},"61":{"start":{"line":123,"column":19},"end":{"line":123,"column":59}},"62":{"start":{"line":124,"column":2},"end":{"line":124,"column":35}},"63":{"start":{"line":124,"column":28},"end":{"line":124,"column":35}},"64":{"start":{"line":126,"column":2},"end":{"line":134,"column":3}},"65":{"start":{"line":127,"column":4},"end":{"line":131,"column":5}},"66":{"start":{"line":128,"column":6},"end":{"line":128,"column":79}},"67":{"start":{"line":130,"column":6},"end":{"line":130,"column":41}},"68":{"start":{"line":132,"column":4},"end":{"line":132,"column":37}},"69":{"start":{"line":133,"column":4},"end":{"line":133,"column":11}},"70":{"start":{"line":136,"column":2},"end":{"line":140,"column":3}},"71":{"start":{"line":137,"column":4},"end":{"line":137,"column":78}},"72":{"start":{"line":139,"column":4},"end":{"line":139,"column":36}},"73":{"start":{"line":141,"column":2},"end":{"line":141,"column":34}},"74":{"start":{"line":144,"column":18},"end":{"line":144,"column":99}},"75":{"start":{"line":144,"column":52},"end":{"line":144,"column":87}},"76":{"start":{"line":146,"column":17},"end":{"line":149,"column":4}},"77":{"start":{"line":147,"column":14},"end":{"line":147,"column":30}},"78":{"start":{"line":148,"column":4},"end":{"line":148,"column":46}},"79":{"start":{"line":151,"column":2},"end":{"line":151,"column":59}},"80":{"start":{"line":151,"column":28},"end":{"line":151,"column":59}},"81":{"start":{"line":153,"column":2},"end":{"line":183,"column":5}},"82":{"start":{"line":158,"column":53},"end":{"line":158,"column":64}},"83":{"start":{"line":159,"column":48},"end":{"line":159,"column":54}},"84":{"start":{"line":160,"column":50},"end":{"line":160,"column":58}},"85":{"start":{"line":173,"column":39},"end":{"line":173,"column":102}},"86":{"start":{"line":175,"column":26},"end":{"line":175,"column":27}},"87":{"start":{"line":176,"column":14},"end":{"line":176,"column":62}},"88":{"start":{"line":176,"column":43},"end":{"line":176,"column":60}},"89":{"start":{"line":177,"column":14},"end":{"line":177,"column":51}},"90":{"start":{"line":187,"column":18},"end":{"line":187,"column":38}},"91":{"start":{"line":188,"column":2},"end":{"line":188,"column":28}},"92":{"start":{"line":190,"column":16},"end":{"line":190,"column":26}},"93":{"start":{"line":191,"column":2},"end":{"line":191,"column":26}},"94":{"start":{"line":193,"column":20},"end":{"line":193,"column":35}},"95":{"start":{"line":194,"column":2},"end":{"line":194,"column":45}},"96":{"start":{"line":196,"column":17},"end":{"line":196,"column":77}},"97":{"start":{"line":197,"column":2},"end":{"line":197,"column":43}},"98":{"start":{"line":197,"column":16},"end":{"line":197,"column":43}},"99":{"start":{"line":199,"column":2},"end":{"line":211,"column":3}},"100":{"start":{"line":200,"column":4},"end":{"line":200,"column":24}},"101":{"start":{"line":201,"column":9},"end":{"line":211,"column":3}},"102":{"start":{"line":203,"column":9},"end":{"line":211,"column":3}},"103":{"start":{"line":205,"column":4},"end":{"line":205,"column":25}},"104":{"start":{"line":206,"column":9},"end":{"line":211,"column":3}},"105":{"start":{"line":210,"column":4},"end":{"line":210,"column":24}},"106":{"start":{"line":213,"column":2},"end":{"line":213,"column":36}},"107":{"start":{"line":215,"column":2},"end":{"line":215,"column":72}},"108":{"start":{"line":216,"column":2},"end":{"line":216,"column":16}},"109":{"start":{"line":219,"column":15},"end":{"line":226,"column":1}},"110":{"start":{"line":220,"column":94},"end":{"line":220,"column":119}},"111":{"start":{"line":221,"column":84},"end":{"line":221,"column":104}},"112":{"start":{"line":222,"column":87},"end":{"line":222,"column":107}},"113":{"start":{"line":223,"column":95},"end":{"line":223,"column":120}},"114":{"start":{"line":224,"column":98},"end":{"line":224,"column":135}},"115":{"start":{"line":225,"column":97},"end":{"line":225,"column":134}},"116":{"start":{"line":229,"column":2},"end":{"line":234,"column":5}},"117":{"start":{"line":230,"column":4},"end":{"line":233,"column":5}},"118":{"start":{"line":231,"column":6},"end":{"line":231,"column":37}},"119":{"start":{"line":232,"column":6},"end":{"line":232,"column":57}},"120":{"start":{"line":235,"column":2},"end":{"line":235,"column":17}},"121":{"start":{"line":239,"column":20},"end":{"line":239,"column":57}},"122":{"start":{"line":240,"column":2},"end":{"line":240,"column":25}},"123":{"start":{"line":240,"column":18},"end":{"line":240,"column":25}},"124":{"start":{"line":242,"column":13},"end":{"line":242,"column":15}},"125":{"start":{"line":243,"column":2},"end":{"line":251,"column":5}},"126":{"start":{"line":244,"column":19},"end":{"line":244,"column":53}},"127":{"start":{"line":245,"column":4},"end":{"line":250,"column":6}},"128":{"start":{"line":252,"column":2},"end":{"line":252,"column":31}},"129":{"start":{"line":256,"column":0},"end":{"line":258,"column":3}},"130":{"start":{"line":257,"column":2},"end":{"line":257,"column":19}},"131":{"start":{"line":261,"column":0},"end":{"line":267,"column":1}},"132":{"start":{"line":262,"column":2},"end":{"line":266,"column":4}}},"fnMap":{"0":{"name":"(anonymous_0)","decl":{"start":{"line":12,"column":46},"end":{"line":12,"column":47}},"loc":{"start":{"line":12,"column":52},"end":{"line":26,"column":1}},"line":12},"1":{"name":"(anonymous_1)","decl":{"start":{"line":21,"column":39},"end":{"line":21,"column":40}},"loc":{"start":{"line":21,"column":46},"end":{"line":24,"column":5}},"line":21},"2":{"name":"addLogEntry","decl":{"start":{"line":28,"column":9},"end":{"line":28,"column":20}},"loc":{"start":{"line":28,"column":23},"end":{"line":79,"column":1}},"line":28},"3":{"name":"(anonymous_3)","decl":{"start":{"line":47,"column":46},"end":{"line":47,"column":47}},"loc":{"start":{"line":47,"column":51},"end":{"line":47,"column":66}},"line":47},"4":{"name":"(anonymous_4)","decl":{"start":{"line":57,"column":21},"end":{"line":57,"column":22}},"loc":{"start":{"line":57,"column":31},"end":{"line":57,"column":66}},"line":57},"5":{"name":"deleteLogEntry","decl":{"start":{"line":81,"column":9},"end":{"line":81,"column":23}},"loc":{"start":{"line":81,"column":30},"end":{"line":90,"column":1}},"line":81},"6":{"name":"(anonymous_6)","decl":{"start":{"line":83,"column":41},"end":{"line":83,"column":42}},"loc":{"start":{"line":83,"column":46},"end":{"line":83,"column":61}},"line":83},"7":{"name":"renderLogTable","decl":{"start":{"line":92,"column":9},"end":{"line":92,"column":23}},"loc":{"start":{"line":92,"column":26},"end":{"line":118,"column":1}},"line":92},"8":{"name":"(anonymous_8)","decl":{"start":{"line":102,"column":24},"end":{"line":102,"column":25}},"loc":{"start":{"line":102,"column":31},"end":{"line":116,"column":3}},"line":102},"9":{"name":"renderTrackerChart","decl":{"start":{"line":121,"column":9},"end":{"line":121,"column":27}},"loc":{"start":{"line":121,"column":30},"end":{"line":184,"column":1}},"line":121},"10":{"name":"(anonymous_10)","decl":{"start":{"line":144,"column":42},"end":{"line":144,"column":43}},"loc":{"start":{"line":144,"column":52},"end":{"line":144,"column":87}},"line":144},"11":{"name":"(anonymous_11)","decl":{"start":{"line":146,"column":29},"end":{"line":146,"column":30}},"loc":{"start":{"line":146,"column":34},"end":{"line":149,"column":3}},"line":146},"12":{"name":"(anonymous_12)","decl":{"start":{"line":158,"column":48},"end":{"line":158,"column":49}},"loc":{"start":{"line":158,"column":53},"end":{"line":158,"column":64}},"line":158},"13":{"name":"(anonymous_13)","decl":{"start":{"line":159,"column":43},"end":{"line":159,"column":44}},"loc":{"start":{"line":159,"column":48},"end":{"line":159,"column":54}},"line":159},"14":{"name":"(anonymous_14)","decl":{"start":{"line":160,"column":45},"end":{"line":160,"column":46}},"loc":{"start":{"line":160,"column":50},"end":{"line":160,"column":58}},"line":160},"15":{"name":"(anonymous_15)","decl":{"start":{"line":173,"column":19},"end":{"line":173,"column":20}},"loc":{"start":{"line":173,"column":37},"end":{"line":173,"column":104}},"line":173},"16":{"name":"(anonymous_16)","decl":{"start":{"line":174,"column":20},"end":{"line":174,"column":21}},"loc":{"start":{"line":174,"column":43},"end":{"line":178,"column":13}},"line":174},"17":{"name":"(anonymous_17)","decl":{"start":{"line":176,"column":35},"end":{"line":176,"column":36}},"loc":{"start":{"line":176,"column":43},"end":{"line":176,"column":60}},"line":176},"18":{"name":"updateStreak","decl":{"start":{"line":186,"column":9},"end":{"line":186,"column":21}},"loc":{"start":{"line":186,"column":34},"end":{"line":217,"column":1}},"line":186},"19":{"name":"(anonymous_19)","decl":{"start":{"line":220,"column":88},"end":{"line":220,"column":89}},"loc":{"start":{"line":220,"column":94},"end":{"line":220,"column":119}},"line":220},"20":{"name":"(anonymous_20)","decl":{"start":{"line":221,"column":78},"end":{"line":221,"column":79}},"loc":{"start":{"line":221,"column":84},"end":{"line":221,"column":104}},"line":221},"21":{"name":"(anonymous_21)","decl":{"start":{"line":222,"column":81},"end":{"line":222,"column":82}},"loc":{"start":{"line":222,"column":87},"end":{"line":222,"column":107}},"line":222},"22":{"name":"(anonymous_22)","decl":{"start":{"line":223,"column":89},"end":{"line":223,"column":90}},"loc":{"start":{"line":223,"column":95},"end":{"line":223,"column":120}},"line":223},"23":{"name":"(anonymous_23)","decl":{"start":{"line":224,"column":92},"end":{"line":224,"column":93}},"loc":{"start":{"line":224,"column":98},"end":{"line":224,"column":135}},"line":224},"24":{"name":"(anonymous_24)","decl":{"start":{"line":225,"column":91},"end":{"line":225,"column":92}},"loc":{"start":{"line":225,"column":97},"end":{"line":225,"column":134}},"line":225},"25":{"name":"checkBadges","decl":{"start":{"line":228,"column":9},"end":{"line":228,"column":20}},"loc":{"start":{"line":228,"column":23},"end":{"line":236,"column":1}},"line":228},"26":{"name":"(anonymous_26)","decl":{"start":{"line":229,"column":17},"end":{"line":229,"column":18}},"loc":{"start":{"line":229,"column":26},"end":{"line":234,"column":3}},"line":229},"27":{"name":"renderBadges","decl":{"start":{"line":238,"column":9},"end":{"line":238,"column":21}},"loc":{"start":{"line":238,"column":24},"end":{"line":253,"column":1}},"line":238},"28":{"name":"(anonymous_28)","decl":{"start":{"line":243,"column":17},"end":{"line":243,"column":18}},"loc":{"start":{"line":243,"column":26},"end":{"line":251,"column":3}},"line":243},"29":{"name":"(anonymous_29)","decl":{"start":{"line":256,"column":46},"end":{"line":256,"column":47}},"loc":{"start":{"line":256,"column":52},"end":{"line":258,"column":1}},"line":256}},"branchMap":{"0":{"loc":{"start":{"line":16,"column":2},"end":{"line":16,"column":41}},"type":"if","locations":[{"start":{"line":16,"column":2},"end":{"line":16,"column":41}},{"start":{},"end":{}}],"line":16},"1":{"loc":{"start":{"line":20,"column":2},"end":{"line":25,"column":3}},"type":"if","locations":[{"start":{"line":20,"column":2},"end":{"line":25,"column":3}},{"start":{},"end":{}}],"line":20},"2":{"loc":{"start":{"line":30,"column":20},"end":{"line":30,"column":82}},"type":"binary-expr","locations":[{"start":{"line":30,"column":20},"end":{"line":30,"column":77}},{"start":{"line":30,"column":81},"end":{"line":30,"column":82}}],"line":30},"3":{"loc":{"start":{"line":31,"column":17},"end":{"line":31,"column":76}},"type":"binary-expr","locations":[{"start":{"line":31,"column":17},"end":{"line":31,"column":71}},{"start":{"line":31,"column":75},"end":{"line":31,"column":76}}],"line":31},"4":{"loc":{"start":{"line":32,"column":15},"end":{"line":32,"column":72}},"type":"binary-expr","locations":[{"start":{"line":32,"column":15},"end":{"line":32,"column":67}},{"start":{"line":32,"column":71},"end":{"line":32,"column":72}}],"line":32},"5":{"loc":{"start":{"line":33,"column":15},"end":{"line":33,"column":76}},"type":"binary-expr","locations":[{"start":{"line":33,"column":15},"end":{"line":33,"column":70}},{"start":{"line":33,"column":74},"end":{"line":33,"column":76}}],"line":33},"6":{"loc":{"start":{"line":35,"column":2},"end":{"line":38,"column":3}},"type":"if","locations":[{"start":{"line":35,"column":2},"end":{"line":38,"column":3}},{"start":{},"end":{}}],"line":35},"7":{"loc":{"start":{"line":41,"column":2},"end":{"line":44,"column":3}},"type":"if","locations":[{"start":{"line":41,"column":2},"end":{"line":44,"column":3}},{"start":{},"end":{}}],"line":41},"8":{"loc":{"start":{"line":41,"column":6},"end":{"line":41,"column":31}},"type":"binary-expr","locations":[{"start":{"line":41,"column":6},"end":{"line":41,"column":16}},{"start":{"line":41,"column":20},"end":{"line":41,"column":31}}],"line":41},"9":{"loc":{"start":{"line":48,"column":2},"end":{"line":54,"column":3}},"type":"if","locations":[{"start":{"line":48,"column":2},"end":{"line":54,"column":3}},{"start":{"line":51,"column":9},"end":{"line":54,"column":3}}],"line":48},"10":{"loc":{"start":{"line":82,"column":2},"end":{"line":89,"column":3}},"type":"if","locations":[{"start":{"line":82,"column":2},"end":{"line":89,"column":3}},{"start":{},"end":{}}],"line":82},"11":{"loc":{"start":{"line":94,"column":2},"end":{"line":94,"column":21}},"type":"if","locations":[{"start":{"line":94,"column":2},"end":{"line":94,"column":21}},{"start":{},"end":{}}],"line":94},"12":{"loc":{"start":{"line":96,"column":2},"end":{"line":99,"column":3}},"type":"if","locations":[{"start":{"line":96,"column":2},"end":{"line":99,"column":3}},{"start":{},"end":{}}],"line":96},"13":{"loc":{"start":{"line":124,"column":2},"end":{"line":124,"column":35}},"type":"if","locations":[{"start":{"line":124,"column":2},"end":{"line":124,"column":35}},{"start":{},"end":{}}],"line":124},"14":{"loc":{"start":{"line":124,"column":6},"end":{"line":124,"column":26}},"type":"binary-expr","locations":[{"start":{"line":124,"column":6},"end":{"line":124,"column":13}},{"start":{"line":124,"column":17},"end":{"line":124,"column":26}}],"line":124},"15":{"loc":{"start":{"line":126,"column":2},"end":{"line":134,"column":3}},"type":"if","locations":[{"start":{"line":126,"column":2},"end":{"line":134,"column":3}},{"start":{},"end":{}}],"line":126},"16":{"loc":{"start":{"line":127,"column":4},"end":{"line":131,"column":5}},"type":"if","locations":[{"start":{"line":127,"column":4},"end":{"line":131,"column":5}},{"start":{"line":129,"column":11},"end":{"line":131,"column":5}}],"line":127},"17":{"loc":{"start":{"line":136,"column":2},"end":{"line":140,"column":3}},"type":"if","locations":[{"start":{"line":136,"column":2},"end":{"line":140,"column":3}},{"start":{"line":138,"column":9},"end":{"line":140,"column":3}}],"line":136},"18":{"loc":{"start":{"line":151,"column":2},"end":{"line":151,"column":59}},"type":"if","locations":[{"start":{"line":151,"column":2},"end":{"line":151,"column":59}},{"start":{},"end":{}}],"line":151},"19":{"loc":{"start":{"line":196,"column":17},"end":{"line":196,"column":77}},"type":"cond-expr","locations":[{"start":{"line":196,"column":40},"end":{"line":196,"column":70}},{"start":{"line":196,"column":73},"end":{"line":196,"column":77}}],"line":196},"20":{"loc":{"start":{"line":197,"column":2},"end":{"line":197,"column":43}},"type":"if","locations":[{"start":{"line":197,"column":2},"end":{"line":197,"column":43}},{"start":{},"end":{}}],"line":197},"21":{"loc":{"start":{"line":199,"column":2},"end":{"line":211,"column":3}},"type":"if","locations":[{"start":{"line":199,"column":2},"end":{"line":211,"column":3}},{"start":{"line":201,"column":9},"end":{"line":211,"column":3}}],"line":199},"22":{"loc":{"start":{"line":201,"column":9},"end":{"line":211,"column":3}},"type":"if","locations":[{"start":{"line":201,"column":9},"end":{"line":211,"column":3}},{"start":{"line":203,"column":9},"end":{"line":211,"column":3}}],"line":201},"23":{"loc":{"start":{"line":203,"column":9},"end":{"line":211,"column":3}},"type":"if","locations":[{"start":{"line":203,"column":9},"end":{"line":211,"column":3}},{"start":{"line":206,"column":9},"end":{"line":211,"column":3}}],"line":203},"24":{"loc":{"start":{"line":203,"column":13},"end":{"line":203,"column":143}},"type":"binary-expr","locations":[{"start":{"line":203,"column":13},"end":{"line":203,"column":54}},{"start":{"line":203,"column":59},"end":{"line":203,"column":96}},{"start":{"line":203,"column":100},"end":{"line":203,"column":142}}],"line":203},"25":{"loc":{"start":{"line":206,"column":9},"end":{"line":211,"column":3}},"type":"if","locations":[{"start":{"line":206,"column":9},"end":{"line":211,"column":3}},{"start":{"line":208,"column":9},"end":{"line":211,"column":3}}],"line":206},"26":{"loc":{"start":{"line":230,"column":4},"end":{"line":233,"column":5}},"type":"if","locations":[{"start":{"line":230,"column":4},"end":{"line":233,"column":5}},{"start":{},"end":{}}],"line":230},"27":{"loc":{"start":{"line":230,"column":8},"end":{"line":230,"column":60}},"type":"binary-expr","locations":[{"start":{"line":230,"column":8},"end":{"line":230,"column":43}},{"start":{"line":230,"column":47},"end":{"line":230,"column":60}}],"line":230},"28":{"loc":{"start":{"line":240,"column":2},"end":{"line":240,"column":25}},"type":"if","locations":[{"start":{"line":240,"column":2},"end":{"line":240,"column":25}},{"start":{},"end":{}}],"line":240},"29":{"loc":{"start":{"line":246,"column":31},"end":{"line":246,"column":53}},"type":"cond-expr","locations":[{"start":{"line":246,"column":40},"end":{"line":246,"column":48}},{"start":{"line":246,"column":51},"end":{"line":246,"column":53}}],"line":246},"30":{"loc":{"start":{"line":247,"column":35},"end":{"line":247,"column":61}},"type":"cond-expr","locations":[{"start":{"line":247,"column":44},"end":{"line":247,"column":54}},{"start":{"line":247,"column":57},"end":{"line":247,"column":61}}],"line":247},"31":{"loc":{"start":{"line":261,"column":0},"end":{"line":267,"column":1}},"type":"if","locations":[{"start":{"line":261,"column":0},"end":{"line":267,"column":1}},{"start":{},"end":{}}],"line":261},"32":{"loc":{"start":{"line":261,"column":4},"end":{"line":261,"column":51}},"type":"binary-expr","locations":[{"start":{"line":261,"column":4},"end":{"line":261,"column":33}},{"start":{"line":261,"column":37},"end":{"line":261,"column":51}}],"line":261}},"s":{"0":1,"1":0,"2":0,"3":0,"4":0,"5":0,"6":0,"7":0,"8":0,"9":0,"10":3,"11":3,"12":3,"13":3,"14":3,"15":3,"16":0,"17":0,"18":3,"19":3,"20":0,"21":0,"22":3,"23":1,"24":3,"25":1,"26":1,"27":2,"28":2,"29":3,"30":0,"31":3,"32":3,"33":3,"34":3,"35":3,"36":3,"37":3,"38":3,"39":3,"40":3,"41":0,"42":0,"43":0,"44":0,"45":0,"46":0,"47":0,"48":0,"49":3,"50":3,"51":3,"52":0,"53":0,"54":0,"55":0,"56":0,"57":0,"58":0,"59":1,"60":3,"61":3,"62":3,"63":0,"64":3,"65":0,"66":0,"67":0,"68":0,"69":0,"70":3,"71":3,"72":0,"73":3,"74":3,"75":0,"76":3,"77":3,"78":3,"79":3,"80":2,"81":3,"82":3,"83":3,"84":3,"85":0,"86":0,"87":0,"88":0,"89":0,"90":5,"91":5,"92":5,"93":5,"94":5,"95":5,"96":5,"97":5,"98":2,"99":5,"100":3,"101":2,"102":1,"103":1,"104":0,"105":0,"106":5,"107":5,"108":5,"109":1,"110":1,"111":3,"112":3,"113":3,"114":3,"115":3,"116":3,"117":18,"118":1,"119":1,"120":3,"121":3,"122":3,"123":0,"124":3,"125":3,"126":18,"127":18,"128":3,"129":1,"130":0,"131":1,"132":1},"f":{"0":0,"1":0,"2":3,"3":1,"4":0,"5":0,"6":0,"7":3,"8":0,"9":3,"10":0,"11":3,"12":3,"13":3,"14":3,"15":0,"16":0,"17":0,"18":5,"19":1,"20":3,"21":3,"22":3,"23":3,"24":3,"25":3,"26":18,"27":3,"28":18,"29":0},"b":{"0":[0,0],"1":[0,0],"2":[3,0],"3":[3,1],"4":[3,1],"5":[3,1],"6":[0,3],"7":[0,3],"8":[3,0],"9":[1,2],"10":[0,0],"11":[3,0],"12":[0,0],"13":[0,3],"14":[3,3],"15":[0,3],"16":[0,0],"17":[3,0],"18":[2,1],"19":[2,3],"20":[2,3],"21":[3,2],"22":[1,1],"23":[1,0],"24":[1,1,1],"25":[0,0],"26":[1,17],"27":[18,16],"28":[0,3],"29":[3,15],"30":[3,15],"31":[1,0],"32":[1,1]},"_coverageSchema":"1a1c01bbd47fc00a2c39e90264f33305004495a9","hash":"ad9c6ee20445806bd550bebfdef85eb601af1ac3"}
}
