TN:
SF:js\actions.js
FN:30,renderActions
FN:38,(anonymous_1)
FN:42,(anonymous_2)
FN:73,(anonymous_3)
FN:81,(anonymous_4)
FN:83,(anonymous_5)
FN:93,(anonymous_6)
FN:94,(anonymous_7)
FNF:8
FNH:5
FNDA:2,renderActions
FNDA:0,(anonymous_1)
FNDA:24,(anonymous_2)
FNDA:24,(anonymous_3)
FNDA:0,(anonymous_4)
FNDA:0,(anonymous_5)
FNDA:1,(anonymous_6)
FNDA:1,(anonymous_7)
DA:12,1
DA:31,2
DA:32,2
DA:34,2
DA:36,2
DA:38,0
DA:40,2
DA:42,2
DA:43,24
DA:44,24
DA:46,24
DA:47,24
DA:48,24
DA:49,24
DA:67,24
DA:68,24
DA:72,2
DA:73,2
DA:74,24
DA:77,2
DA:78,2
DA:81,1
DA:83,0
DA:84,0
DA:85,0
DA:87,0
DA:88,0
DA:90,0
DA:93,1
DA:94,1
DA:95,1
DA:97,1
DA:98,1
DA:100,1
DA:101,1
DA:102,1
DA:104,0
DA:107,1
DA:108,1
DA:111,1
DA:112,1
DA:113,1
DA:114,1
DA:116,1
DA:119,1
DA:120,1
LF:46
LH:38
BRDA:30,0,0,0
BRDA:32,1,0,0
BRDA:32,1,1,2
BRDA:36,2,0,2
BRDA:36,2,1,0
BRDA:44,3,0,1
BRDA:44,3,1,23
BRDA:47,4,0,1
BRDA:47,4,1,23
BRDA:60,5,0,1
BRDA:60,5,1,23
BRDA:62,6,0,1
BRDA:62,6,1,23
BRDA:63,7,0,1
BRDA:63,7,1,23
BRDA:74,8,0,1
BRDA:74,8,1,23
BRDA:78,9,0,2
BRDA:78,9,1,0
BRDA:95,10,0,0
BRDA:95,10,1,1
BRDA:100,11,0,1
BRDA:100,11,1,0
BRDA:102,12,0,1
BRDA:102,12,1,0
BRDA:107,13,0,1
BRDA:107,13,1,0
BRDA:108,14,0,1
BRDA:108,14,1,0
BRDA:113,15,0,1
BRDA:113,15,1,0
BRDA:113,16,0,1
BRDA:113,16,1,1
BRDA:113,16,2,1
BRDA:119,17,0,1
BRDA:119,17,1,0
BRDA:119,18,0,1
BRDA:119,18,1,1
BRF:38
BRH:27
end_of_record
TN:
SF:js\app.js
FN:9,(anonymous_0)
FN:22,(anonymous_1)
FN:23,(anonymous_2)
FN:25,(anonymous_3)
FN:45,(anonymous_4)
FN:50,initApp
FN:58,setupNavigation
FN:65,(anonymous_7)
FN:72,navigateToPage
FN:74,(anonymous_9)
FN:80,(anonymous_10)
FN:95,(anonymous_11)
FN:96,(anonymous_12)
FN:97,(anonymous_13)
FN:106,(anonymous_14)
FN:107,(anonymous_15)
FN:122,(anonymous_16)
FN:130,(anonymous_17)
FN:135,(anonymous_18)
FN:141,(anonymous_19)
FN:153,updateDashboardUI
FN:196,renderGauge
FN:225,renderMiniTrend
FN:229,(anonymous_23)
FN:230,(anonymous_24)
FN:234,(anonymous_25)
FN:263,checkStreak
FNF:27
FNH:3
FNDA:0,(anonymous_0)
FNDA:0,(anonymous_1)
FNDA:0,(anonymous_2)
FNDA:0,(anonymous_3)
FNDA:0,(anonymous_4)
FNDA:0,initApp
FNDA:0,setupNavigation
FNDA:0,(anonymous_7)
FNDA:0,navigateToPage
FNDA:0,(anonymous_9)
FNDA:0,(anonymous_10)
FNDA:0,(anonymous_11)
FNDA:0,(anonymous_12)
FNDA:0,(anonymous_13)
FNDA:0,(anonymous_14)
FNDA:0,(anonymous_15)
FNDA:0,(anonymous_16)
FNDA:0,(anonymous_17)
FNDA:0,(anonymous_18)
FNDA:0,(anonymous_19)
FNDA:1,updateDashboardUI
FNDA:1,renderGauge
FNDA:0,renderMiniTrend
FNDA:0,(anonymous_23)
FNDA:0,(anonymous_24)
FNDA:0,(anonymous_25)
FNDA:1,checkStreak
DA:9,1
DA:10,0
DA:12,0
DA:13,0
DA:15,0
DA:16,0
DA:19,0
DA:22,0
DA:23,0
DA:25,0
DA:26,0
DA:27,0
DA:32,0
DA:33,0
DA:34,0
DA:35,0
DA:38,0
DA:45,1
DA:46,0
DA:47,0
DA:52,0
DA:55,0
DA:59,0
DA:60,0
DA:61,0
DA:62,0
DA:65,0
DA:66,0
DA:67,0
DA:68,0
DA:74,0
DA:75,0
DA:76,0
DA:80,0
DA:81,0
DA:82,0
DA:85,0
DA:86,0
DA:87,0
DA:88,0
DA:91,0
DA:92,0
DA:95,0
DA:96,0
DA:97,0
DA:100,0
DA:101,0
DA:106,0
DA:107,0
DA:108,0
DA:109,0
DA:110,0
DA:115,0
DA:116,0
DA:117,0
DA:122,1
DA:123,0
DA:124,0
DA:125,0
DA:130,1
DA:131,0
DA:132,0
DA:133,0
DA:135,0
DA:136,0
DA:141,1
DA:142,0
DA:143,0
DA:144,0
DA:145,0
DA:147,0
DA:148,0
DA:154,1
DA:157,1
DA:158,1
DA:159,1
DA:161,1
DA:162,1
DA:163,1
DA:164,0
DA:165,1
DA:168,1
DA:169,1
DA:170,1
DA:171,1
DA:174,1
DA:175,1
DA:179,1
DA:180,1
DA:181,1
DA:182,1
DA:183,1
DA:184,1
DA:187,1
DA:188,0
DA:189,0
DA:190,0
DA:191,0
DA:197,1
DA:198,1
DA:199,1
DA:201,1
DA:204,1
DA:205,1
DA:206,1
DA:207,1
DA:208,1
DA:209,1
DA:212,1
DA:213,1
DA:214,1
DA:216,1
DA:217,1
DA:218,1
DA:220,1
DA:221,1
DA:222,1
DA:227,0
DA:229,0
DA:230,0
DA:231,0
DA:232,0
DA:234,0
DA:236,0
DA:264,1
DA:265,1
DA:266,1
DA:269,1
DA:270,1
LF:129
LH:50
BRDA:10,0,0,0
BRDA:10,0,1,0
BRDA:15,1,0,0
BRDA:15,1,1,0
BRDA:26,2,0,0
BRDA:26,2,1,0
BRDA:33,3,0,0
BRDA:33,3,1,0
BRDA:35,4,0,0
BRDA:35,4,1,0
BRDA:82,5,0,0
BRDA:82,5,1,0
BRDA:86,6,0,0
BRDA:86,6,1,0
BRDA:95,7,0,0
BRDA:95,7,1,0
BRDA:95,8,0,0
BRDA:95,8,1,0
BRDA:96,9,0,0
BRDA:96,9,1,0
BRDA:96,10,0,0
BRDA:96,10,1,0
BRDA:97,11,0,0
BRDA:97,11,1,0
BRDA:97,12,0,0
BRDA:97,12,1,0
BRDA:116,13,0,0
BRDA:116,13,1,0
BRDA:116,14,0,0
BRDA:116,14,1,0
BRDA:124,15,0,0
BRDA:124,15,1,0
BRDA:130,16,0,0
BRDA:143,17,0,0
BRDA:143,17,1,0
BRDA:159,18,0,1
BRDA:159,18,1,0
BRDA:162,19,0,0
BRDA:162,19,1,1
BRDA:163,20,0,1
BRDA:163,20,1,0
BRDA:174,21,0,1
BRDA:174,21,1,0
BRDA:187,22,0,0
BRDA:187,22,1,1
BRDA:187,23,0,1
BRDA:187,23,1,0
BRDA:217,24,0,1
BRDA:217,24,1,0
BRDA:217,25,0,1
BRDA:217,25,1,1
BRDA:218,26,0,0
BRDA:218,26,1,1
BRDA:227,27,0,0
BRDA:227,27,1,0
BRDA:266,28,0,1
BRDA:266,28,1,0
BRDA:269,29,0,1
BRDA:269,29,1,0
BRDA:269,30,0,1
BRDA:269,30,1,1
BRF:61
BRH:14
end_of_record
TN:
SF:js\assistant.js
FN:12,(anonymous_0)
FN:15,(anonymous_1)
FN:23,generateBotResponse
FN:77,handleUserMessage
FN:90,(anonymous_4)
FN:116,(anonymous_5)
FN:126,addChatMessage
FN:142,showTypingIndicator
FN:163,removeTypingIndicator
FN:171,(anonymous_9)
FN:175,(anonymous_10)
FN:179,(anonymous_11)
FN:183,(anonymous_12)
FN:187,(anonymous_13)
FN:192,(anonymous_14)
FNF:15
FNH:6
FNDA:0,(anonymous_0)
FNDA:0,(anonymous_1)
FNDA:2,generateBotResponse
FNDA:0,handleUserMessage
FNDA:0,(anonymous_4)
FNDA:0,(anonymous_5)
FNDA:1,addChatMessage
FNDA:2,showTypingIndicator
FNDA:1,removeTypingIndicator
FNDA:1,(anonymous_9)
FNDA:1,(anonymous_10)
FNDA:0,(anonymous_11)
FNDA:0,(anonymous_12)
FNDA:0,(anonymous_13)
FNDA:0,(anonymous_14)
DA:12,1
DA:13,0
DA:14,0
DA:15,0
DA:16,0
DA:17,0
DA:24,2
DA:25,2
DA:28,2
DA:29,1
DA:32,1
DA:33,1
DA:34,1
DA:35,1
DA:36,1
DA:38,1
DA:40,1
DA:41,0
DA:42,0
DA:43,0
DA:45,1
DA:49,1
DA:50,1
DA:51,0
DA:55,0
DA:56,0
DA:60,0
DA:61,0
DA:65,0
DA:66,0
DA:70,0
DA:71,0
DA:72,0
DA:74,0
DA:78,0
DA:79,0
DA:80,0
DA:83,0
DA:84,0
DA:87,0
DA:90,0
DA:91,0
DA:92,0
DA:101,0
DA:103,0
DA:104,0
DA:105,0
DA:108,0
DA:109,0
DA:110,0
DA:111,0
DA:116,1
DA:117,0
DA:118,0
DA:119,0
DA:120,0
DA:122,0
DA:123,0
DA:127,1
DA:128,1
DA:130,1
DA:131,1
DA:133,1
DA:138,1
DA:139,1
DA:143,2
DA:144,2
DA:146,2
DA:147,2
DA:148,2
DA:150,2
DA:156,2
DA:158,2
DA:159,2
DA:160,2
DA:164,1
DA:165,1
DA:169,1
DA:171,1
DA:175,1
DA:179,0
DA:183,0
DA:187,0
DA:192,1
DA:193,0
DA:194,0
DA:196,0
DA:197,0
DA:198,0
DA:199,0
DA:202,0
DA:203,0
DA:205,0
DA:206,0
DA:208,0
DA:209,0
DA:211,0
DA:215,1
DA:216,1
LF:99
LH:41
BRDA:14,0,0,0
BRDA:14,0,1,0
BRDA:28,1,0,1
BRDA:28,1,1,1
BRDA:28,2,0,2
BRDA:28,2,1,1
BRDA:28,2,2,1
BRDA:29,3,0,0
BRDA:29,3,1,1
BRDA:34,4,0,0
BRDA:34,4,1,1
BRDA:35,5,0,0
BRDA:35,5,1,1
BRDA:36,6,0,0
BRDA:36,6,1,1
BRDA:40,7,0,1
BRDA:40,7,1,0
BRDA:41,8,0,0
BRDA:41,8,1,0
BRDA:42,9,0,0
BRDA:42,9,1,0
BRDA:49,10,0,1
BRDA:49,10,1,0
BRDA:49,11,0,1
BRDA:49,11,1,1
BRDA:49,11,2,1
BRDA:49,11,3,1
BRDA:49,11,4,1
BRDA:49,11,5,1
BRDA:50,12,0,1
BRDA:50,12,1,0
BRDA:50,13,0,1
BRDA:50,13,1,1
BRDA:55,14,0,0
BRDA:55,14,1,0
BRDA:55,15,0,0
BRDA:55,15,1,0
BRDA:55,15,2,0
BRDA:55,15,3,0
BRDA:60,16,0,0
BRDA:60,16,1,0
BRDA:60,17,0,0
BRDA:60,17,1,0
BRDA:60,17,2,0
BRDA:60,17,3,0
BRDA:60,17,4,0
BRDA:65,18,0,0
BRDA:65,18,1,0
BRDA:65,19,0,0
BRDA:65,19,1,0
BRDA:71,20,0,0
BRDA:71,20,1,0
BRDA:71,21,0,0
BRDA:71,21,1,0
BRDA:80,22,0,0
BRDA:80,22,1,0
BRDA:97,23,0,0
BRDA:97,23,1,0
BRDA:101,24,0,0
BRDA:101,24,1,0
BRDA:131,25,0,1
BRDA:131,25,1,0
BRDA:134,26,0,1
BRDA:134,26,1,0
BRDA:135,27,0,1
BRDA:135,27,1,0
BRDA:165,28,0,1
BRDA:165,28,1,0
BRDA:175,29,0,1
BRDA:175,29,1,0
BRDA:183,30,0,0
BRDA:183,30,1,0
BRDA:183,31,0,0
BRDA:183,31,1,0
BRDA:187,32,0,0
BRDA:187,32,1,0
BRDA:196,33,0,0
BRDA:196,33,1,0
BRDA:205,34,0,0
BRDA:205,34,1,0
BRDA:215,35,0,1
BRDA:215,35,1,0
BRDA:215,36,0,1
BRDA:215,36,1,1
BRF:84
BRH:28
end_of_record
TN:
SF:js\calculator.js
FN:13,(anonymous_0)
FN:15,(anonymous_1)
FN:16,(anonymous_2)
FN:28,updateRealtimeCalc
FN:80,nextCalcStep
FN:82,(anonymous_5)
FN:93,calculateTotal
FN:96,(anonymous_7)
FN:135,(anonymous_8)
FN:145,renderResultChart
FN:167,(anonymous_10)
FN:177,saveAndGoToDashboard
FNF:12
FNH:7
FNDA:0,(anonymous_0)
FNDA:0,(anonymous_1)
FNDA:0,(anonymous_2)
FNDA:2,updateRealtimeCalc
FNDA:1,nextCalcStep
FNDA:5,(anonymous_5)
FNDA:1,calculateTotal
FNDA:1,(anonymous_7)
FNDA:5,(anonymous_8)
FNDA:1,renderResultChart
FNDA:0,(anonymous_10)
FNDA:0,saveAndGoToDashboard
DA:13,1
DA:14,0
DA:15,0
DA:16,0
DA:18,0
DA:19,0
DA:21,0
DA:25,0
DA:29,2
DA:32,2
DA:33,2
DA:34,2
DA:35,2
DA:37,2
DA:42,2
DA:45,2
DA:46,2
DA:47,2
DA:49,2
DA:53,2
DA:56,2
DA:57,2
DA:58,2
DA:59,2
DA:61,2
DA:62,2
DA:64,2
DA:67,2
DA:68,2
DA:69,2
DA:71,2
DA:75,2
DA:77,2
DA:82,5
DA:84,1
DA:87,1
DA:88,1
DA:89,1
DA:90,1
DA:94,1
DA:96,1
DA:97,1
DA:98,1
DA:101,1
DA:108,1
DA:109,1
DA:112,1
DA:114,1
DA:115,1
DA:116,1
DA:117,1
DA:118,1
DA:121,1
DA:127,1
DA:130,1
DA:132,1
DA:135,5
DA:136,1
DA:137,1
DA:138,1
DA:140,1
DA:144,1
DA:146,1
DA:147,1
DA:149,1
DA:168,0
DA:178,0
DA:179,0
DA:180,0
DA:184,1
DA:185,1
LF:71
LH:60
BRDA:18,0,0,0
BRDA:18,0,1,0
BRDA:37,1,0,2
BRDA:37,1,1,0
BRDA:38,2,0,2
BRDA:38,2,1,0
BRDA:39,3,0,2
BRDA:39,3,1,0
BRDA:40,4,0,2
BRDA:40,4,1,0
BRDA:49,5,0,2
BRDA:49,5,1,0
BRDA:50,6,0,2
BRDA:50,6,1,0
BRDA:51,7,0,2
BRDA:51,7,1,2
BRDA:61,8,0,2
BRDA:61,8,1,0
BRDA:62,9,0,2
BRDA:62,9,1,0
BRDA:62,10,0,2
BRDA:62,10,1,0
BRDA:62,11,0,2
BRDA:62,11,1,0
BRDA:71,12,0,2
BRDA:71,12,1,0
BRDA:72,13,0,2
BRDA:72,13,1,0
BRDA:73,14,0,2
BRDA:73,14,1,0
BRDA:115,15,0,0
BRDA:115,15,1,1
BRDA:116,16,0,0
BRDA:116,16,1,1
BRDA:147,17,0,0
BRDA:147,17,1,1
BRDA:184,18,0,1
BRDA:184,18,1,0
BRDA:184,19,0,1
BRDA:184,19,1,1
BRF:40
BRH:21
end_of_record
TN:
SF:js\data.js
FN:59,saveState
FN:68,loadState
FN:81,sanitizeInput
FN:89,formatNum
FNF:4
FNH:3
FNDA:0,saveState
FNDA:1,loadState
FNDA:4,sanitizeInput
FNDA:3,formatNum
DA:13,1
DA:39,1
DA:56,1
DA:60,0
DA:61,0
DA:63,0
DA:69,1
DA:70,1
DA:71,1
DA:72,0
DA:75,0
DA:77,1
DA:82,4
DA:83,4
DA:84,4
DA:85,4
DA:90,3
DA:91,3
DA:95,1
DA:96,1
LF:20
LH:15
BRDA:71,0,0,0
BRDA:71,0,1,1
BRDA:82,1,0,0
BRDA:82,1,1,4
BRDA:89,2,0,2
BRDA:91,3,0,0
BRDA:91,3,1,3
BRDA:95,4,0,1
BRDA:95,4,1,0
BRDA:95,5,0,1
BRDA:95,5,1,1
BRF:11
BRH:7
end_of_record
TN:
SF:js\insights.js
FN:22,renderInsights
FN:29,renderMonthlySummary
FN:35,(anonymous_2)
FN:46,(anonymous_3)
FN:75,renderImpactEquivalents
FN:91,renderRecommendations
FN:118,renderFacts
FN:126,(anonymous_7)
FN:142,(anonymous_8)
FN:149,(anonymous_9)
FNF:10
FNH:7
FNDA:0,renderInsights
FNDA:1,renderMonthlySummary
FNDA:1,(anonymous_2)
FNDA:1,(anonymous_3)
FNDA:1,renderImpactEquivalents
FNDA:1,renderRecommendations
FNDA:1,renderFacts
FNDA:5,(anonymous_7)
FNDA:0,(anonymous_8)
FNDA:0,(anonymous_9)
DA:12,1
DA:20,1
DA:23,0
DA:24,0
DA:25,0
DA:26,0
DA:30,1
DA:31,1
DA:34,1
DA:35,1
DA:36,1
DA:37,1
DA:40,1
DA:41,0
DA:42,0
DA:45,1
DA:46,1
DA:47,1
DA:48,1
DA:49,1
DA:50,1
DA:53,1
DA:77,1
DA:85,1
DA:86,1
DA:87,1
DA:88,1
DA:92,1
DA:93,1
DA:95,1
DA:97,1
DA:98,1
DA:101,1
DA:102,0
DA:104,1
DA:105,0
DA:107,1
DA:108,0
DA:111,1
DA:112,1
DA:115,1
DA:119,1
DA:120,1
DA:121,1
DA:123,1
DA:124,1
DA:126,1
DA:127,5
DA:135,5
DA:138,1
DA:139,1
DA:142,1
DA:143,0
DA:144,0
DA:145,0
DA:146,0
DA:149,1
DA:151,0
DA:152,0
DA:153,0
DA:154,0
DA:157,0
DA:158,0
DA:159,0
DA:160,0
DA:163,1
DA:164,1
LF:67
LH:46
BRDA:31,0,0,0
BRDA:31,0,1,1
BRDA:31,1,0,1
BRDA:31,1,1,1
BRDA:37,2,0,1
BRDA:37,2,1,1
BRDA:40,3,0,0
BRDA:40,3,1,1
BRDA:77,4,0,1
BRDA:77,4,1,0
BRDA:93,5,0,0
BRDA:93,5,1,1
BRDA:95,6,0,0
BRDA:95,6,1,1
BRDA:101,7,0,0
BRDA:101,7,1,1
BRDA:104,8,0,0
BRDA:104,8,1,1
BRDA:107,9,0,0
BRDA:107,9,1,1
BRDA:111,10,0,1
BRDA:111,10,1,0
BRDA:121,11,0,0
BRDA:121,11,1,1
BRDA:121,12,0,1
BRDA:121,12,1,1
BRDA:128,13,0,1
BRDA:128,13,1,4
BRDA:135,14,0,1
BRDA:135,14,1,4
BRDA:144,15,0,0
BRDA:144,15,1,0
BRDA:145,16,0,0
BRDA:145,16,1,0
BRDA:153,17,0,0
BRDA:153,17,1,0
BRDA:154,18,0,0
BRDA:154,18,1,0
BRDA:159,19,0,0
BRDA:159,19,1,0
BRDA:160,20,0,0
BRDA:160,20,1,0
BRDA:163,21,0,1
BRDA:163,21,1,0
BRDA:163,22,0,1
BRDA:163,22,1,1
BRF:46
BRH:23
end_of_record
TN:
SF:js\tracker.js
FN:12,(anonymous_0)
FN:21,(anonymous_1)
FN:28,addLogEntry
FN:47,(anonymous_3)
FN:57,(anonymous_4)
FN:81,deleteLogEntry
FN:83,(anonymous_6)
FN:92,renderLogTable
FN:102,(anonymous_8)
FN:121,renderTrackerChart
FN:144,(anonymous_10)
FN:146,(anonymous_11)
FN:158,(anonymous_12)
FN:159,(anonymous_13)
FN:160,(anonymous_14)
FN:173,(anonymous_15)
FN:174,(anonymous_16)
FN:176,(anonymous_17)
FN:186,updateStreak
FN:220,(anonymous_19)
FN:221,(anonymous_20)
FN:222,(anonymous_21)
FN:223,(anonymous_22)
FN:224,(anonymous_23)
FN:225,(anonymous_24)
FN:228,checkBadges
FN:229,(anonymous_26)
FN:238,renderBadges
FN:243,(anonymous_28)
FN:256,(anonymous_29)
FNF:30
FNH:19
FNDA:0,(anonymous_0)
FNDA:0,(anonymous_1)
FNDA:3,addLogEntry
FNDA:1,(anonymous_3)
FNDA:0,(anonymous_4)
FNDA:0,deleteLogEntry
FNDA:0,(anonymous_6)
FNDA:3,renderLogTable
FNDA:0,(anonymous_8)
FNDA:3,renderTrackerChart
FNDA:0,(anonymous_10)
FNDA:3,(anonymous_11)
FNDA:3,(anonymous_12)
FNDA:3,(anonymous_13)
FNDA:3,(anonymous_14)
FNDA:0,(anonymous_15)
FNDA:0,(anonymous_16)
FNDA:0,(anonymous_17)
FNDA:5,updateStreak
FNDA:1,(anonymous_19)
FNDA:3,(anonymous_20)
FNDA:3,(anonymous_21)
FNDA:3,(anonymous_22)
FNDA:3,(anonymous_23)
FNDA:3,(anonymous_24)
FNDA:3,checkBadges
FNDA:18,(anonymous_26)
FNDA:3,renderBadges
FNDA:18,(anonymous_28)
FNDA:0,(anonymous_29)
DA:12,1
DA:14,0
DA:15,0
DA:16,0
DA:19,0
DA:20,0
DA:21,0
DA:22,0
DA:23,0
DA:29,3
DA:30,3
DA:31,3
DA:32,3
DA:33,3
DA:35,3
DA:36,0
DA:37,0
DA:40,3
DA:41,3
DA:42,0
DA:43,0
DA:47,3
DA:48,3
DA:49,1
DA:50,1
DA:52,2
DA:53,2
DA:57,3
DA:60,3
DA:63,3
DA:65,3
DA:68,3
DA:69,3
DA:72,3
DA:73,3
DA:74,3
DA:75,3
DA:78,3
DA:82,0
DA:83,0
DA:84,0
DA:85,0
DA:86,0
DA:87,0
DA:88,0
DA:93,3
DA:94,3
DA:96,0
DA:97,0
DA:98,0
DA:101,0
DA:102,0
DA:103,0
DA:117,0
DA:120,1
DA:122,3
DA:123,3
DA:124,3
DA:126,3
DA:127,0
DA:128,0
DA:130,0
DA:132,0
DA:133,0
DA:136,3
DA:137,3
DA:139,0
DA:141,3
DA:144,3
DA:146,3
DA:147,3
DA:148,3
DA:151,3
DA:153,3
DA:158,3
DA:159,3
DA:160,3
DA:173,0
DA:175,0
DA:176,0
DA:177,0
DA:187,5
DA:188,5
DA:190,5
DA:191,5
DA:193,5
DA:194,5
DA:196,5
DA:197,5
DA:199,5
DA:200,3
DA:201,2
DA:203,1
DA:205,1
DA:206,0
DA:210,0
DA:213,5
DA:215,5
DA:216,5
DA:219,1
DA:220,1
DA:221,3
DA:222,3
DA:223,3
DA:224,3
DA:225,3
DA:229,3
DA:230,18
DA:231,1
DA:232,1
DA:235,3
DA:239,3
DA:240,3
DA:242,3
DA:243,3
DA:244,18
DA:245,18
DA:252,3
DA:256,1
DA:257,0
DA:261,1
DA:262,1
LF:122
LH:83
BRDA:16,0,0,0
BRDA:16,0,1,0
BRDA:20,1,0,0
BRDA:20,1,1,0
BRDA:30,2,0,3
BRDA:30,2,1,0
BRDA:31,3,0,3
BRDA:31,3,1,1
BRDA:32,4,0,3
BRDA:32,4,1,1
BRDA:33,5,0,3
BRDA:33,5,1,1
BRDA:35,6,0,0
BRDA:35,6,1,3
BRDA:41,7,0,0
BRDA:41,7,1,3
BRDA:41,8,0,3
BRDA:41,8,1,0
BRDA:48,9,0,1
BRDA:48,9,1,2
BRDA:82,10,0,0
BRDA:82,10,1,0
BRDA:94,11,0,3
BRDA:94,11,1,0
BRDA:96,12,0,0
BRDA:96,12,1,0
BRDA:124,13,0,0
BRDA:124,13,1,3
BRDA:124,14,0,3
BRDA:124,14,1,3
BRDA:126,15,0,0
BRDA:126,15,1,3
BRDA:127,16,0,0
BRDA:127,16,1,0
BRDA:136,17,0,3
BRDA:136,17,1,0
BRDA:151,18,0,2
BRDA:151,18,1,1
BRDA:196,19,0,2
BRDA:196,19,1,3
BRDA:197,20,0,2
BRDA:197,20,1,3
BRDA:199,21,0,3
BRDA:199,21,1,2
BRDA:201,22,0,1
BRDA:201,22,1,1
BRDA:203,23,0,1
BRDA:203,23,1,0
BRDA:203,24,0,1
BRDA:203,24,1,1
BRDA:203,24,2,1
BRDA:206,25,0,0
BRDA:206,25,1,0
BRDA:230,26,0,1
BRDA:230,26,1,17
BRDA:230,27,0,18
BRDA:230,27,1,16
BRDA:240,28,0,0
BRDA:240,28,1,3
BRDA:246,29,0,3
BRDA:246,29,1,15
BRDA:247,30,0,3
BRDA:247,30,1,15
BRDA:261,31,0,1
BRDA:261,31,1,0
BRDA:261,32,0,1
BRDA:261,32,1,1
BRF:67
BRH:44
end_of_record
