TN:
SF:server.js
FN:30,(anonymous_0)
FN:33,(anonymous_1)
FN:40,(anonymous_2)
FN:64,(anonymous_3)
FNF:4
FNH:3
FNDA:1,(anonymous_0)
FNDA:1,(anonymous_1)
FNDA:1,(anonymous_2)
FNDA:0,(anonymous_3)
DA:1,1
DA:2,1
DA:3,1
DA:4,1
DA:5,1
DA:6,1
DA:8,1
DA:11,1
DA:16,1
DA:21,1
DA:25,1
DA:26,1
DA:27,1
DA:30,1
DA:31,1
DA:33,1
DA:34,1
DA:38,1
DA:40,1
DA:41,1
DA:42,1
DA:45,1
DA:46,1
DA:47,1
DA:49,1
DA:51,1
DA:56,0
DA:58,1
DA:62,1
DA:63,1
DA:64,0
DA:66,1
LF:32
LH:30
BRDA:38,0,0,0
BRDA:38,0,1,1
BRDA:46,1,0,1
BRDA:46,1,1,0
BRDA:47,2,0,1
BRDA:47,2,1,0
BRDA:47,3,0,1
BRDA:47,3,1,1
BRDA:47,4,0,1
BRDA:47,4,1,1
BRDA:47,5,0,1
BRDA:47,5,1,1
BRDA:47,6,0,1
BRDA:47,6,1,1
BRDA:62,7,0,1
BRDA:62,7,1,1
BRDA:63,8,0,0
BRDA:63,8,1,1
BRF:18
BRH:14
end_of_record
TN:
SF:js\actions.js
FN:30,renderActions
FN:38,(anonymous_1)
FN:42,(anonymous_2)
FN:73,(anonymous_3)
FN:81,(anonymous_4)
FN:83,(anonymous_5)
FN:93,(anonymous_6)
FN:94,(anonymous_7)
FNF:8
FNH:8
FNDA:4,renderActions
FNDA:12,(anonymous_1)
FNDA:39,(anonymous_2)
FNDA:48,(anonymous_3)
FNDA:1,(anonymous_4)
FNDA:2,(anonymous_5)
FNDA:2,(anonymous_6)
FNDA:2,(anonymous_7)
DA:12,1
DA:31,4
DA:32,4
DA:34,4
DA:36,4
DA:38,12
DA:40,4
DA:42,4
DA:43,39
DA:44,39
DA:46,39
DA:47,39
DA:48,39
DA:49,39
DA:67,39
DA:68,39
DA:72,4
DA:73,4
DA:74,48
DA:77,4
DA:78,4
DA:81,1
DA:83,1
DA:84,2
DA:85,2
DA:87,1
DA:88,1
DA:90,1
DA:93,1
DA:94,2
DA:95,2
DA:97,2
DA:98,2
DA:100,2
DA:101,1
DA:102,1
DA:104,1
DA:107,2
DA:108,2
DA:111,2
DA:112,2
DA:113,2
DA:114,2
DA:116,2
DA:119,1
DA:120,1
LF:46
LH:46
BRDA:30,0,0,0
BRDA:32,1,0,0
BRDA:32,1,1,4
BRDA:36,2,0,3
BRDA:36,2,1,1
BRDA:44,3,0,1
BRDA:44,3,1,38
BRDA:47,4,0,1
BRDA:47,4,1,38
BRDA:60,5,0,1
BRDA:60,5,1,38
BRDA:62,6,0,1
BRDA:62,6,1,38
BRDA:63,7,0,1
BRDA:63,7,1,38
BRDA:74,8,0,1
BRDA:74,8,1,47
BRDA:78,9,0,4
BRDA:78,9,1,0
BRDA:95,10,0,0
BRDA:95,10,1,2
BRDA:100,11,0,1
BRDA:100,11,1,1
BRDA:102,12,0,1
BRDA:102,12,1,0
BRDA:107,13,0,2
BRDA:107,13,1,0
BRDA:108,14,0,2
BRDA:108,14,1,0
BRDA:113,15,0,2
BRDA:113,15,1,0
BRDA:113,16,0,2
BRDA:113,16,1,2
BRDA:113,16,2,2
BRDA:119,17,0,1
BRDA:119,17,1,0
BRDA:119,18,0,1
BRDA:119,18,1,1
BRF:38
BRH:29
end_of_record
TN:
SF:js\analytics.js
FN:4,gtag
FNF:1
FNH:1
FNDA:2,gtag
DA:3,1
DA:4,2
DA:5,1
DA:6,1
LF:4
LH:4
BRDA:3,0,0,1
BRDA:3,0,1,1
BRF:2
BRH:2
end_of_record
TN:
SF:js\app.js
FN:9,(anonymous_0)
FN:22,(anonymous_1)
FN:23,(anonymous_2)
FN:25,(anonymous_3)
FN:45,(anonymous_4)
FN:50,initApp
FN:58,setupNavigation
FN:65,(anonymous_7)
FN:72,navigateToPage
FN:74,(anonymous_9)
FN:80,(anonymous_10)
FN:95,(anonymous_11)
FN:96,(anonymous_12)
FN:97,(anonymous_13)
FN:106,(anonymous_14)
FN:107,(anonymous_15)
FN:122,(anonymous_16)
FN:130,(anonymous_17)
FN:135,(anonymous_18)
FN:141,(anonymous_19)
FN:153,updateDashboardUI
FN:196,renderGauge
FN:225,renderMiniTrend
FN:229,(anonymous_23)
FN:230,(anonymous_24)
FN:234,(anonymous_25)
FN:263,checkStreak
FNF:27
FNH:22
FNDA:2,(anonymous_0)
FNDA:1,(anonymous_1)
FNDA:11,(anonymous_2)
FNDA:0,(anonymous_3)
FNDA:1,(anonymous_4)
FNDA:1,initApp
FNDA:1,setupNavigation
FNDA:1,(anonymous_7)
FNDA:1,navigateToPage
FNDA:2,(anonymous_9)
FNDA:3,(anonymous_10)
FNDA:0,(anonymous_11)
FNDA:0,(anonymous_12)
FNDA:0,(anonymous_13)
FNDA:3,(anonymous_14)
FNDA:1,(anonymous_15)
FNDA:1,(anonymous_16)
FNDA:1,(anonymous_17)
FNDA:0,(anonymous_18)
FNDA:2,(anonymous_19)
FNDA:3,updateDashboardUI
FNDA:3,renderGauge
FNDA:1,renderMiniTrend
FNDA:1,(anonymous_23)
FNDA:2,(anonymous_24)
FNDA:2,(anonymous_25)
FNDA:2,checkStreak
DA:9,1
DA:10,2
DA:12,2
DA:13,2
DA:15,2
DA:16,1
DA:19,2
DA:22,2
DA:23,2
DA:25,11
DA:26,0
DA:27,0
DA:32,2
DA:33,2
DA:34,1
DA:35,1
DA:38,2
DA:45,1
DA:46,1
DA:47,1
DA:52,1
DA:55,1
DA:59,1
DA:60,1
DA:61,1
DA:62,1
DA:65,1
DA:66,1
DA:67,1
DA:68,1
DA:74,1
DA:75,2
DA:76,2
DA:80,3
DA:81,1
DA:82,1
DA:85,1
DA:86,1
DA:87,1
DA:88,1
DA:91,1
DA:92,1
DA:95,1
DA:96,1
DA:97,1
DA:100,1
DA:101,1
DA:106,1
DA:107,3
DA:108,1
DA:109,1
DA:110,1
DA:115,1
DA:116,1
DA:117,0
DA:122,1
DA:123,1
DA:124,1
DA:125,1
DA:130,1
DA:131,1
DA:132,1
DA:133,1
DA:135,1
DA:136,0
DA:141,1
DA:142,2
DA:143,2
DA:144,1
DA:145,1
DA:147,1
DA:148,1
DA:154,3
DA:157,3
DA:158,3
DA:159,3
DA:161,3
DA:162,3
DA:163,3
DA:164,0
DA:165,3
DA:168,3
DA:169,3
DA:170,3
DA:171,3
DA:174,3
DA:175,3
DA:179,3
DA:180,3
DA:181,3
DA:182,3
DA:183,3
DA:184,3
DA:187,3
DA:188,1
DA:189,1
DA:190,1
DA:191,1
DA:197,3
DA:198,3
DA:199,3
DA:201,3
DA:204,3
DA:205,3
DA:206,3
DA:207,3
DA:208,3
DA:209,3
DA:212,3
DA:213,3
DA:214,3
DA:216,3
DA:217,3
DA:218,3
DA:220,3
DA:221,3
DA:222,3
DA:227,1
DA:229,1
DA:230,1
DA:231,2
DA:232,2
DA:234,2
DA:236,1
DA:264,2
DA:265,2
DA:266,2
DA:269,1
DA:270,1
LF:129
LH:124
BRDA:10,0,0,0
BRDA:10,0,1,2
BRDA:15,1,0,1
BRDA:15,1,1,1
BRDA:26,2,0,0
BRDA:26,2,1,0
BRDA:33,3,0,1
BRDA:33,3,1,1
BRDA:35,4,0,1
BRDA:35,4,1,0
BRDA:82,5,0,1
BRDA:82,5,1,0
BRDA:86,6,0,1
BRDA:86,6,1,0
BRDA:95,7,0,1
BRDA:95,7,1,0
BRDA:95,8,0,0
BRDA:95,8,1,0
BRDA:96,9,0,0
BRDA:96,9,1,1
BRDA:96,10,0,0
BRDA:96,10,1,0
BRDA:97,11,0,0
BRDA:97,11,1,1
BRDA:97,12,0,0
BRDA:97,12,1,0
BRDA:116,13,0,0
BRDA:116,13,1,1
BRDA:116,14,0,1
BRDA:116,14,1,0
BRDA:124,15,0,1
BRDA:124,15,1,0
BRDA:130,16,0,0
BRDA:143,17,0,1
BRDA:143,17,1,1
BRDA:159,18,0,3
BRDA:159,18,1,0
BRDA:162,19,0,0
BRDA:162,19,1,3
BRDA:163,20,0,3
BRDA:163,20,1,0
BRDA:174,21,0,3
BRDA:174,21,1,0
BRDA:187,22,0,1
BRDA:187,22,1,2
BRDA:187,23,0,3
BRDA:187,23,1,1
BRDA:217,24,0,3
BRDA:217,24,1,0
BRDA:217,25,0,3
BRDA:217,25,1,3
BRDA:218,26,0,0
BRDA:218,26,1,3
BRDA:227,27,0,0
BRDA:227,27,1,1
BRDA:266,28,0,2
BRDA:266,28,1,0
BRDA:269,29,0,1
BRDA:269,29,1,0
BRDA:269,30,0,1
BRDA:269,30,1,1
BRF:61
BRH:33
end_of_record
TN:
SF:js\assistant.js
FN:12,(anonymous_0)
FN:15,(anonymous_1)
FN:23,generateBotResponse
FN:77,handleUserMessage
FN:90,(anonymous_4)
FN:116,(anonymous_5)
FN:126,addChatMessage
FN:142,showTypingIndicator
FN:163,removeTypingIndicator
FN:171,(anonymous_9)
FN:175,(anonymous_10)
FN:179,(anonymous_11)
FN:183,(anonymous_12)
FN:187,(anonymous_13)
FN:192,(anonymous_14)
FNF:15
FNH:11
FNDA:1,(anonymous_0)
FNDA:1,(anonymous_1)
FNDA:11,generateBotResponse
FNDA:4,handleUserMessage
FNDA:2,(anonymous_4)
FNDA:1,(anonymous_5)
FNDA:7,addChatMessage
FNDA:6,showTypingIndicator
FNDA:3,removeTypingIndicator
FNDA:1,(anonymous_9)
FNDA:0,(anonymous_10)
FNDA:0,(anonymous_11)
FNDA:0,(anonymous_12)
FNDA:0,(anonymous_13)
FNDA:2,(anonymous_14)
DA:12,1
DA:13,1
DA:14,1
DA:15,1
DA:16,1
DA:17,1
DA:24,11
DA:25,11
DA:28,11
DA:29,5
DA:32,4
DA:33,4
DA:34,4
DA:35,4
DA:36,4
DA:38,4
DA:40,4
DA:41,3
DA:42,2
DA:43,1
DA:45,4
DA:49,6
DA:50,1
DA:51,0
DA:55,5
DA:56,1
DA:60,4
DA:61,1
DA:65,3
DA:66,0
DA:70,3
DA:71,3
DA:72,0
DA:74,3
DA:78,4
DA:79,4
DA:80,4
DA:83,4
DA:84,4
DA:87,4
DA:90,4
DA:91,2
DA:92,2
DA:101,1
DA:103,1
DA:104,1
DA:105,1
DA:108,1
DA:109,1
DA:110,1
DA:111,1
DA:116,1
DA:117,1
DA:118,1
DA:119,1
DA:120,1
DA:122,1
DA:123,1
DA:127,7
DA:128,7
DA:130,7
DA:131,7
DA:133,7
DA:138,7
DA:139,7
DA:143,6
DA:144,6
DA:146,6
DA:147,6
DA:148,6
DA:150,6
DA:156,6
DA:158,6
DA:159,6
DA:160,6
DA:164,3
DA:165,3
DA:169,1
DA:171,1
DA:175,0
DA:179,0
DA:183,0
DA:187,0
DA:192,1
DA:193,2
DA:194,2
DA:196,2
DA:197,1
DA:198,1
DA:199,1
DA:202,1
DA:203,1
DA:205,1
DA:206,0
DA:208,1
DA:209,1
DA:211,1
DA:215,1
DA:216,1
LF:99
LH:91
BRDA:14,0,0,1
BRDA:14,0,1,0
BRDA:28,1,0,5
BRDA:28,1,1,6
BRDA:28,2,0,11
BRDA:28,2,1,6
BRDA:28,2,2,6
BRDA:29,3,0,1
BRDA:29,3,1,4
BRDA:34,4,0,1
BRDA:34,4,1,3
BRDA:35,5,0,1
BRDA:35,5,1,3
BRDA:36,6,0,1
BRDA:36,6,1,3
BRDA:40,7,0,1
BRDA:40,7,1,3
BRDA:41,8,0,1
BRDA:41,8,1,2
BRDA:42,9,0,1
BRDA:42,9,1,1
BRDA:49,10,0,1
BRDA:49,10,1,5
BRDA:49,11,0,6
BRDA:49,11,1,6
BRDA:49,11,2,6
BRDA:49,11,3,6
BRDA:49,11,4,6
BRDA:49,11,5,6
BRDA:50,12,0,1
BRDA:50,12,1,0
BRDA:50,13,0,1
BRDA:50,13,1,1
BRDA:55,14,0,1
BRDA:55,14,1,4
BRDA:55,15,0,5
BRDA:55,15,1,4
BRDA:55,15,2,4
BRDA:55,15,3,4
BRDA:60,16,0,1
BRDA:60,16,1,3
BRDA:60,17,0,4
BRDA:60,17,1,3
BRDA:60,17,2,3
BRDA:60,17,3,3
BRDA:60,17,4,3
BRDA:65,18,0,0
BRDA:65,18,1,3
BRDA:65,19,0,3
BRDA:65,19,1,3
BRDA:71,20,0,0
BRDA:71,20,1,3
BRDA:71,21,0,3
BRDA:71,21,1,3
BRDA:80,22,0,0
BRDA:80,22,1,4
BRDA:97,23,0,2
BRDA:97,23,1,0
BRDA:101,24,0,0
BRDA:101,24,1,1
BRDA:131,25,0,5
BRDA:131,25,1,2
BRDA:134,26,0,5
BRDA:134,26,1,2
BRDA:135,27,0,5
BRDA:135,27,1,2
BRDA:165,28,0,3
BRDA:165,28,1,0
BRDA:175,29,0,0
BRDA:175,29,1,0
BRDA:183,30,0,0
BRDA:183,30,1,0
BRDA:183,31,0,0
BRDA:183,31,1,0
BRDA:187,32,0,0
BRDA:187,32,1,0
BRDA:196,33,0,1
BRDA:196,33,1,1
BRDA:205,34,0,0
BRDA:205,34,1,1
BRDA:215,35,0,1
BRDA:215,35,1,0
BRDA:215,36,0,1
BRDA:215,36,1,1
BRF:84
BRH:66
end_of_record
TN:
SF:js\calculator.js
FN:13,(anonymous_0)
FN:15,(anonymous_1)
FN:16,(anonymous_2)
FN:28,updateRealtimeCalc
FN:80,nextCalcStep
FN:82,(anonymous_5)
FN:93,calculateTotal
FN:96,(anonymous_7)
FN:135,(anonymous_8)
FN:145,renderResultChart
FN:167,(anonymous_10)
FN:177,saveAndGoToDashboard
FNF:12
FNH:11
FNDA:1,(anonymous_0)
FNDA:14,(anonymous_1)
FNDA:1,(anonymous_2)
FNDA:4,updateRealtimeCalc
FNDA:1,nextCalcStep
FNDA:5,(anonymous_5)
FNDA:1,calculateTotal
FNDA:1,(anonymous_7)
FNDA:5,(anonymous_8)
FNDA:1,renderResultChart
FNDA:0,(anonymous_10)
FNDA:1,saveAndGoToDashboard
DA:13,1
DA:14,1
DA:15,1
DA:16,14
DA:18,1
DA:19,1
DA:21,1
DA:25,1
DA:29,4
DA:32,4
DA:33,4
DA:34,4
DA:35,4
DA:37,4
DA:42,4
DA:45,4
DA:46,4
DA:47,4
DA:49,4
DA:53,4
DA:56,4
DA:57,4
DA:58,4
DA:59,4
DA:61,4
DA:62,4
DA:64,4
DA:67,4
DA:68,4
DA:69,4
DA:71,4
DA:75,4
DA:77,4
DA:82,5
DA:84,1
DA:87,1
DA:88,1
DA:89,1
DA:90,1
DA:94,1
DA:96,1
DA:97,1
DA:98,1
DA:101,1
DA:108,1
DA:109,1
DA:112,1
DA:114,1
DA:115,1
DA:116,1
DA:117,1
DA:118,1
DA:121,1
DA:127,1
DA:130,1
DA:132,1
DA:135,5
DA:136,1
DA:137,1
DA:138,1
DA:140,1
DA:144,1
DA:146,1
DA:147,1
DA:149,1
DA:168,0
DA:178,1
DA:179,1
DA:180,1
DA:184,1
DA:185,1
LF:71
LH:70
BRDA:18,0,0,1
BRDA:18,0,1,0
BRDA:37,1,0,4
BRDA:37,1,1,0
BRDA:38,2,0,4
BRDA:38,2,1,0
BRDA:39,3,0,4
BRDA:39,3,1,0
BRDA:40,4,0,4
BRDA:40,4,1,0
BRDA:49,5,0,4
BRDA:49,5,1,0
BRDA:50,6,0,4
BRDA:50,6,1,0
BRDA:51,7,0,4
BRDA:51,7,1,4
BRDA:61,8,0,4
BRDA:61,8,1,0
BRDA:62,9,0,4
BRDA:62,9,1,0
BRDA:62,10,0,4
BRDA:62,10,1,0
BRDA:62,11,0,4
BRDA:62,11,1,0
BRDA:71,12,0,4
BRDA:71,12,1,0
BRDA:72,13,0,4
BRDA:72,13,1,0
BRDA:73,14,0,4
BRDA:73,14,1,0
BRDA:115,15,0,0
BRDA:115,15,1,1
BRDA:116,16,0,0
BRDA:116,16,1,1
BRDA:147,17,0,0
BRDA:147,17,1,1
BRDA:184,18,0,1
BRDA:184,18,1,0
BRDA:184,19,0,1
BRDA:184,19,1,1
BRF:40
BRH:22
end_of_record
TN:
SF:js\data.js
FN:59,saveState
FN:68,loadState
FN:81,sanitizeInput
FN:89,formatNum
FNF:4
FNH:4
FNDA:2,saveState
FNDA:3,loadState
FNDA:4,sanitizeInput
FNDA:3,formatNum
DA:13,1
DA:39,1
DA:56,1
DA:60,2
DA:61,2
DA:63,1
DA:69,3
DA:70,3
DA:71,3
DA:72,2
DA:75,1
DA:77,2
DA:82,4
DA:83,4
DA:84,4
DA:85,4
DA:90,3
DA:91,3
DA:95,1
DA:96,1
LF:20
LH:20
BRDA:71,0,0,2
BRDA:71,0,1,1
BRDA:82,1,0,0
BRDA:82,1,1,4
BRDA:89,2,0,2
BRDA:91,3,0,0
BRDA:91,3,1,3
BRDA:95,4,0,1
BRDA:95,4,1,0
BRDA:95,5,0,1
BRDA:95,5,1,1
BRF:11
BRH:8
end_of_record
TN:
SF:js\events.js
FN:9,(anonymous_0)
FN:11,(anonymous_1)
FN:12,(anonymous_2)
FN:20,(anonymous_3)
FN:21,(anonymous_4)
FN:40,(anonymous_5)
FN:41,(anonymous_6)
FN:48,(anonymous_7)
FN:49,(anonymous_8)
FN:56,(anonymous_9)
FN:57,(anonymous_10)
FN:64,(anonymous_11)
FN:65,(anonymous_12)
FN:72,(anonymous_13)
FN:82,(anonymous_14)
FN:92,(anonymous_15)
FNF:16
FNH:16
FNDA:1,(anonymous_0)
FNDA:1,(anonymous_1)
FNDA:1,(anonymous_2)
FNDA:1,(anonymous_3)
FNDA:1,(anonymous_4)
FNDA:1,(anonymous_5)
FNDA:1,(anonymous_6)
FNDA:1,(anonymous_7)
FNDA:1,(anonymous_8)
FNDA:1,(anonymous_9)
FNDA:1,(anonymous_10)
FNDA:1,(anonymous_11)
FNDA:1,(anonymous_12)
FNDA:11,(anonymous_13)
FNDA:11,(anonymous_14)
FNDA:11,(anonymous_15)
DA:9,1
DA:11,1
DA:12,1
DA:14,1
DA:15,1
DA:20,1
DA:21,1
DA:22,1
DA:23,1
DA:28,1
DA:29,1
DA:30,1
DA:34,1
DA:35,1
DA:36,1
DA:40,1
DA:41,1
DA:42,1
DA:43,1
DA:48,1
DA:49,1
DA:50,1
DA:51,1
DA:56,1
DA:57,1
DA:58,1
DA:59,1
DA:64,1
DA:65,1
DA:66,1
DA:67,1
DA:72,1
DA:73,11
DA:74,11
DA:75,1
DA:76,1
DA:82,1
DA:83,11
DA:84,11
DA:85,1
DA:86,1
DA:92,1
DA:93,11
DA:94,11
DA:95,1
DA:96,1
LF:46
LH:46
BRDA:15,0,0,1
BRDA:15,0,1,0
BRDA:23,1,0,1
BRDA:23,1,1,0
BRDA:29,2,0,1
BRDA:29,2,1,0
BRDA:35,3,0,1
BRDA:35,3,1,0
BRDA:43,4,0,1
BRDA:43,4,1,0
BRDA:51,5,0,1
BRDA:51,5,1,0
BRDA:59,6,0,1
BRDA:59,6,1,0
BRDA:67,7,0,1
BRDA:67,7,1,0
BRDA:74,8,0,1
BRDA:74,8,1,10
BRDA:75,9,0,1
BRDA:75,9,1,0
BRDA:84,10,0,1
BRDA:84,10,1,10
BRDA:85,11,0,1
BRDA:85,11,1,0
BRDA:94,12,0,1
BRDA:94,12,1,10
BRDA:95,13,0,1
BRDA:95,13,1,0
BRF:28
BRH:17
end_of_record
TN:
SF:js\firebase-init.js
FN:14,(anonymous_0)
FN:16,(anonymous_1)
FN:18,(anonymous_2)
FN:19,(anonymous_3)
FNF:4
FNH:1
FNDA:0,(anonymous_0)
FNDA:0,(anonymous_1)
FNDA:0,(anonymous_2)
FNDA:1,(anonymous_3)
DA:2,1
DA:12,1
DA:14,1
DA:15,0
DA:16,0
DA:17,0
DA:25,1
DA:26,1
LF:8
LH:5
BRDA:25,0,0,1
BRDA:25,0,1,0
BRF:2
BRH:1
end_of_record
TN:
SF:js\insights.js
FN:22,renderInsights
FN:29,renderMonthlySummary
FN:35,(anonymous_2)
FN:46,(anonymous_3)
FN:75,renderImpactEquivalents
FN:91,renderRecommendations
FN:118,renderFacts
FN:126,(anonymous_7)
FN:142,(anonymous_8)
FN:149,(anonymous_9)
FNF:10
FNH:10
FNDA:1,renderInsights
FNDA:3,renderMonthlySummary
FNDA:1,(anonymous_2)
FNDA:1,(anonymous_3)
FNDA:2,renderImpactEquivalents
FNDA:2,renderRecommendations
FNDA:2,renderFacts
FNDA:10,(anonymous_7)
FNDA:2,(anonymous_8)
FNDA:2,(anonymous_9)
DA:12,1
DA:20,1
DA:23,1
DA:24,1
DA:25,1
DA:26,1
DA:30,3
DA:31,3
DA:34,1
DA:35,1
DA:36,1
DA:37,1
DA:40,1
DA:41,0
DA:42,0
DA:45,1
DA:46,1
DA:47,1
DA:48,1
DA:49,1
DA:50,1
DA:53,1
DA:77,2
DA:85,2
DA:86,2
DA:87,2
DA:88,2
DA:92,2
DA:93,2
DA:95,2
DA:97,2
DA:98,2
DA:101,2
DA:102,2
DA:104,2
DA:105,2
DA:107,2
DA:108,2
DA:111,2
DA:112,0
DA:115,2
DA:119,2
DA:120,2
DA:121,2
DA:123,2
DA:124,2
DA:126,2
DA:127,10
DA:135,10
DA:138,2
DA:139,2
DA:142,1
DA:143,2
DA:144,2
DA:145,2
DA:146,2
DA:149,1
DA:151,2
DA:152,2
DA:153,2
DA:154,2
DA:157,2
DA:158,2
DA:159,2
DA:160,2
DA:163,1
DA:164,1
LF:67
LH:64
BRDA:31,0,0,2
BRDA:31,0,1,1
BRDA:31,1,0,3
BRDA:31,1,1,3
BRDA:37,2,0,1
BRDA:37,2,1,1
BRDA:40,3,0,0
BRDA:40,3,1,1
BRDA:77,4,0,2
BRDA:77,4,1,0
BRDA:93,5,0,0
BRDA:93,5,1,2
BRDA:95,6,0,0
BRDA:95,6,1,2
BRDA:101,7,0,2
BRDA:101,7,1,0
BRDA:104,8,0,2
BRDA:104,8,1,0
BRDA:107,9,0,2
BRDA:107,9,1,0
BRDA:111,10,0,0
BRDA:111,10,1,2
BRDA:121,11,0,0
BRDA:121,11,1,2
BRDA:121,12,0,2
BRDA:121,12,1,2
BRDA:128,13,0,2
BRDA:128,13,1,8
BRDA:135,14,0,2
BRDA:135,14,1,8
BRDA:144,15,0,0
BRDA:144,15,1,2
BRDA:145,16,0,0
BRDA:145,16,1,2
BRDA:153,17,0,2
BRDA:153,17,1,0
BRDA:154,18,0,2
BRDA:154,18,1,0
BRDA:159,19,0,2
BRDA:159,19,1,0
BRDA:160,20,0,2
BRDA:160,20,1,0
BRDA:163,21,0,1
BRDA:163,21,1,0
BRDA:163,22,0,1
BRDA:163,22,1,1
BRF:46
BRH:30
end_of_record
TN:
SF:js\tracker.js
FN:12,(anonymous_0)
FN:21,(anonymous_1)
FN:28,addLogEntry
FN:47,(anonymous_3)
FN:57,(anonymous_4)
FN:81,deleteLogEntry
FN:83,(anonymous_6)
FN:92,renderLogTable
FN:102,(anonymous_8)
FN:121,renderTrackerChart
FN:144,(anonymous_10)
FN:146,(anonymous_11)
FN:158,(anonymous_12)
FN:159,(anonymous_13)
FN:160,(anonymous_14)
FN:173,(anonymous_15)
FN:174,(anonymous_16)
FN:176,(anonymous_17)
FN:186,updateStreak
FN:220,(anonymous_19)
FN:221,(anonymous_20)
FN:222,(anonymous_21)
FN:223,(anonymous_22)
FN:224,(anonymous_23)
FN:225,(anonymous_24)
FN:228,checkBadges
FN:229,(anonymous_26)
FN:238,renderBadges
FN:243,(anonymous_28)
FN:256,(anonymous_29)
FNF:30
FNH:25
FNDA:1,(anonymous_0)
FNDA:1,(anonymous_1)
FNDA:9,addLogEntry
FNDA:1,(anonymous_3)
FNDA:0,(anonymous_4)
FNDA:2,deleteLogEntry
FNDA:1,(anonymous_6)
FNDA:11,renderLogTable
FNDA:3,(anonymous_8)
FNDA:10,renderTrackerChart
FNDA:0,(anonymous_10)
FNDA:8,(anonymous_11)
FNDA:8,(anonymous_12)
FNDA:8,(anonymous_13)
FNDA:8,(anonymous_14)
FNDA:0,(anonymous_15)
FNDA:0,(anonymous_16)
FNDA:0,(anonymous_17)
FNDA:9,updateStreak
FNDA:1,(anonymous_19)
FNDA:7,(anonymous_20)
FNDA:7,(anonymous_21)
FNDA:7,(anonymous_22)
FNDA:7,(anonymous_23)
FNDA:7,(anonymous_24)
FNDA:7,checkBadges
FNDA:42,(anonymous_26)
FNDA:7,renderBadges
FNDA:42,(anonymous_28)
FNDA:1,(anonymous_29)
DA:12,1
DA:14,1
DA:15,1
DA:16,1
DA:19,1
DA:20,1
DA:21,1
DA:22,1
DA:23,1
DA:29,9
DA:30,9
DA:31,9
DA:32,9
DA:33,9
DA:35,9
DA:36,1
DA:37,1
DA:40,8
DA:41,8
DA:42,1
DA:43,1
DA:47,7
DA:48,7
DA:49,1
DA:50,1
DA:52,6
DA:53,6
DA:57,7
DA:60,7
DA:63,7
DA:65,7
DA:68,7
DA:69,7
DA:72,7
DA:73,7
DA:74,7
DA:75,7
DA:78,7
DA:82,2
DA:83,1
DA:84,1
DA:85,1
DA:86,1
DA:87,1
DA:88,1
DA:93,11
DA:94,11
DA:96,5
DA:97,2
DA:98,2
DA:101,3
DA:102,3
DA:103,3
DA:117,3
DA:120,1
DA:122,10
DA:123,10
DA:124,10
DA:126,10
DA:127,2
DA:128,2
DA:130,0
DA:132,2
DA:133,2
DA:136,8
DA:137,8
DA:139,0
DA:141,8
DA:144,8
DA:146,8
DA:147,8
DA:148,8
DA:151,8
DA:153,8
DA:158,8
DA:159,8
DA:160,8
DA:173,0
DA:175,0
DA:176,0
DA:177,0
DA:187,9
DA:188,9
DA:190,9
DA:191,9
DA:193,9
DA:194,9
DA:196,9
DA:197,9
DA:199,9
DA:200,7
DA:201,2
DA:203,1
DA:205,1
DA:206,0
DA:210,0
DA:213,9
DA:215,9
DA:216,9
DA:219,1
DA:220,1
DA:221,7
DA:222,7
DA:223,7
DA:224,7
DA:225,7
DA:229,7
DA:230,42
DA:231,1
DA:232,1
DA:235,7
DA:239,7
DA:240,7
DA:242,7
DA:243,7
DA:244,42
DA:245,42
DA:252,7
DA:256,1
DA:257,1
DA:261,1
DA:262,1
LF:122
LH:114
BRDA:16,0,0,1
BRDA:16,0,1,0
BRDA:20,1,0,1
BRDA:20,1,1,0
BRDA:30,2,0,9
BRDA:30,2,1,1
BRDA:31,3,0,9
BRDA:31,3,1,2
BRDA:32,4,0,9
BRDA:32,4,1,2
BRDA:33,5,0,9
BRDA:33,5,1,2
BRDA:35,6,0,1
BRDA:35,6,1,8
BRDA:41,7,0,1
BRDA:41,7,1,7
BRDA:41,8,0,8
BRDA:41,8,1,1
BRDA:48,9,0,1
BRDA:48,9,1,6
BRDA:82,10,0,1
BRDA:82,10,1,1
BRDA:94,11,0,6
BRDA:94,11,1,5
BRDA:96,12,0,2
BRDA:96,12,1,3
BRDA:124,13,0,0
BRDA:124,13,1,10
BRDA:124,14,0,10
BRDA:124,14,1,10
BRDA:126,15,0,2
BRDA:126,15,1,8
BRDA:127,16,0,2
BRDA:127,16,1,0
BRDA:136,17,0,8
BRDA:136,17,1,0
BRDA:151,18,0,7
BRDA:151,18,1,1
BRDA:196,19,0,2
BRDA:196,19,1,7
BRDA:197,20,0,2
BRDA:197,20,1,7
BRDA:199,21,0,7
BRDA:199,21,1,2
BRDA:201,22,0,1
BRDA:201,22,1,1
BRDA:203,23,0,1
BRDA:203,23,1,0
BRDA:203,24,0,1
BRDA:203,24,1,1
BRDA:203,24,2,1
BRDA:206,25,0,0
BRDA:206,25,1,0
BRDA:230,26,0,1
BRDA:230,26,1,41
BRDA:230,27,0,42
BRDA:230,27,1,36
BRDA:240,28,0,0
BRDA:240,28,1,7
BRDA:246,29,0,7
BRDA:246,29,1,35
BRDA:247,30,0,7
BRDA:247,30,1,35
BRDA:261,31,0,1
BRDA:261,31,1,0
BRDA:261,32,0,1
BRDA:261,32,1,1
BRF:67
BRH:57
end_of_record
